[2025-03-31 11:23:54] info: 	z2m: Logging to console, file (filename: log.log)
[2025-03-31 11:23:55] info: 	z2m: Starting Zigbee2MQTT version 1.41.0 (commit #cc31cea)
[2025-03-31 11:23:55] info: 	z2m: Starting zigbee-herdsman (2.1.7)
[2025-03-31 11:23:56] info: 	zh:zstack:znp: Opening SerialPort with {"path":"/dev/ttyUSB0","baudRate":115200,"rtscts":false,"autoOpen":false}
[2025-03-31 11:23:56] info: 	zh:zstack:znp: Serialport opened
[2025-03-31 11:23:56] info: 	z2m: zigbee-herdsman started (resumed)
[2025-03-31 11:23:56] info: 	z2m: Coordinator firmware version: '{"meta":{"maintrel":1,"majorrel":2,"minorrel":7,"product":1,"revision":20220219,"transportrev":2},"type":"zStack3x0"}'
[2025-03-31 11:23:56] info: 	z2m: Currently 0 devices are joined.
[2025-03-31 11:23:56] info: 	z2m: Zigbee: disabling joining new devices.
[2025-03-31 11:23:56] info: 	z2m: Connecting to MQTT server at mqtt://mosquitto
[2025-03-31 11:23:56] info: 	z2m: Connected to MQTT server
[2025-03-31 11:23:56] info: 	z2m:mqtt: MQTT publish: topic 'zigbee2mqtt/bridge/state', payload 'online'
[2025-03-31 11:23:56] error: 	z2m: Failed to call 'Bridge' 'start' (TypeError: Cannot read properties of undefined (reading 'getDevice')
    at Bridge.publishInfo (/app/lib/extension/bridge.ts:746:69)
    at Bridge.start (/app/lib/extension/bridge.ts:174:20)
    at Controller.callExtensions (/app/lib/controller.ts:399:17)
    at Controller.start (/app/lib/controller.ts:218:9)
    at start (/app/index.js:154:5))
[2025-03-31 11:23:56] info: 	z2m: Started frontend on port 8080
[2025-03-31 11:23:56] info: 	z2m:mqtt: MQTT publish: topic 'zigbee2mqtt/bridge/config', payload '{"commit":"cc31cea","coordinator":{"meta":{"maintrel":1,"majorrel":2,"minorrel":7,"product":1,"revision":20220219,"transportrev":2},"type":"zStack3x0"},"log_level":"info","network":{"channel":11,"extendedPanID":"0x00124b002f8b4661","panID":6754},"permit_join":false,"version":"1.41.0"}'
[2025-03-31 11:23:57] error: 	z2m: Failed to call 'HomeAssistant' 'start' (TypeError: Cannot read properties of undefined (reading 'deviceIeeeAddress')
    at HomeAssistant.getBridgeEntity (/app/lib/extension/homeassistant.ts:2021:78)
    at HomeAssistant.start (/app/lib/extension/homeassistant.ts:481:28)
    at Controller.callExtensions (/app/lib/controller.ts:399:17)
    at Controller.start (/app/lib/controller.ts:218:9)
    at start (/app/index.js:154:5))
[2025-03-31 11:23:57] info: 	z2m: Zigbee2MQTT started!
[2025-03-31 11:24:09] info: 	z2m:mqtt: MQTT publish: topic 'zigbee2mqtt/bridge/state', payload 'offline'
[2025-03-31 11:24:09] info: 	z2m: Disconnecting from MQTT server
[2025-03-31 11:24:09] info: 	z2m: Stopping zigbee-herdsman...
[2025-03-31 11:24:09] error: 	z2m: MQTT error: read ECONNRESET
[2025-03-31 11:24:18] info: 	zh:controller: Wrote coordinator backup to '/app/data/coordinator_backup.json'
[2025-03-31 11:24:18] info: 	zh:zstack:znp: closing
[2025-03-31 11:24:18] info: 	zh:zstack:znp: Port closed
[2025-03-31 11:24:18] info: 	z2m: Stopped zigbee-herdsman
[2025-03-31 11:24:18] info: 	z2m: Stopped Zigbee2MQTT
