[2025-03-31 10:46:04] info: 	z2m: Logging to console, file (filename: log.log)
[2025-03-31 10:46:04] info: 	z2m: Starting Zigbee2MQTT version 1.41.0 (commit #cc31cea)
[2025-03-31 10:46:04] info: 	z2m: Starting zigbee-herdsman (2.1.7)
[2025-03-31 10:46:06] info: 	zh:zstack:znp: Opening SerialPort with {"path":"/dev/ttyUSB0","baudRate":115200,"rtscts":false,"autoOpen":false}
[2025-03-31 10:46:06] info: 	zh:zstack:znp: Serialport opened
[2025-03-31 10:46:09] info: 	z2m: zigbee-herdsman started (resumed)
[2025-03-31 10:46:09] info: 	z2m: Coordinator firmware version: '{"meta":{"maintrel":1,"majorrel":2,"minorrel":7,"product":1,"revision":20220219,"transportrev":2},"type":"zStack3x0"}'
[2025-03-31 10:46:09] info: 	z2m: FMS201 (0x32d004602bd5b370): LSPA9 - Elivco Smart plug (with power monitoring) (Router)
[2025-03-31 10:46:09] info: 	z2m: Currently 1 devices are joined.
[2025-03-31 10:46:09] warning: 	z2m: `permit_join` set to  `true` in configuration.yaml.
[2025-03-31 10:46:09] warning: 	z2m: Allowing new devices to join.
[2025-03-31 10:46:09] warning: 	z2m: Set `permit_join` to `false` once you joined all devices.
[2025-03-31 10:46:09] info: 	z2m: Zigbee: allowing new devices to join.
[2025-03-31 10:46:09] info: 	z2m: Connecting to MQTT server at mqtt://mosquitto
[2025-03-31 10:46:09] info: 	z2m: Connected to MQTT server
[2025-03-31 10:46:09] info: 	z2m:mqtt: MQTT publish: topic 'zigbee2mqtt/bridge/state', payload '{"state":"online"}'
[2025-03-31 10:46:09] info: 	z2m: Started frontend on port 8080
[2025-03-31 10:46:09] info: 	z2m:mqtt: MQTT publish: topic 'zigbee2mqtt/bridge/state', payload '{"state":"online"}'
[2025-03-31 10:46:09] info: 	z2m:mqtt: MQTT publish: topic 'zigbee2mqtt/FMS201', payload '{"child_lock":"UNLOCK","countdown":0,"current":0,"energy":0,"indicator_mode":"off/on","linkquality":null,"power":0,"power_outage_memory":"restore","state":"OFF","update":{"installed_version":-1,"latest_version":-1,"state":null},"update_available":null,"voltage":229}'
[2025-03-31 10:46:09] info: 	z2m: Zigbee2MQTT started!
[2025-03-31 10:46:14] info: 	z2m:mqtt: MQTT publish: topic 'homeassistant/binary_sensor/1221051039810110150109113116116_0x00124b002f8b4661/connection_state/config', payload '{"device":{"hw_version":"zStack3x0 20220219","identifiers":["zigbee2mqtt_bridge_0x00124b002f8b4661"],"manufacturer":"Zigbee2MQTT","model":"Bridge","name":"Zigbee2MQTT Bridge","sw_version":"1.41.0"},"device_class":"connectivity","entity_category":"diagnostic","name":"Connection state","object_id":"zigbee2mqtt_bridge_connection_state","origin":{"name":"Zigbee2MQTT","sw":"1.41.0","url":"https://www.zigbee2mqtt.io"},"payload_off":"offline","payload_on":"online","state_topic":"zigbee2mqtt/bridge/state","unique_id":"bridge_0x00124b002f8b4661_connection_state_zigbee2mqtt","value_template":"{{ value_json.state }}"}'
[2025-03-31 10:46:29] error: 	zh:zstack:znp: Error while parsing to ZpiObject 'TypeError: Cannot read properties of undefined (reading 'name')'
[2025-03-31 10:46:50] error: 	zh:zstack:znp: Error while parsing to ZpiObject 'TypeError: Cannot read properties of undefined (reading 'name')'
[2025-03-31 10:47:55] error: 	zh:zstack:znp: Error while parsing to ZpiObject 'TypeError: Cannot read properties of undefined (reading 'name')'
[2025-03-31 10:48:55] error: 	zh:zstack:znp: Error while parsing to ZpiObject 'TypeError: Cannot read properties of undefined (reading 'name')'
[2025-03-31 10:49:29] error: 	zh:controller: Failed to keep permit join alive: Error: --> 'SREQ: ZDO - PERMIT_JOINING_REQUEST - 0ffcfffe01' failed with status '(0xc2: NWK_INVALID_REQUEST)'
[2025-03-31 10:52:10] error: 	zh:zstack:znp: Error while parsing to ZpiObject 'TypeError: Cannot read properties of undefined (reading 'name')'
[2025-03-31 10:52:49] error: 	zh:controller: Failed to keep permit join alive: Error: --> 'SREQ: ZDO - PERMIT_JOINING_REQUEST - 0ffcfffe01' failed with status '(0xc2: NWK_INVALID_REQUEST)'
[2025-03-31 10:53:51] error: 	zh:zstack:znp: Error while parsing to ZpiObject 'TypeError: Cannot read properties of undefined (reading 'name')'
[2025-03-31 10:55:33] error: 	zh:zstack:znp: Error while parsing to ZpiObject 'TypeError: Cannot read properties of undefined (reading 'name')'
[2025-03-31 10:56:09] error: 	zh:controller: Failed to keep permit join alive: Error: --> 'SREQ: ZDO - PERMIT_JOINING_REQUEST - 0ffcfffe01' failed with status '(0xc2: NWK_INVALID_REQUEST)'
[2025-03-31 10:59:29] error: 	zh:controller: Failed to keep permit join alive: Error: --> 'SREQ: ZDO - PERMIT_JOINING_REQUEST - 0ffcfffe01' failed with status '(0xc2: NWK_INVALID_REQUEST)'
[2025-03-31 11:02:49] error: 	zh:controller: Failed to keep permit join alive: Error: --> 'SREQ: ZDO - PERMIT_JOINING_REQUEST - 0ffcfffe01' failed with status '(0xc2: NWK_INVALID_REQUEST)'
[2025-03-31 11:06:09] error: 	zh:controller: Failed to keep permit join alive: Error: --> 'SREQ: ZDO - PERMIT_JOINING_REQUEST - 0ffcfffe01' failed with status '(0xc2: NWK_INVALID_REQUEST)'
[2025-03-31 11:06:24] error: 	zh:zstack:znp: Error while parsing to ZpiObject 'TypeError: Cannot read properties of undefined (reading 'name')'
[2025-03-31 11:08:08] error: 	zh:zstack:znp: Error while parsing to ZpiObject 'TypeError: Cannot read properties of undefined (reading 'name')'
[2025-03-31 11:09:29] error: 	zh:controller: Failed to keep permit join alive: Error: --> 'SREQ: ZDO - PERMIT_JOINING_REQUEST - 0ffcfffe01' failed with status '(0xc2: NWK_INVALID_REQUEST)'
[2025-03-31 11:10:09] error: 	z2m: Publish 'set' 'state' to 'FMS201' failed: 'Error: ZCL command 0x32d004602bd5b370/1 genOnOff.on({}, {"timeout":10000,"disableResponse":false,"disableRecovery":false,"disableDefaultResponse":false,"direction":0,"reservedBits":0,"writeUndiv":false}) failed (--> 'SREQ: AF - dataRequest - {"dstaddr":9675,"destendpoint":1,"srcendpoint":1,"clusterid":6,"transid":2,"options":0,"radius":30,"len":3,"data":{"type":"Buffer","data":[1,3,1]}}' failed with status '(0x02: INVALID_PARAM)' (expected '(0x00: SUCCESS)'))'
[2025-03-31 11:10:14] error: 	z2m: Publish 'set' 'state' to 'FMS201' failed: 'Error: ZCL command 0x32d004602bd5b370/1 genOnOff.off({}, {"timeout":10000,"disableResponse":false,"disableRecovery":false,"disableDefaultResponse":false,"direction":0,"reservedBits":0,"writeUndiv":false}) failed (--> 'SREQ: AF - dataRequest - {"dstaddr":9675,"destendpoint":1,"srcendpoint":1,"clusterid":6,"transid":3,"options":0,"radius":30,"len":3,"data":{"type":"Buffer","data":[1,4,0]}}' failed with status '(0x02: INVALID_PARAM)' (expected '(0x00: SUCCESS)'))'
[2025-03-31 11:10:43] error: 	z2m: Publish 'set' 'state' to 'FMS201' failed: 'Error: ZCL command 0x32d004602bd5b370/1 genOnOff.on({}, {"timeout":10000,"disableResponse":false,"disableRecovery":false,"disableDefaultResponse":false,"direction":0,"reservedBits":0,"writeUndiv":false}) failed (--> 'SREQ: AF - dataRequest - {"dstaddr":9675,"destendpoint":1,"srcendpoint":1,"clusterid":6,"transid":4,"options":0,"radius":30,"len":3,"data":{"type":"Buffer","data":[1,5,1]}}' failed with status '(0x02: INVALID_PARAM)' (expected '(0x00: SUCCESS)'))'
[2025-03-31 11:10:50] error: 	z2m: Publish 'set' 'state' to 'FMS201' failed: 'Error: ZCL command 0x32d004602bd5b370/1 genOnOff.off({}, {"timeout":10000,"disableResponse":false,"disableRecovery":false,"disableDefaultResponse":false,"direction":0,"reservedBits":0,"writeUndiv":false}) failed (--> 'SREQ: AF - dataRequest - {"dstaddr":9675,"destendpoint":1,"srcendpoint":1,"clusterid":6,"transid":5,"options":0,"radius":30,"len":3,"data":{"type":"Buffer","data":[1,6,0]}}' failed with status '(0x02: INVALID_PARAM)' (expected '(0x00: SUCCESS)'))'
[2025-03-31 11:11:09] error: 	z2m: Publish 'set' 'state' to 'FMS201' failed: 'Error: ZCL command 0x32d004602bd5b370/1 genOnOff.on({}, {"timeout":10000,"disableResponse":false,"disableRecovery":false,"disableDefaultResponse":false,"direction":0,"reservedBits":0,"writeUndiv":false}) failed (--> 'SREQ: AF - dataRequest - {"dstaddr":9675,"destendpoint":1,"srcendpoint":1,"clusterid":6,"transid":6,"options":0,"radius":30,"len":3,"data":{"type":"Buffer","data":[1,7,1]}}' failed with status '(0x02: INVALID_PARAM)' (expected '(0x00: SUCCESS)'))'
[2025-03-31 11:11:10] error: 	z2m: Publish 'set' 'state' to 'FMS201' failed: 'Error: ZCL command 0x32d004602bd5b370/1 genOnOff.off({}, {"timeout":10000,"disableResponse":false,"disableRecovery":false,"disableDefaultResponse":false,"direction":0,"reservedBits":0,"writeUndiv":false}) failed (--> 'SREQ: AF - dataRequest - {"dstaddr":9675,"destendpoint":1,"srcendpoint":1,"clusterid":6,"transid":7,"options":0,"radius":30,"len":3,"data":{"type":"Buffer","data":[1,8,0]}}' failed with status '(0x02: INVALID_PARAM)' (expected '(0x00: SUCCESS)'))'
[2025-03-31 11:11:10] error: 	z2m: Publish 'set' 'state' to 'FMS201' failed: 'Error: ZCL command 0x32d004602bd5b370/1 genOnOff.on({}, {"timeout":10000,"disableResponse":false,"disableRecovery":false,"disableDefaultResponse":false,"direction":0,"reservedBits":0,"writeUndiv":false}) failed (--> 'SREQ: AF - dataRequest - {"dstaddr":9675,"destendpoint":1,"srcendpoint":1,"clusterid":6,"transid":8,"options":0,"radius":30,"len":3,"data":{"type":"Buffer","data":[1,9,1]}}' failed with status '(0x02: INVALID_PARAM)' (expected '(0x00: SUCCESS)'))'
[2025-03-31 11:11:11] error: 	z2m: Publish 'set' 'state' to 'FMS201' failed: 'Error: ZCL command 0x32d004602bd5b370/1 genOnOff.off({}, {"timeout":10000,"disableResponse":false,"disableRecovery":false,"disableDefaultResponse":false,"direction":0,"reservedBits":0,"writeUndiv":false}) failed (--> 'SREQ: AF - dataRequest - {"dstaddr":9675,"destendpoint":1,"srcendpoint":1,"clusterid":6,"transid":9,"options":0,"radius":30,"len":3,"data":{"type":"Buffer","data":[1,10,0]}}' failed with status '(0x02: INVALID_PARAM)' (expected '(0x00: SUCCESS)'))'
[2025-03-31 11:11:21] error: 	zh:zstack:znp: Error while parsing to ZpiObject 'TypeError: Cannot read properties of undefined (reading 'name')'
[2025-03-31 11:11:32] info: 	z2m: Configuring 'FMS201'
[2025-03-31 11:11:32] error: 	z2m: Failed to configure 'FMS201', attempt 1 (Error: ZCL command 0x32d004602bd5b370/1 genBasic.read(["manufacturerName","zclVersion","appVersion","modelId","powerSource",65534], {"timeout":10000,"disableResponse":false,"disableRecovery":false,"disableDefaultResponse":true,"direction":0,"reservedBits":0,"writeUndiv":false}) failed (--> 'SREQ: AF - dataRequest - {"dstaddr":9675,"destendpoint":1,"srcendpoint":1,"clusterid":0,"transid":10,"options":0,"radius":30,"len":15,"data":{"type":"Buffer","data":[16,11,0,4,0,0,0,1,0,5,0,7,0,254,255]}}' failed with status '(0x02: INVALID_PARAM)' (expected '(0x00: SUCCESS)'))
    at /app/node_modules/zigbee-herdsman/src/adapter/z-stack/znp/znp.ts:291:27
    at Queue.execute (/app/node_modules/zigbee-herdsman/src/utils/queue.ts:36:20)
    at ZStackAdapter.dataRequest (/app/node_modules/zigbee-herdsman/src/adapter/z-stack/adapter/zStackAdapter.ts:1034:9)
    at ZStackAdapter.sendZclFrameToEndpointInternal (/app/node_modules/zigbee-herdsman/src/adapter/z-stack/adapter/zStackAdapter.ts:488:35)
    at /app/node_modules/zigbee-herdsman/src/adapter/z-stack/adapter/zStackAdapter.ts:422:20
    at Queue.execute (/app/node_modules/zigbee-herdsman/src/utils/queue.ts:36:20)
    at ZStackAdapter.sendZclFrameToEndpoint (/app/node_modules/zigbee-herdsman/src/adapter/z-stack/adapter/zStackAdapter.ts:420:16)
    at Request.send (/app/node_modules/zigbee-herdsman/src/controller/helpers/request.ts:82:20)
    at Endpoint.sendRequest (/app/node_modules/zigbee-herdsman/src/controller/model/endpoint.ts:325:20)
    at Endpoint.zclCommand (/app/node_modules/zigbee-herdsman/src/controller/model/endpoint.ts:951:28))
[2025-03-31 11:11:32] info: 	z2m:mqtt: MQTT publish: topic 'zigbee2mqtt/bridge/response/device/configure', payload '{"data":{"id":"FMS201"},"error":"Failed to configure (ZCL command 0x32d004602bd5b370/1 genBasic.read([\"manufacturerName\",\"zclVersion\",\"appVersion\",\"modelId\",\"powerSource\",65534], {\"timeout\":10000,\"disableResponse\":false,\"disableRecovery\":false,\"disableDefaultResponse\":true,\"direction\":0,\"reservedBits\":0,\"writeUndiv\":false}) failed (--> 'SREQ: AF - dataRequest - {\"dstaddr\":9675,\"destendpoint\":1,\"srcendpoint\":1,\"clusterid\":0,\"transid\":10,\"options\":0,\"radius\":30,\"len\":15,\"data\":{\"type\":\"Buffer\",\"data\":[16,11,0,4,0,0,0,1,0,5,0,7,0,254,255]}}' failed with status '(0x02: INVALID_PARAM)' (expected '(0x00: SUCCESS)')))","status":"error","transaction":"nydnf-1"}'
[2025-03-31 11:11:44] error: 	z2m: Publish 'set' 'state' to 'FMS201' failed: 'Error: ZCL command 0x32d004602bd5b370/1 genOnOff.on({}, {"timeout":10000,"disableResponse":false,"disableRecovery":false,"disableDefaultResponse":false,"direction":0,"reservedBits":0,"writeUndiv":false}) failed (--> 'SREQ: AF - dataRequest - {"dstaddr":9675,"destendpoint":1,"srcendpoint":1,"clusterid":6,"transid":11,"options":0,"radius":30,"len":3,"data":{"type":"Buffer","data":[1,12,1]}}' failed with status '(0x02: INVALID_PARAM)' (expected '(0x00: SUCCESS)'))'
[2025-03-31 11:11:45] error: 	z2m: Publish 'set' 'state' to 'FMS201' failed: 'Error: ZCL command 0x32d004602bd5b370/1 genOnOff.off({}, {"timeout":10000,"disableResponse":false,"disableRecovery":false,"disableDefaultResponse":false,"direction":0,"reservedBits":0,"writeUndiv":false}) failed (--> 'SREQ: AF - dataRequest - {"dstaddr":9675,"destendpoint":1,"srcendpoint":1,"clusterid":6,"transid":12,"options":0,"radius":30,"len":3,"data":{"type":"Buffer","data":[1,13,0]}}' failed with status '(0x02: INVALID_PARAM)' (expected '(0x00: SUCCESS)'))'
[2025-03-31 11:11:53] info: 	z2m: Zigbee: disabling joining new devices.
[2025-03-31 11:11:53] error: 	z2m: Request 'zigbee2mqtt/bridge/request/permit_join' failed with error: '--> 'SREQ: AF - dataRequestExt - {"dstaddrmode":2,"dstaddr":"0x000000000000fffd","destendpoint":242,"dstpanid":0,"srcendpoint":242,"clusterid":33,"transid":13,"options":0,"radius":30,"len":6,"data":{"type":"Buffer","data":[25,14,2,10,0,0]}}' failed with status '(0x02: INVALID_PARAM)' (expected '(0x00: SUCCESS)')'
[2025-03-31 11:11:53] info: 	z2m:mqtt: MQTT publish: topic 'zigbee2mqtt/bridge/response/permit_join', payload '{"data":{},"error":"--> 'SREQ: AF - dataRequestExt - {\"dstaddrmode\":2,\"dstaddr\":\"0x000000000000fffd\",\"destendpoint\":242,\"dstpanid\":0,\"srcendpoint\":242,\"clusterid\":33,\"transid\":13,\"options\":0,\"radius\":30,\"len\":6,\"data\":{\"type\":\"Buffer\",\"data\":[25,14,2,10,0,0]}}' failed with status '(0x02: INVALID_PARAM)' (expected '(0x00: SUCCESS)')","status":"error","transaction":"nydnf-2"}'
[2025-03-31 11:12:00] info: 	z2m: Zigbee: disabling joining new devices.
[2025-03-31 11:12:00] error: 	z2m: Request 'zigbee2mqtt/bridge/request/permit_join' failed with error: '--> 'SREQ: AF - dataRequestExt - {"dstaddrmode":2,"dstaddr":"0x000000000000fffd","destendpoint":242,"dstpanid":0,"srcendpoint":242,"clusterid":33,"transid":14,"options":0,"radius":30,"len":6,"data":{"type":"Buffer","data":[25,15,2,10,0,0]}}' failed with status '(0x02: INVALID_PARAM)' (expected '(0x00: SUCCESS)')'
[2025-03-31 11:12:00] info: 	z2m:mqtt: MQTT publish: topic 'zigbee2mqtt/bridge/response/permit_join', payload '{"data":{},"error":"--> 'SREQ: AF - dataRequestExt - {\"dstaddrmode\":2,\"dstaddr\":\"0x000000000000fffd\",\"destendpoint\":242,\"dstpanid\":0,\"srcendpoint\":242,\"clusterid\":33,\"transid\":14,\"options\":0,\"radius\":30,\"len\":6,\"data\":{\"type\":\"Buffer\",\"data\":[25,15,2,10,0,0]}}' failed with status '(0x02: INVALID_PARAM)' (expected '(0x00: SUCCESS)')","status":"error","transaction":"nydnf-3"}'
[2025-03-31 11:12:01] info: 	z2m: Zigbee: disabling joining new devices.
[2025-03-31 11:12:01] error: 	z2m: Request 'zigbee2mqtt/bridge/request/permit_join' failed with error: '--> 'SREQ: AF - dataRequestExt - {"dstaddrmode":2,"dstaddr":"0x000000000000fffd","destendpoint":242,"dstpanid":0,"srcendpoint":242,"clusterid":33,"transid":15,"options":0,"radius":30,"len":6,"data":{"type":"Buffer","data":[25,16,2,10,0,0]}}' failed with status '(0x02: INVALID_PARAM)' (expected '(0x00: SUCCESS)')'
[2025-03-31 11:12:01] info: 	z2m:mqtt: MQTT publish: topic 'zigbee2mqtt/bridge/response/permit_join', payload '{"data":{},"error":"--> 'SREQ: AF - dataRequestExt - {\"dstaddrmode\":2,\"dstaddr\":\"0x000000000000fffd\",\"destendpoint\":242,\"dstpanid\":0,\"srcendpoint\":242,\"clusterid\":33,\"transid\":15,\"options\":0,\"radius\":30,\"len\":6,\"data\":{\"type\":\"Buffer\",\"data\":[25,16,2,10,0,0]}}' failed with status '(0x02: INVALID_PARAM)' (expected '(0x00: SUCCESS)')","status":"error","transaction":"nydnf-4"}'
[2025-03-31 11:12:01] info: 	z2m: Zigbee: disabling joining new devices.
[2025-03-31 11:12:01] error: 	z2m: Request 'zigbee2mqtt/bridge/request/permit_join' failed with error: '--> 'SREQ: AF - dataRequestExt - {"dstaddrmode":2,"dstaddr":"0x000000000000fffd","destendpoint":242,"dstpanid":0,"srcendpoint":242,"clusterid":33,"transid":16,"options":0,"radius":30,"len":6,"data":{"type":"Buffer","data":[25,17,2,10,0,0]}}' failed with status '(0x02: INVALID_PARAM)' (expected '(0x00: SUCCESS)')'
[2025-03-31 11:12:01] info: 	z2m:mqtt: MQTT publish: topic 'zigbee2mqtt/bridge/response/permit_join', payload '{"data":{},"error":"--> 'SREQ: AF - dataRequestExt - {\"dstaddrmode\":2,\"dstaddr\":\"0x000000000000fffd\",\"destendpoint\":242,\"dstpanid\":0,\"srcendpoint\":242,\"clusterid\":33,\"transid\":16,\"options\":0,\"radius\":30,\"len\":6,\"data\":{\"type\":\"Buffer\",\"data\":[25,17,2,10,0,0]}}' failed with status '(0x02: INVALID_PARAM)' (expected '(0x00: SUCCESS)')","status":"error","transaction":"nydnf-5"}'
[2025-03-31 11:12:01] info: 	z2m: Zigbee: disabling joining new devices.
[2025-03-31 11:12:01] error: 	z2m: Request 'zigbee2mqtt/bridge/request/permit_join' failed with error: '--> 'SREQ: AF - dataRequestExt - {"dstaddrmode":2,"dstaddr":"0x000000000000fffd","destendpoint":242,"dstpanid":0,"srcendpoint":242,"clusterid":33,"transid":17,"options":0,"radius":30,"len":6,"data":{"type":"Buffer","data":[25,18,2,10,0,0]}}' failed with status '(0x02: INVALID_PARAM)' (expected '(0x00: SUCCESS)')'
[2025-03-31 11:12:01] info: 	z2m:mqtt: MQTT publish: topic 'zigbee2mqtt/bridge/response/permit_join', payload '{"data":{},"error":"--> 'SREQ: AF - dataRequestExt - {\"dstaddrmode\":2,\"dstaddr\":\"0x000000000000fffd\",\"destendpoint\":242,\"dstpanid\":0,\"srcendpoint\":242,\"clusterid\":33,\"transid\":17,\"options\":0,\"radius\":30,\"len\":6,\"data\":{\"type\":\"Buffer\",\"data\":[25,18,2,10,0,0]}}' failed with status '(0x02: INVALID_PARAM)' (expected '(0x00: SUCCESS)')","status":"error","transaction":"nydnf-6"}'
[2025-03-31 11:13:28] info: 	z2m: Zigbee: disabling joining new devices.
[2025-03-31 11:13:28] error: 	z2m: Request 'zigbee2mqtt/bridge/request/permit_join' failed with error: '--> 'SREQ: AF - dataRequestExt - {"dstaddrmode":2,"dstaddr":"0x000000000000fffd","destendpoint":242,"dstpanid":0,"srcendpoint":242,"clusterid":33,"transid":18,"options":0,"radius":30,"len":6,"data":{"type":"Buffer","data":[25,19,2,10,0,0]}}' failed with status '(0x02: INVALID_PARAM)' (expected '(0x00: SUCCESS)')'
[2025-03-31 11:13:28] info: 	z2m:mqtt: MQTT publish: topic 'zigbee2mqtt/bridge/response/permit_join', payload '{"data":{},"error":"--> 'SREQ: AF - dataRequestExt - {\"dstaddrmode\":2,\"dstaddr\":\"0x000000000000fffd\",\"destendpoint\":242,\"dstpanid\":0,\"srcendpoint\":242,\"clusterid\":33,\"transid\":18,\"options\":0,\"radius\":30,\"len\":6,\"data\":{\"type\":\"Buffer\",\"data\":[25,19,2,10,0,0]}}' failed with status '(0x02: INVALID_PARAM)' (expected '(0x00: SUCCESS)')","status":"error","transaction":"nydnf-7"}'
[2025-03-31 11:13:36] info: 	z2m: Zigbee: disabling joining new devices.
[2025-03-31 11:13:36] error: 	z2m: Request 'zigbee2mqtt/bridge/request/permit_join' failed with error: '--> 'SREQ: AF - dataRequestExt - {"dstaddrmode":2,"dstaddr":"0x000000000000fffd","destendpoint":242,"dstpanid":0,"srcendpoint":242,"clusterid":33,"transid":19,"options":0,"radius":30,"len":6,"data":{"type":"Buffer","data":[25,20,2,10,0,0]}}' failed with status '(0x02: INVALID_PARAM)' (expected '(0x00: SUCCESS)')'
[2025-03-31 11:13:36] info: 	z2m:mqtt: MQTT publish: topic 'zigbee2mqtt/bridge/response/permit_join', payload '{"data":{},"error":"--> 'SREQ: AF - dataRequestExt - {\"dstaddrmode\":2,\"dstaddr\":\"0x000000000000fffd\",\"destendpoint\":242,\"dstpanid\":0,\"srcendpoint\":242,\"clusterid\":33,\"transid\":19,\"options\":0,\"radius\":30,\"len\":6,\"data\":{\"type\":\"Buffer\",\"data\":[25,20,2,10,0,0]}}' failed with status '(0x02: INVALID_PARAM)' (expected '(0x00: SUCCESS)')","status":"error","transaction":"nydnf-8"}'
[2025-03-31 11:13:44] info: 	z2m: Zigbee: disabling joining new devices.
[2025-03-31 11:13:44] error: 	z2m: Request 'zigbee2mqtt/bridge/request/permit_join' failed with error: '--> 'SREQ: AF - dataRequestExt - {"dstaddrmode":2,"dstaddr":"0x000000000000fffd","destendpoint":242,"dstpanid":0,"srcendpoint":242,"clusterid":33,"transid":20,"options":0,"radius":30,"len":6,"data":{"type":"Buffer","data":[25,21,2,10,0,0]}}' failed with status '(0x02: INVALID_PARAM)' (expected '(0x00: SUCCESS)')'
[2025-03-31 11:13:44] info: 	z2m:mqtt: MQTT publish: topic 'zigbee2mqtt/bridge/response/permit_join', payload '{"data":{},"error":"--> 'SREQ: AF - dataRequestExt - {\"dstaddrmode\":2,\"dstaddr\":\"0x000000000000fffd\",\"destendpoint\":242,\"dstpanid\":0,\"srcendpoint\":242,\"clusterid\":33,\"transid\":20,\"options\":0,\"radius\":30,\"len\":6,\"data\":{\"type\":\"Buffer\",\"data\":[25,21,2,10,0,0]}}' failed with status '(0x02: INVALID_PARAM)' (expected '(0x00: SUCCESS)')","status":"error","transaction":"nydnf-9"}'
[2025-03-31 11:14:02] info: 	z2m: Zigbee: disabling joining new devices.
[2025-03-31 11:14:02] error: 	z2m: Request 'zigbee2mqtt/bridge/request/permit_join' failed with error: '--> 'SREQ: AF - dataRequestExt - {"dstaddrmode":2,"dstaddr":"0x000000000000fffd","destendpoint":242,"dstpanid":0,"srcendpoint":242,"clusterid":33,"transid":21,"options":0,"radius":30,"len":6,"data":{"type":"Buffer","data":[25,22,2,10,0,0]}}' failed with status '(0x02: INVALID_PARAM)' (expected '(0x00: SUCCESS)')'
[2025-03-31 11:14:02] info: 	z2m:mqtt: MQTT publish: topic 'zigbee2mqtt/bridge/response/permit_join', payload '{"data":{},"error":"--> 'SREQ: AF - dataRequestExt - {\"dstaddrmode\":2,\"dstaddr\":\"0x000000000000fffd\",\"destendpoint\":242,\"dstpanid\":0,\"srcendpoint\":242,\"clusterid\":33,\"transid\":21,\"options\":0,\"radius\":30,\"len\":6,\"data\":{\"type\":\"Buffer\",\"data\":[25,22,2,10,0,0]}}' failed with status '(0x02: INVALID_PARAM)' (expected '(0x00: SUCCESS)')","status":"error","transaction":"nydnf-10"}'
[2025-03-31 11:16:26] info: 	z2m:mqtt: MQTT publish: topic 'zigbee2mqtt/bridge/state', payload '{"state":"offline"}'
[2025-03-31 11:16:26] info: 	z2m: Disconnecting from MQTT server
[2025-03-31 11:16:26] info: 	z2m: Stopping zigbee-herdsman...
[2025-03-31 11:16:26] error: 	zh:controller: Failed to disable join on stop: Error: --> 'SREQ: AF - dataRequestExt - {"dstaddrmode":2,"dstaddr":"0x000000000000fffd","destendpoint":242,"dstpanid":0,"srcendpoint":242,"clusterid":33,"transid":22,"options":0,"radius":30,"len":6,"data":{"type":"Buffer","data":[25,23,2,10,0,0]}}' failed with status '(0x02: INVALID_PARAM)' (expected '(0x00: SUCCESS)')
[2025-03-31 11:16:26] error: 	z2m: MQTT error: read ECONNRESET
[2025-03-31 11:16:35] info: 	zh:controller: Wrote coordinator backup to '/app/data/coordinator_backup.json'
[2025-03-31 11:16:35] info: 	zh:zstack:znp: closing
[2025-03-31 11:16:35] info: 	zh:zstack:znp: Port closed
[2025-03-31 11:16:35] info: 	z2m: Stopped zigbee-herdsman
[2025-03-31 11:16:35] info: 	z2m: Stopped Zigbee2MQTT
