[2024-11-19 11:59:45] info: 	z2m: Logging to console, file (filename: log.log)
[2024-11-19 11:59:46] info: 	z2m: Starting Zigbee2MQTT version 1.41.0 (commit #cc31cea)
[2024-11-19 11:59:46] info: 	z2m: Starting zigbee-herdsman (2.1.7)
[2024-11-19 11:59:47] info: 	zh:zstack:znp: Opening SerialPort with {"path":"/dev/ttyUSB0","baudRate":115200,"rtscts":false,"autoOpen":false}
[2024-11-19 11:59:47] info: 	zh:zstack:znp: Serialport opened
[2024-11-19 11:59:47] info: 	zh:zstack:znp: Writing CC2530/CC2531 skip bootloader payload
[2024-11-19 12:00:23] error: 	zh:zstack:znp: Error while parsing to ZpiObject 'TypeError: Cannot read properties of undefined (reading 'name')'
[2024-11-19 12:00:30] error: 	z2m: Error while starting zigbee-herdsman
[2024-11-19 12:00:30] error: 	z2m: Failed to start zigbee
[2024-11-19 12:00:30] error: 	z2m: Check https://www.zigbee2mqtt.io/guide/installation/20_zigbee2mqtt-fails-to-start.html for possible solutions
[2024-11-19 12:00:30] error: 	z2m: Exiting...
[2024-11-19 12:00:30] error: 	z2m: Error: SRSP - APP_CNF - bdbStartCommissioning after 40000ms
    at Object.start (/app/node_modules/zigbee-herdsman/src/utils/waitress.ts:59:23)
    at /app/node_modules/zigbee-herdsman/src/adapter/z-stack/znp/znp.ts:285:45
    at Queue.execute (/app/node_modules/zigbee-herdsman/src/utils/queue.ts:36:26)
    at Znp.request (/app/node_modules/zigbee-herdsman/src/adapter/z-stack/znp/znp.ts:278:27)
    at ZnpAdapterManager.beginCommissioning (/app/node_modules/zigbee-herdsman/src/adapter/z-stack/adapter/manager.ts:368:28)
    at ZnpAdapterManager.start (/app/node_modules/zigbee-herdsman/src/adapter/z-stack/adapter/manager.ts:91:21)
    at ZStackAdapter.start (/app/node_modules/zigbee-herdsman/src/adapter/z-stack/adapter/zStackAdapter.ts:158:16)
    at Controller.start (/app/node_modules/zigbee-herdsman/src/controller/controller.ts:137:29)
    at Zigbee.start (/app/lib/zigbee.ts:69:27)
    at Controller.start (/app/lib/controller.ts:161:27)
