[2025-05-05 16:39:39] info: 	z2m: Logging to console, file (filename: log.log)
[2025-05-05 16:39:39] info: 	z2m: Starting Zigbee2MQTT version 1.41.0 (commit #cc31cea)
[2025-05-05 16:39:39] info: 	z2m: Starting zigbee-herdsman (2.1.7)
[2025-05-05 16:39:41] info: 	zh:zstack:znp: Opening SerialPort with {"path":"/dev/ttyUSB0","baudRate":115200,"rtscts":false,"autoOpen":false}
[2025-05-05 16:39:41] info: 	zh:zstack:znp: Serialport opened
[2025-05-05 16:39:44] info: 	z2m: zigbee-herdsman started (resumed)
[2025-05-05 16:39:44] info: 	z2m: Coordinator firmware version: '{"meta":{"maintrel":1,"majorrel":2,"minorrel":7,"product":1,"revision":20220219,"transportrev":2},"type":"zStack3x0"}'
[2025-05-05 16:39:44] info: 	z2m: 0x32d004602bd5b370 (0x32d004602bd5b370): LSPA9 - Elivco Smart plug (with power monitoring) (Router)
[2025-05-05 16:39:44] info: 	z2m: 0xa4c138ddf18abbdd (0xa4c138ddf18abbdd): TS011F_plug_1 - Tuya Smart plug (with power monitoring) (Router)
[2025-05-05 16:39:44] info: 	z2m: 0x00158d000394440c (0x00158d000394440c): Not supported (Unknown)
[2025-05-05 16:39:44] info: 	z2m: 0xa4c138a342088798 (0xa4c138a342088798): Not supported (Unknown)
[2025-05-05 16:39:44] info: 	z2m: 0xa4c1381d20404553 (0xa4c1381d20404553): Not supported (Unknown)
[2025-05-05 16:39:44] info: 	z2m: Currently 5 devices are joined.
[2025-05-05 16:39:44] warning: 	z2m: `permit_join` set to  `true` in configuration.yaml.
[2025-05-05 16:39:44] warning: 	z2m: Allowing new devices to join.
[2025-05-05 16:39:44] warning: 	z2m: Set `permit_join` to `false` once you joined all devices.
[2025-05-05 16:39:44] info: 	z2m: Zigbee: allowing new devices to join.
[2025-05-05 16:39:44] info: 	z2m: Connecting to MQTT server at mqtt://mosquitto
[2025-05-05 16:39:44] info: 	z2m: Connected to MQTT server
[2025-05-05 16:39:44] info: 	z2m:mqtt: MQTT publish: topic 'zigbee2mqtt/bridge/state', payload 'online'
[2025-05-05 16:39:44] info: 	z2m: Started frontend on port 8080
[2025-05-05 16:39:44] info: 	z2m:mqtt: MQTT publish: topic 'zigbee2mqtt/bridge/config', payload '{"commit":"cc31cea","coordinator":{"meta":{"maintrel":1,"majorrel":2,"minorrel":7,"product":1,"revision":20220219,"transportrev":2},"type":"zStack3x0"},"log_level":"info","network":{"channel":11,"extendedPanID":"0x00124b002f8b4661","panID":6754},"permit_join":true,"version":"1.41.0"}'
[2025-05-05 16:39:44] info: 	z2m:mqtt: MQTT publish: topic 'zigbee2mqtt/0x32d004602bd5b370', payload '{"child_lock":"UNLOCK","countdown":0,"current":0,"energy":0,"indicator_mode":"off/on","linkquality":142,"power":0,"power_outage_memory":"restore","state":"OFF","voltage":228}'
[2025-05-05 16:39:44] info: 	z2m:mqtt: MQTT publish: topic 'zigbee2mqtt/0xa4c138ddf18abbdd', payload '{"child_lock":"UNLOCK","countdown":0,"current":0,"energy":249.15,"indicator_mode":"off/on","linkquality":247,"power":0,"power_outage_memory":"restore","state":"ON","voltage":227}'
[2025-05-05 16:39:44] info: 	z2m: Zigbee2MQTT started!
[2025-05-05 17:59:05] info: 	z2m:mqtt: MQTT publish: topic 'zigbee2mqtt/0x32d004602bd5b370', payload '{"child_lock":"UNLOCK","countdown":0,"current":0,"energy":0,"indicator_mode":"off/on","linkquality":138,"power":0,"power_outage_memory":"restore","state":"OFF","voltage":225}'
[2025-05-05 17:59:05] info: 	z2m:mqtt: MQTT publish: topic 'zigbee2mqtt/0x32d004602bd5b370', payload '{"child_lock":"UNLOCK","countdown":0,"current":0,"energy":0,"indicator_mode":"off/on","linkquality":138,"power":0,"power_outage_memory":"restore","state":"OFF","voltage":225}'
[2025-05-05 17:59:05] info: 	z2m:mqtt: MQTT publish: topic 'zigbee2mqtt/0x32d004602bd5b370', payload '{"child_lock":"UNLOCK","countdown":0,"current":0,"energy":0,"indicator_mode":"off/on","linkquality":138,"power":0,"power_outage_memory":"restore","state":"OFF","voltage":225}'
[2025-05-05 17:59:15] info: 	z2m:mqtt: MQTT publish: topic 'zigbee2mqtt/0x32d004602bd5b370', payload '{"child_lock":"UNLOCK","countdown":0,"current":0,"energy":0,"indicator_mode":"off/on","linkquality":138,"power":0,"power_outage_memory":"restore","state":"OFF","voltage":225}'
[2025-05-05 17:59:16] info: 	z2m:mqtt: MQTT publish: topic 'zigbee2mqtt/0x32d004602bd5b370', payload '{"child_lock":"UNLOCK","countdown":0,"current":0,"energy":0,"indicator_mode":"off/on","linkquality":145,"power":0,"power_outage_memory":"restore","state":"OFF","voltage":225}'
[2025-05-05 17:59:16] info: 	z2m:mqtt: MQTT publish: topic 'zigbee2mqtt/0x32d004602bd5b370', payload '{"child_lock":"UNLOCK","countdown":0,"current":0,"energy":0,"indicator_mode":"off/on","linkquality":127,"power":0,"power_outage_memory":"restore","state":"OFF","voltage":225}'
[2025-05-05 17:59:16] info: 	z2m:mqtt: MQTT publish: topic 'zigbee2mqtt/0x32d004602bd5b370', payload '{"child_lock":"UNLOCK","countdown":0,"current":0,"energy":0,"indicator_mode":"off/on","linkquality":127,"power":0,"power_outage_memory":"restore","state":"OFF","voltage":225}'
[2025-05-05 17:59:19] info: 	z2m:mqtt: MQTT publish: topic 'zigbee2mqtt/0x32d004602bd5b370', payload '{"child_lock":"UNLOCK","countdown":0,"current":0,"energy":0,"indicator_mode":"off/on","linkquality":142,"power":0,"power_outage_memory":"restore","state":"OFF","voltage":225}'
[2025-05-05 17:59:19] info: 	z2m:mqtt: MQTT publish: topic 'zigbee2mqtt/0x32d004602bd5b370', payload '{"child_lock":"UNLOCK","countdown":0,"current":0,"energy":0,"indicator_mode":"off/on","linkquality":134,"power":0,"power_outage_memory":"restore","state":"OFF","voltage":225}'
[2025-05-05 17:59:23] info: 	z2m:mqtt: MQTT publish: topic 'zigbee2mqtt/0x32d004602bd5b370', payload '{"child_lock":"UNLOCK","countdown":0,"current":0,"energy":0,"indicator_mode":"off/on","linkquality":138,"power":0,"power_outage_memory":"restore","state":"OFF","voltage":225}'
[2025-05-05 17:59:26] info: 	z2m:mqtt: MQTT publish: topic 'zigbee2mqtt/0x32d004602bd5b370', payload '{"child_lock":"UNLOCK","countdown":0,"current":0,"energy":0,"indicator_mode":"off/on","linkquality":138,"power":0,"power_outage_memory":"restore","state":"OFF","voltage":225}'
[2025-05-05 17:59:27] info: 	z2m:mqtt: MQTT publish: topic 'zigbee2mqtt/0x32d004602bd5b370', payload '{"child_lock":"UNLOCK","countdown":0,"current":0,"energy":0,"indicator_mode":"off/on","linkquality":145,"power":0,"power_outage_memory":"restore","state":"OFF","voltage":225}'
[2025-05-05 17:59:27] info: 	z2m:mqtt: MQTT publish: topic 'zigbee2mqtt/0x32d004602bd5b370', payload '{"child_lock":"UNLOCK","countdown":0,"current":0,"energy":0,"indicator_mode":"off/on","linkquality":145,"power":0,"power_outage_memory":"restore","state":"OFF","voltage":225}'
[2025-05-05 17:59:31] info: 	z2m:mqtt: MQTT publish: topic 'zigbee2mqtt/0x32d004602bd5b370', payload '{"child_lock":"UNLOCK","countdown":0,"current":0,"energy":0,"indicator_mode":"off/on","linkquality":149,"power":0,"power_outage_memory":"restore","state":"OFF","voltage":225}'
[2025-05-05 17:59:38] info: 	z2m:mqtt: MQTT publish: topic 'zigbee2mqtt/0x32d004602bd5b370', payload '{"child_lock":"UNLOCK","countdown":0,"current":0,"energy":0,"indicator_mode":"off/on","linkquality":149,"power":0,"power_outage_memory":"restore","state":"OFF","voltage":225}'
[2025-05-05 18:00:03] info: 	z2m:mqtt: MQTT publish: topic 'zigbee2mqtt/0x32d004602bd5b370', payload '{"child_lock":"UNLOCK","countdown":0,"current":0,"energy":0,"indicator_mode":"off/on","linkquality":145,"power":0,"power_outage_memory":"restore","state":"ON","voltage":225}'
[2025-05-05 18:00:03] info: 	z2m:mqtt: MQTT publish: topic 'zigbee2mqtt/0x32d004602bd5b370', payload '{"child_lock":"UNLOCK","countdown":0,"current":0,"energy":0,"indicator_mode":"off/on","linkquality":138,"power":0,"power_outage_memory":"restore","state":"ON","voltage":225}'
[2025-05-05 18:00:05] info: 	z2m:mqtt: MQTT publish: topic 'zigbee2mqtt/0x32d004602bd5b370', payload '{"child_lock":"UNLOCK","countdown":0,"current":0,"energy":0,"indicator_mode":"off/on","linkquality":134,"power":0,"power_outage_memory":"restore","state":"OFF","voltage":225}'
[2025-05-05 18:00:05] info: 	z2m:mqtt: MQTT publish: topic 'zigbee2mqtt/0x32d004602bd5b370', payload '{"child_lock":"UNLOCK","countdown":0,"current":0,"energy":0,"indicator_mode":"off/on","linkquality":149,"power":0,"power_outage_memory":"restore","state":"OFF","voltage":225}'
[2025-05-05 18:00:05] info: 	z2m:mqtt: MQTT publish: topic 'zigbee2mqtt/0x32d004602bd5b370', payload '{"child_lock":"UNLOCK","countdown":0,"current":0,"energy":0,"indicator_mode":"off/on","linkquality":145,"power":0,"power_outage_memory":"restore","state":"ON","voltage":225}'
[2025-05-05 18:00:05] info: 	z2m:mqtt: MQTT publish: topic 'zigbee2mqtt/0x32d004602bd5b370', payload '{"child_lock":"UNLOCK","countdown":0,"current":0,"energy":0,"indicator_mode":"off/on","linkquality":134,"power":0,"power_outage_memory":"restore","state":"ON","voltage":225}'
[2025-05-05 18:00:06] info: 	z2m:mqtt: MQTT publish: topic 'zigbee2mqtt/0x32d004602bd5b370', payload '{"child_lock":"UNLOCK","countdown":0,"current":0,"energy":0,"indicator_mode":"off/on","linkquality":145,"power":0,"power_outage_memory":"restore","state":"OFF","voltage":225}'
[2025-05-05 18:00:06] info: 	z2m:mqtt: MQTT publish: topic 'zigbee2mqtt/0x32d004602bd5b370', payload '{"child_lock":"UNLOCK","countdown":0,"current":0,"energy":0,"indicator_mode":"off/on","linkquality":145,"power":0,"power_outage_memory":"restore","state":"OFF","voltage":225}'
[2025-05-05 18:00:33] info: 	z2m:mqtt: MQTT publish: topic 'zigbee2mqtt/0x32d004602bd5b370', payload '{"child_lock":"UNLOCK","countdown":0,"current":0,"energy":0,"indicator_mode":"off/on","linkquality":142,"power":0,"power_outage_memory":"restore","state":"OFF","voltage":134}'
[2025-05-05 18:00:39] info: 	z2m:mqtt: MQTT publish: topic 'zigbee2mqtt/0xa4c138ddf18abbdd', payload '{"child_lock":"UNLOCK","countdown":0,"current":0,"energy":249.15,"indicator_mode":"off/on","linkquality":98,"power":0,"power_outage_memory":"restore","state":"ON","voltage":227}'
[2025-05-05 18:00:44] info: 	z2m:mqtt: MQTT publish: topic 'zigbee2mqtt/0xa4c138ddf18abbdd', payload '{"child_lock":"UNLOCK","countdown":0,"current":0,"energy":249.15,"indicator_mode":"off/on","linkquality":91,"power":0,"power_outage_memory":"restore","state":"ON","voltage":227}'
[2025-05-05 18:00:44] info: 	z2m:mqtt: MQTT publish: topic 'zigbee2mqtt/0xa4c138ddf18abbdd', payload '{"child_lock":"UNLOCK","countdown":0,"current":0,"energy":249.15,"indicator_mode":"off/on","linkquality":98,"power":0,"power_outage_memory":"restore","state":"ON","voltage":222}'
[2025-05-05 18:00:55] info: 	z2m:mqtt: MQTT publish: topic 'zigbee2mqtt/0xa4c138ddf18abbdd', payload '{"child_lock":"UNLOCK","countdown":0,"current":0.06,"energy":249.15,"indicator_mode":"off/on","linkquality":142,"power":0,"power_outage_memory":"restore","state":"ON","voltage":222}'
[2025-05-05 18:00:57] info: 	z2m:mqtt: MQTT publish: topic 'zigbee2mqtt/0xa4c138ddf18abbdd', payload '{"child_lock":"UNLOCK","countdown":0,"current":0.06,"energy":249.15,"indicator_mode":"off/on","linkquality":131,"power":22,"power_outage_memory":"restore","state":"ON","voltage":222}'
[2025-05-05 18:00:59] info: 	z2m:mqtt: MQTT publish: topic 'zigbee2mqtt/0xa4c138ddf18abbdd', payload '{"child_lock":"UNLOCK","countdown":0,"current":0.06,"energy":249.15,"indicator_mode":"off/on","linkquality":105,"power":22,"power_outage_memory":"restore","state":"ON","voltage":222}'
[2025-05-05 18:01:00] info: 	z2m:mqtt: MQTT publish: topic 'zigbee2mqtt/0xa4c138ddf18abbdd', payload '{"child_lock":"UNLOCK","countdown":0,"current":0.23,"energy":249.15,"indicator_mode":"off/on","linkquality":112,"power":22,"power_outage_memory":"restore","state":"ON","voltage":222}'
[2025-05-05 18:01:20] info: 	z2m:mqtt: MQTT publish: topic 'zigbee2mqtt/0xa4c138ddf18abbdd', payload '{"child_lock":"UNLOCK","countdown":0,"current":0.23,"energy":249.15,"indicator_mode":"off/on","linkquality":127,"power":22,"power_outage_memory":"restore","state":"OFF","voltage":222}'
[2025-05-05 18:01:20] info: 	z2m:mqtt: MQTT publish: topic 'zigbee2mqtt/0xa4c138ddf18abbdd', payload '{"child_lock":"UNLOCK","countdown":0,"current":0.23,"energy":249.15,"indicator_mode":"off/on","linkquality":127,"power":22,"power_outage_memory":"restore","state":"OFF","voltage":222}'
[2025-05-05 18:01:20] info: 	z2m:mqtt: MQTT publish: topic 'zigbee2mqtt/0xa4c138ddf18abbdd', payload '{"child_lock":"UNLOCK","countdown":0,"current":0.23,"energy":249.15,"indicator_mode":"off/on","linkquality":138,"power":22,"power_outage_memory":"restore","state":"ON","voltage":222}'
[2025-05-05 18:01:20] info: 	z2m:mqtt: MQTT publish: topic 'zigbee2mqtt/0xa4c138ddf18abbdd', payload '{"child_lock":"UNLOCK","countdown":0,"current":0.23,"energy":249.15,"indicator_mode":"off/on","linkquality":138,"power":22,"power_outage_memory":"restore","state":"ON","voltage":222}'
[2025-05-05 18:01:26] info: 	z2m:mqtt: MQTT publish: topic 'zigbee2mqtt/0xa4c138ddf18abbdd', payload '{"child_lock":"UNLOCK","countdown":0,"current":0.23,"energy":249.15,"indicator_mode":"off/on","linkquality":131,"power":22,"power_outage_memory":"restore","state":"ON","voltage":222}'
[2025-05-05 18:01:26] info: 	z2m:mqtt: MQTT publish: topic 'zigbee2mqtt/0xa4c138ddf18abbdd', payload '{"child_lock":"UNLOCK","countdown":0,"current":0.23,"energy":249.15,"indicator_mode":"off/on","linkquality":131,"power":23,"power_outage_memory":"restore","state":"ON","voltage":222}'
[2025-05-05 18:01:28] error: 	z2m: Publish 'set' 'state' to '0x32d004602bd5b370' failed: 'Error: ZCL command 0x32d004602bd5b370/1 genOnOff.on({}, {"timeout":10000,"disableResponse":false,"disableRecovery":false,"disableDefaultResponse":false,"direction":0,"reservedBits":0,"writeUndiv":false}) failed (Data request failed with error: 'MAC no ack' (233))'
[2025-05-05 18:01:28] info: 	z2m:mqtt: MQTT publish: topic 'zigbee2mqtt/bridge/log', payload '{"message":"Publish 'set' 'state' to '0x32d004602bd5b370' failed: 'Error: ZCL command 0x32d004602bd5b370/1 genOnOff.on({}, {\"timeout\":10000,\"disableResponse\":false,\"disableRecovery\":false,\"disableDefaultResponse\":false,\"direction\":0,\"reservedBits\":0,\"writeUndiv\":false}) failed (Data request failed with error: 'MAC no ack' (233))'","meta":{"friendly_name":"0x32d004602bd5b370"},"type":"zigbee_publish_error"}'
[2025-05-05 18:01:40] info: 	z2m:mqtt: MQTT publish: topic 'zigbee2mqtt/0xa4c138ddf18abbdd', payload '{"child_lock":"UNLOCK","countdown":0,"current":0.23,"energy":249.15,"indicator_mode":"off/on","linkquality":138,"power":23,"power_outage_memory":"restore","state":"ON","voltage":222}'
[2025-05-05 18:01:40] info: 	z2m:mqtt: MQTT publish: topic 'zigbee2mqtt/0xa4c138ddf18abbdd', payload '{"child_lock":"UNLOCK","countdown":0,"current":0.23,"energy":249.15,"indicator_mode":"off/on","linkquality":120,"power":23,"power_outage_memory":"restore","state":"ON","voltage":222}'
[2025-05-05 18:01:46] error: 	z2m: Publish 'set' 'state' to '0x32d004602bd5b370' failed: 'Error: ZCL command 0x32d004602bd5b370/1 genOnOff.off({}, {"timeout":10000,"disableResponse":false,"disableRecovery":false,"disableDefaultResponse":false,"direction":0,"reservedBits":0,"writeUndiv":false}) failed (Data request failed with error: 'MAC no ack' (233))'
[2025-05-05 18:01:46] info: 	z2m:mqtt: MQTT publish: topic 'zigbee2mqtt/bridge/log', payload '{"message":"Publish 'set' 'state' to '0x32d004602bd5b370' failed: 'Error: ZCL command 0x32d004602bd5b370/1 genOnOff.off({}, {\"timeout\":10000,\"disableResponse\":false,\"disableRecovery\":false,\"disableDefaultResponse\":false,\"direction\":0,\"reservedBits\":0,\"writeUndiv\":false}) failed (Data request failed with error: 'MAC no ack' (233))'","meta":{"friendly_name":"0x32d004602bd5b370"},"type":"zigbee_publish_error"}'
[2025-05-05 18:02:03] error: 	z2m: Publish 'set' 'state' to '0x32d004602bd5b370' failed: 'Error: ZCL command 0x32d004602bd5b370/1 genOnOff.on({}, {"timeout":10000,"disableResponse":false,"disableRecovery":false,"disableDefaultResponse":false,"direction":0,"reservedBits":0,"writeUndiv":false}) failed (Data request failed with error: 'MAC no ack' (233))'
[2025-05-05 18:02:03] info: 	z2m:mqtt: MQTT publish: topic 'zigbee2mqtt/bridge/log', payload '{"message":"Publish 'set' 'state' to '0x32d004602bd5b370' failed: 'Error: ZCL command 0x32d004602bd5b370/1 genOnOff.on({}, {\"timeout\":10000,\"disableResponse\":false,\"disableRecovery\":false,\"disableDefaultResponse\":false,\"direction\":0,\"reservedBits\":0,\"writeUndiv\":false}) failed (Data request failed with error: 'MAC no ack' (233))'","meta":{"friendly_name":"0x32d004602bd5b370"},"type":"zigbee_publish_error"}'
[2025-05-05 18:02:04] info: 	z2m:mqtt: MQTT publish: topic 'zigbee2mqtt/0xa4c138ddf18abbdd', payload '{"child_lock":"UNLOCK","countdown":0,"current":0.23,"energy":249.15,"indicator_mode":"off/on","linkquality":98,"power":23,"power_outage_memory":"restore","state":"ON","voltage":222}'
[2025-05-05 18:02:09] info: 	z2m:mqtt: MQTT publish: topic 'zigbee2mqtt/0xa4c138ddf18abbdd', payload '{"child_lock":"UNLOCK","countdown":0,"current":0.23,"energy":249.15,"indicator_mode":"off/on","linkquality":131,"power":23,"power_outage_memory":"restore","state":"ON","voltage":222}'
[2025-05-05 18:02:09] info: 	z2m:mqtt: MQTT publish: topic 'zigbee2mqtt/0xa4c138ddf18abbdd', payload '{"child_lock":"UNLOCK","countdown":0,"current":0.23,"energy":249.15,"indicator_mode":"off/on","linkquality":131,"power":23,"power_outage_memory":"restore","state":"ON","voltage":222}'
[2025-05-05 18:02:09] info: 	z2m:mqtt: MQTT publish: topic 'zigbee2mqtt/0xa4c138ddf18abbdd', payload '{"child_lock":"UNLOCK","countdown":0,"current":0.23,"energy":249.15,"indicator_mode":"off/on","linkquality":127,"power":34,"power_outage_memory":"restore","state":"ON","voltage":222}'
[2025-05-05 18:02:09] info: 	z2m:mqtt: MQTT publish: topic 'zigbee2mqtt/0xa4c138ddf18abbdd', payload '{"child_lock":"UNLOCK","countdown":0,"current":0.29,"energy":249.15,"indicator_mode":"off/on","linkquality":127,"power":34,"power_outage_memory":"restore","state":"ON","voltage":222}'
[2025-05-05 18:02:18] info: 	z2m:mqtt: MQTT publish: topic 'zigbee2mqtt/0xa4c138ddf18abbdd', payload '{"child_lock":"UNLOCK","countdown":0,"current":0.22,"energy":249.15,"indicator_mode":"off/on","linkquality":131,"power":34,"power_outage_memory":"restore","state":"ON","voltage":222}'
[2025-05-05 18:02:21] error: 	z2m: Publish 'set' 'state' to '0x32d004602bd5b370' failed: 'Error: ZCL command 0x32d004602bd5b370/1 genOnOff.off({}, {"timeout":10000,"disableResponse":false,"disableRecovery":false,"disableDefaultResponse":false,"direction":0,"reservedBits":0,"writeUndiv":false}) failed (Data request failed with error: 'MAC no ack' (233))'
[2025-05-05 18:02:21] info: 	z2m:mqtt: MQTT publish: topic 'zigbee2mqtt/bridge/log', payload '{"message":"Publish 'set' 'state' to '0x32d004602bd5b370' failed: 'Error: ZCL command 0x32d004602bd5b370/1 genOnOff.off({}, {\"timeout\":10000,\"disableResponse\":false,\"disableRecovery\":false,\"disableDefaultResponse\":false,\"direction\":0,\"reservedBits\":0,\"writeUndiv\":false}) failed (Data request failed with error: 'MAC no ack' (233))'","meta":{"friendly_name":"0x32d004602bd5b370"},"type":"zigbee_publish_error"}'
[2025-05-05 18:02:21] info: 	z2m:mqtt: MQTT publish: topic 'zigbee2mqtt/0xa4c138ddf18abbdd', payload '{"child_lock":"UNLOCK","countdown":0,"current":0.22,"energy":249.15,"indicator_mode":"off/on","linkquality":127,"power":19,"power_outage_memory":"restore","state":"ON","voltage":222}'
[2025-05-05 18:02:24] info: 	z2m:mqtt: MQTT publish: topic 'zigbee2mqtt/0xa4c138ddf18abbdd', payload '{"child_lock":"UNLOCK","countdown":0,"current":0.22,"energy":249.15,"indicator_mode":"off/on","linkquality":120,"power":19,"power_outage_memory":"restore","state":"ON","voltage":222}'
[2025-05-05 18:02:25] info: 	z2m:mqtt: MQTT publish: topic 'zigbee2mqtt/0xa4c138ddf18abbdd', payload '{"child_lock":"UNLOCK","countdown":0,"current":0.3,"energy":249.15,"indicator_mode":"off/on","linkquality":120,"power":19,"power_outage_memory":"restore","state":"ON","voltage":222}'
[2025-05-05 18:02:27] info: 	z2m:mqtt: MQTT publish: topic 'zigbee2mqtt/0xa4c138ddf18abbdd', payload '{"child_lock":"UNLOCK","countdown":0,"current":0.3,"energy":249.15,"indicator_mode":"off/on","linkquality":120,"power":33,"power_outage_memory":"restore","state":"ON","voltage":222}'
[2025-05-05 18:02:30] info: 	z2m:mqtt: MQTT publish: topic 'zigbee2mqtt/0xa4c138ddf18abbdd', payload '{"child_lock":"UNLOCK","countdown":0,"current":0.21,"energy":249.15,"indicator_mode":"off/on","linkquality":131,"power":33,"power_outage_memory":"restore","state":"ON","voltage":222}'
[2025-05-05 18:02:33] info: 	z2m:mqtt: MQTT publish: topic 'zigbee2mqtt/0xa4c138ddf18abbdd', payload '{"child_lock":"UNLOCK","countdown":0,"current":0.21,"energy":249.15,"indicator_mode":"off/on","linkquality":112,"power":18,"power_outage_memory":"restore","state":"ON","voltage":222}'
[2025-05-05 18:02:37] info: 	z2m:mqtt: MQTT publish: topic 'zigbee2mqtt/0xa4c138ddf18abbdd', payload '{"child_lock":"UNLOCK","countdown":0,"current":0.16,"energy":249.15,"indicator_mode":"off/on","linkquality":127,"power":18,"power_outage_memory":"restore","state":"ON","voltage":222}'
[2025-05-05 18:02:38] error: 	z2m: Publish 'set' 'state' to '0x32d004602bd5b370' failed: 'Error: ZCL command 0x32d004602bd5b370/1 genOnOff.on({}, {"timeout":10000,"disableResponse":false,"disableRecovery":false,"disableDefaultResponse":false,"direction":0,"reservedBits":0,"writeUndiv":false}) failed (Data request failed with error: 'MAC no ack' (233))'
[2025-05-05 18:02:38] info: 	z2m:mqtt: MQTT publish: topic 'zigbee2mqtt/bridge/log', payload '{"message":"Publish 'set' 'state' to '0x32d004602bd5b370' failed: 'Error: ZCL command 0x32d004602bd5b370/1 genOnOff.on({}, {\"timeout\":10000,\"disableResponse\":false,\"disableRecovery\":false,\"disableDefaultResponse\":false,\"direction\":0,\"reservedBits\":0,\"writeUndiv\":false}) failed (Data request failed with error: 'MAC no ack' (233))'","meta":{"friendly_name":"0x32d004602bd5b370"},"type":"zigbee_publish_error"}'
[2025-05-05 18:02:44] info: 	z2m:mqtt: MQTT publish: topic 'zigbee2mqtt/0xa4c138ddf18abbdd', payload '{"child_lock":"UNLOCK","countdown":0,"current":0.23,"energy":249.15,"indicator_mode":"off/on","linkquality":120,"power":18,"power_outage_memory":"restore","state":"ON","voltage":222}'
[2025-05-05 18:02:50] info: 	z2m:mqtt: MQTT publish: topic 'zigbee2mqtt/0xa4c138ddf18abbdd', payload '{"child_lock":"UNLOCK","countdown":0,"current":0.17,"energy":249.15,"indicator_mode":"off/on","linkquality":76,"power":18,"power_outage_memory":"restore","state":"ON","voltage":222}'
[2025-05-05 18:02:55] info: 	z2m:mqtt: MQTT publish: topic 'zigbee2mqtt/0xa4c138ddf18abbdd', payload '{"child_lock":"UNLOCK","countdown":0,"current":0.32,"energy":249.15,"indicator_mode":"off/on","linkquality":120,"power":18,"power_outage_memory":"restore","state":"ON","voltage":222}'
[2025-05-05 18:02:55] info: 	z2m:mqtt: MQTT publish: topic 'zigbee2mqtt/0xa4c138ddf18abbdd', payload '{"child_lock":"UNLOCK","countdown":0,"current":0.32,"energy":249.15,"indicator_mode":"off/on","linkquality":123,"power":38,"power_outage_memory":"restore","state":"ON","voltage":222}'
[2025-05-05 18:03:00] info: 	z2m:mqtt: MQTT publish: topic 'zigbee2mqtt/0xa4c138ddf18abbdd', payload '{"child_lock":"UNLOCK","countdown":0,"current":0.18,"energy":249.15,"indicator_mode":"off/on","linkquality":123,"power":38,"power_outage_memory":"restore","state":"ON","voltage":222}'
[2025-05-05 18:03:00] info: 	z2m:mqtt: MQTT publish: topic 'zigbee2mqtt/0xa4c138ddf18abbdd', payload '{"child_lock":"UNLOCK","countdown":0,"current":0.18,"energy":249.15,"indicator_mode":"off/on","linkquality":123,"power":19,"power_outage_memory":"restore","state":"ON","voltage":222}'
[2025-05-05 18:03:10] info: 	z2m:mqtt: MQTT publish: topic 'zigbee2mqtt/0xa4c138ddf18abbdd', payload '{"child_lock":"UNLOCK","countdown":0,"current":0.24,"energy":249.15,"indicator_mode":"off/on","linkquality":98,"power":19,"power_outage_memory":"restore","state":"ON","voltage":222}'
