[2025-05-28 14:59:58] info: 	z2m: Logging to console, file (filename: log.log)
[2025-05-28 14:59:58] info: 	z2m: Starting Zigbee2MQTT version 1.41.0 (commit #cc31cea)
[2025-05-28 14:59:58] info: 	z2m: Starting zigbee-herdsman (2.1.7)
[2025-05-28 15:00:00] info: 	zh:zstack:znp: Opening SerialPort with {"path":"/dev/ttyUSB0","baudRate":115200,"rtscts":false,"autoOpen":false}
[2025-05-28 15:00:00] info: 	zh:zstack:znp: Serialport opened
[2025-05-28 15:00:03] info: 	z2m: zigbee-herdsman started (resumed)
[2025-05-28 15:00:03] info: 	z2m: Coordinator firmware version: '{"meta":{"maintrel":1,"majorrel":2,"minorrel":7,"product":1,"revision":20220219,"transportrev":2},"type":"zStack3x0"}'
[2025-05-28 15:00:03] info: 	z2m: 0x32d004602bd5b370 (0x32d004602bd5b370): LSPA9 - Elivco Smart plug (with power monitoring) (Router)
[2025-05-28 15:00:03] info: 	z2m: Compresor (0xa4c138ddf18abbdd): TS011F_plug_1 - Tuya Smart plug (with power monitoring) (Router)
[2025-05-28 15:00:03] info: 	z2m: Currently 2 devices are joined.
[2025-05-28 15:00:03] warning: 	z2m: `permit_join` set to  `true` in configuration.yaml.
[2025-05-28 15:00:03] warning: 	z2m: Allowing new devices to join.
[2025-05-28 15:00:03] warning: 	z2m: Set `permit_join` to `false` once you joined all devices.
[2025-05-28 15:00:03] info: 	z2m: Zigbee: allowing new devices to join.
[2025-05-28 15:00:04] info: 	z2m: Connecting to MQTT server at mqtt://mosquitto
[2025-05-28 15:00:04] info: 	z2m: Connected to MQTT server
[2025-05-28 15:00:04] info: 	z2m:mqtt: MQTT publish: topic 'zigbee2mqtt/bridge/state', payload 'online'
[2025-05-28 15:00:04] info: 	z2m: Started frontend on port 8080
[2025-05-28 15:00:04] info: 	z2m:mqtt: MQTT publish: topic 'zigbee2mqtt/bridge/config', payload '{"commit":"cc31cea","coordinator":{"meta":{"maintrel":1,"majorrel":2,"minorrel":7,"product":1,"revision":20220219,"transportrev":2},"type":"zStack3x0"},"log_level":"info","network":{"channel":11,"extendedPanID":"0x00124b002f8b4661","panID":6754},"permit_join":true,"version":"1.41.0"}'
[2025-05-28 15:00:04] info: 	z2m:mqtt: MQTT publish: topic 'zigbee2mqtt/0x32d004602bd5b370', payload '{"child_lock":"UNLOCK","countdown":0,"current":0,"energy":0,"indicator_mode":"off/on","linkquality":185,"power":0,"power_outage_memory":"restore","state":"ON","voltage":225}'
[2025-05-28 15:00:04] info: 	z2m:mqtt: MQTT publish: topic 'zigbee2mqtt/Compresor', payload '{"child_lock":"UNLOCK","countdown":0,"current":0,"energy":249.15,"indicator_mode":"off/on","linkquality":233,"power":0,"power_outage_memory":"restore","state":"OFF","voltage":224}'
[2025-05-28 15:00:04] info: 	z2m: Zigbee2MQTT started!
[2025-05-28 15:00:08] info: 	z2m:mqtt: MQTT publish: topic 'zigbee2mqtt/Compresor', payload '{"child_lock":"UNLOCK","countdown":0,"current":0.18,"energy":249.15,"indicator_mode":"off/on","linkquality":123,"power":0,"power_outage_memory":"restore","state":"OFF","voltage":224}'
[2025-05-28 15:00:08] info: 	z2m:mqtt: MQTT publish: topic 'zigbee2mqtt/Compresor', payload '{"child_lock":"UNLOCK","countdown":0,"current":0.18,"energy":249.15,"indicator_mode":"off/on","linkquality":123,"power":0,"power_outage_memory":"restore","state":"OFF","voltage":224}'
[2025-05-28 15:00:13] info: 	z2m:mqtt: MQTT publish: topic 'zigbee2mqtt/Compresor', payload '{"child_lock":"UNLOCK","countdown":0,"current":0.18,"energy":249.15,"indicator_mode":"off/on","linkquality":127,"power":0,"power_outage_memory":"restore","state":"ON","voltage":224}'
[2025-05-28 15:00:14] info: 	z2m:mqtt: MQTT publish: topic 'zigbee2mqtt/Compresor', payload '{"child_lock":"UNLOCK","countdown":0,"current":0.25,"energy":249.15,"indicator_mode":"off/on","linkquality":142,"power":0,"power_outage_memory":"restore","state":"ON","voltage":224}'
[2025-05-28 15:00:15] info: 	z2m:mqtt: MQTT publish: topic 'zigbee2mqtt/Compresor', payload '{"child_lock":"UNLOCK","countdown":0,"current":0.25,"energy":249.15,"indicator_mode":"off/on","linkquality":127,"power":39,"power_outage_memory":"restore","state":"ON","voltage":224}'
[2025-05-28 15:00:19] info: 	z2m:mqtt: MQTT publish: topic 'zigbee2mqtt/Compresor', payload '{"child_lock":"UNLOCK","countdown":0,"current":0.34,"energy":249.15,"indicator_mode":"off/on","linkquality":131,"power":39,"power_outage_memory":"restore","state":"ON","voltage":224}'
[2025-05-28 15:00:32] info: 	z2m:mqtt: MQTT publish: topic 'zigbee2mqtt/Compresor', payload '{"child_lock":"UNLOCK","countdown":0,"current":0.43,"energy":249.15,"indicator_mode":"off/on","linkquality":145,"power":39,"power_outage_memory":"restore","state":"ON","voltage":224}'
[2025-05-28 15:00:32] info: 	z2m:mqtt: MQTT publish: topic 'zigbee2mqtt/Compresor', payload '{"child_lock":"UNLOCK","countdown":0,"current":0.43,"energy":249.15,"indicator_mode":"off/on","linkquality":145,"power":50,"power_outage_memory":"restore","state":"ON","voltage":224}'
[2025-05-28 15:00:50] info: 	z2m:mqtt: MQTT publish: topic 'zigbee2mqtt/Compresor', payload '{"child_lock":"UNLOCK","countdown":0,"current":0.37,"energy":249.15,"indicator_mode":"off/on","linkquality":142,"power":50,"power_outage_memory":"restore","state":"ON","voltage":224}'
[2025-05-28 15:01:09] info: 	z2m:mqtt: MQTT publish: topic 'zigbee2mqtt/Compresor', payload '{"child_lock":"UNLOCK","countdown":0,"current":0.35,"energy":249.15,"indicator_mode":"off/on","linkquality":149,"power":41,"power_outage_memory":"restore","state":"ON","voltage":221}'
[2025-05-28 15:01:09] info: 	z2m:mqtt: MQTT publish: topic 'zigbee2mqtt/Compresor', payload '{"child_lock":"UNLOCK","countdown":0,"current":0.35,"energy":249.15,"indicator_mode":"off/on","linkquality":142,"power":41,"power_outage_memory":"restore","state":"ON","voltage":221}'
[2025-05-28 15:02:19] info: 	z2m:mqtt: MQTT publish: topic 'zigbee2mqtt/Compresor', payload '{"child_lock":"UNLOCK","countdown":0,"current":0.44,"energy":249.15,"indicator_mode":"off/on","linkquality":138,"power":41,"power_outage_memory":"restore","state":"ON","voltage":221}'
[2025-05-28 15:02:27] info: 	z2m:mqtt: MQTT publish: topic 'zigbee2mqtt/Compresor', payload '{"child_lock":"UNLOCK","countdown":0,"current":0.36,"energy":249.15,"indicator_mode":"off/on","linkquality":145,"power":41,"power_outage_memory":"restore","state":"ON","voltage":221}'
[2025-05-28 15:02:35] info: 	z2m:mqtt: MQTT publish: topic 'zigbee2mqtt/Compresor', payload '{"child_lock":"UNLOCK","countdown":0,"current":0.36,"energy":249.15,"indicator_mode":"off/on","linkquality":123,"power":41,"power_outage_memory":"restore","state":"OFF","voltage":221}'
[2025-05-28 15:02:35] info: 	z2m:mqtt: MQTT publish: topic 'zigbee2mqtt/Compresor', payload '{"child_lock":"UNLOCK","countdown":0,"current":0.36,"energy":249.15,"indicator_mode":"off/on","linkquality":123,"power":41,"power_outage_memory":"restore","state":"OFF","voltage":221}'
[2025-05-28 15:02:36] info: 	z2m:mqtt: MQTT publish: topic 'zigbee2mqtt/Compresor', payload '{"child_lock":"UNLOCK","countdown":0,"current":0.36,"energy":249.15,"indicator_mode":"off/on","linkquality":116,"power":0,"power_outage_memory":"restore","state":"OFF","voltage":221}'
[2025-05-28 15:02:36] info: 	z2m:mqtt: MQTT publish: topic 'zigbee2mqtt/Compresor', payload '{"child_lock":"UNLOCK","countdown":0,"current":0.36,"energy":249.15,"indicator_mode":"off/on","linkquality":116,"power":0,"power_outage_memory":"restore","state":"OFF","voltage":221}'
[2025-05-28 15:02:40] info: 	z2m:mqtt: MQTT publish: topic 'zigbee2mqtt/Compresor', payload '{"child_lock":"UNLOCK","countdown":0,"current":0.36,"energy":249.15,"indicator_mode":"off/on","linkquality":120,"power":0,"power_outage_memory":"restore","state":"ON","voltage":221}'
[2025-05-28 15:02:40] info: 	z2m:mqtt: MQTT publish: topic 'zigbee2mqtt/Compresor', payload '{"child_lock":"UNLOCK","countdown":0,"current":0.36,"energy":249.15,"indicator_mode":"off/on","linkquality":120,"power":0,"power_outage_memory":"restore","state":"ON","voltage":221}'
[2025-05-28 15:02:42] info: 	z2m:mqtt: MQTT publish: topic 'zigbee2mqtt/Compresor', payload '{"child_lock":"UNLOCK","countdown":0,"current":0.42,"energy":249.15,"indicator_mode":"off/on","linkquality":134,"power":0,"power_outage_memory":"restore","state":"ON","voltage":221}'
[2025-05-28 15:02:43] info: 	z2m:mqtt: MQTT publish: topic 'zigbee2mqtt/Compresor', payload '{"child_lock":"UNLOCK","countdown":0,"current":0.42,"energy":249.15,"indicator_mode":"off/on","linkquality":134,"power":25,"power_outage_memory":"restore","state":"ON","voltage":221}'
[2025-05-28 15:02:48] info: 	z2m:mqtt: MQTT publish: topic 'zigbee2mqtt/Compresor', payload '{"child_lock":"UNLOCK","countdown":0,"current":0.42,"energy":249.15,"indicator_mode":"off/on","linkquality":120,"power":49,"power_outage_memory":"restore","state":"ON","voltage":221}'
[2025-05-28 15:02:50] info: 	z2m:mqtt: MQTT publish: topic 'zigbee2mqtt/Compresor', payload '{"child_lock":"UNLOCK","countdown":0,"current":0.36,"energy":249.15,"indicator_mode":"off/on","linkquality":142,"power":49,"power_outage_memory":"restore","state":"ON","voltage":221}'
[2025-05-28 15:03:05] info: 	z2m:mqtt: MQTT publish: topic 'zigbee2mqtt/Compresor', payload '{"child_lock":"UNLOCK","countdown":0,"current":0.45,"energy":249.15,"indicator_mode":"off/on","linkquality":138,"power":49,"power_outage_memory":"restore","state":"ON","voltage":221}'
[2025-05-28 15:03:13] info: 	z2m:mqtt: MQTT publish: topic 'zigbee2mqtt/Compresor', payload '{"child_lock":"UNLOCK","countdown":0,"current":0.38,"energy":249.15,"indicator_mode":"off/on","linkquality":142,"power":49,"power_outage_memory":"restore","state":"ON","voltage":221}'
[2025-05-28 15:03:50] info: 	z2m:mqtt: MQTT publish: topic 'zigbee2mqtt/Compresor', payload '{"child_lock":"UNLOCK","countdown":0,"current":0.44,"energy":249.15,"indicator_mode":"off/on","linkquality":127,"power":49,"power_outage_memory":"restore","state":"ON","voltage":221}'
[2025-05-28 15:03:55] info: 	z2m:mqtt: MQTT publish: topic 'zigbee2mqtt/Compresor', payload '{"child_lock":"UNLOCK","countdown":0,"current":0.38,"energy":249.15,"indicator_mode":"off/on","linkquality":134,"power":49,"power_outage_memory":"restore","state":"ON","voltage":221}'
[2025-05-28 15:06:31] info: 	z2m:mqtt: MQTT publish: topic 'zigbee2mqtt/Compresor', payload '{"child_lock":"UNLOCK","countdown":0,"current":0.35,"energy":249.15,"indicator_mode":"off/on","linkquality":134,"power":43,"power_outage_memory":"restore","state":"ON","voltage":220}'
[2025-05-28 15:06:31] info: 	z2m:mqtt: MQTT publish: topic 'zigbee2mqtt/Compresor', payload '{"child_lock":"UNLOCK","countdown":0,"current":0.35,"energy":249.15,"indicator_mode":"off/on","linkquality":138,"power":43,"power_outage_memory":"restore","state":"ON","voltage":220}'
[2025-05-28 15:06:53] info: 	z2m:mqtt: MQTT publish: topic 'zigbee2mqtt/Compresor', payload '{"child_lock":"UNLOCK","countdown":0,"current":0.3,"energy":249.15,"indicator_mode":"off/on","linkquality":131,"power":43,"power_outage_memory":"restore","state":"ON","voltage":220}'
[2025-05-28 15:06:53] info: 	z2m:mqtt: MQTT publish: topic 'zigbee2mqtt/Compresor', payload '{"child_lock":"UNLOCK","countdown":0,"current":0.3,"energy":249.15,"indicator_mode":"off/on","linkquality":131,"power":35,"power_outage_memory":"restore","state":"ON","voltage":220}'
[2025-05-28 15:06:58] info: 	z2m:mqtt: MQTT publish: topic 'zigbee2mqtt/Compresor', payload '{"child_lock":"UNLOCK","countdown":0,"current":0.35,"energy":249.15,"indicator_mode":"off/on","linkquality":138,"power":35,"power_outage_memory":"restore","state":"ON","voltage":220}'
[2025-05-28 15:07:11] info: 	z2m:mqtt: MQTT publish: topic 'zigbee2mqtt/Compresor', payload '{"child_lock":"UNLOCK","countdown":0,"current":0.41,"energy":249.15,"indicator_mode":"off/on","linkquality":138,"power":35,"power_outage_memory":"restore","state":"ON","voltage":220}'
[2025-05-28 15:07:11] info: 	z2m:mqtt: MQTT publish: topic 'zigbee2mqtt/Compresor', payload '{"child_lock":"UNLOCK","countdown":0,"current":0.41,"energy":249.15,"indicator_mode":"off/on","linkquality":134,"power":49,"power_outage_memory":"restore","state":"ON","voltage":220}'
[2025-05-28 15:07:16] info: 	z2m:mqtt: MQTT publish: topic 'zigbee2mqtt/Compresor', payload '{"child_lock":"UNLOCK","countdown":0,"current":0.35,"energy":249.15,"indicator_mode":"off/on","linkquality":131,"power":49,"power_outage_memory":"restore","state":"ON","voltage":220}'
[2025-05-28 15:07:18] info: 	z2m:mqtt: MQTT publish: topic 'zigbee2mqtt/Compresor', payload '{"child_lock":"UNLOCK","countdown":0,"current":0.35,"energy":249.15,"indicator_mode":"off/on","linkquality":131,"power":37,"power_outage_memory":"restore","state":"ON","voltage":220}'
[2025-05-28 15:08:09] info: 	z2m:mqtt: MQTT publish: topic 'zigbee2mqtt/Compresor', payload '{"child_lock":"UNLOCK","countdown":0,"current":0.3,"energy":249.15,"indicator_mode":"off/on","linkquality":142,"power":37,"power_outage_memory":"restore","state":"ON","voltage":220}'
[2025-05-28 15:08:15] info: 	z2m:mqtt: MQTT publish: topic 'zigbee2mqtt/Compresor', payload '{"child_lock":"UNLOCK","countdown":0,"current":0.36,"energy":249.15,"indicator_mode":"off/on","linkquality":145,"power":37,"power_outage_memory":"restore","state":"ON","voltage":220}'
[2025-05-28 15:08:21] info: 	z2m:mqtt: MQTT publish: topic 'zigbee2mqtt/Compresor', payload '{"child_lock":"UNLOCK","countdown":0,"current":0.45,"energy":249.15,"indicator_mode":"off/on","linkquality":142,"power":37,"power_outage_memory":"restore","state":"ON","voltage":220}'
[2025-05-28 15:08:21] info: 	z2m:mqtt: MQTT publish: topic 'zigbee2mqtt/Compresor', payload '{"child_lock":"UNLOCK","countdown":0,"current":0.45,"energy":249.15,"indicator_mode":"off/on","linkquality":142,"power":54,"power_outage_memory":"restore","state":"ON","voltage":220}'
[2025-05-28 15:08:26] info: 	z2m:mqtt: MQTT publish: topic 'zigbee2mqtt/Compresor', payload '{"child_lock":"UNLOCK","countdown":0,"current":0.39,"energy":249.15,"indicator_mode":"off/on","linkquality":142,"power":54,"power_outage_memory":"restore","state":"ON","voltage":220}'
[2025-05-28 15:08:45] info: 	z2m:mqtt: MQTT publish: topic 'zigbee2mqtt/Compresor', payload '{"child_lock":"UNLOCK","countdown":0,"current":0.39,"energy":249.15,"indicator_mode":"off/on","linkquality":145,"power":43,"power_outage_memory":"restore","state":"ON","voltage":220}'
[2025-05-28 15:08:48] info: 	z2m:mqtt: MQTT publish: topic 'zigbee2mqtt/Compresor', payload '{"child_lock":"UNLOCK","countdown":0,"current":0.33,"energy":249.15,"indicator_mode":"off/on","linkquality":149,"power":43,"power_outage_memory":"restore","state":"ON","voltage":220}'
[2025-05-28 15:11:03] info: 	z2m:mqtt: MQTT publish: topic 'zigbee2mqtt/Compresor', payload '{"child_lock":"UNLOCK","countdown":0,"current":0.39,"energy":249.15,"indicator_mode":"off/on","linkquality":142,"power":43,"power_outage_memory":"restore","state":"ON","voltage":220}'
[2025-05-28 15:11:18] info: 	z2m:mqtt: MQTT publish: topic 'zigbee2mqtt/Compresor', payload '{"child_lock":"UNLOCK","countdown":0,"current":0.45,"energy":249.15,"indicator_mode":"off/on","linkquality":131,"power":43,"power_outage_memory":"restore","state":"ON","voltage":220}'
[2025-05-28 15:11:18] info: 	z2m:mqtt: MQTT publish: topic 'zigbee2mqtt/Compresor', payload '{"child_lock":"UNLOCK","countdown":0,"current":0.45,"energy":249.15,"indicator_mode":"off/on","linkquality":131,"power":54,"power_outage_memory":"restore","state":"ON","voltage":220}'
[2025-05-28 15:11:34] info: 	z2m:mqtt: MQTT publish: topic 'zigbee2mqtt/Compresor', payload '{"child_lock":"UNLOCK","countdown":0,"current":0.37,"energy":249.15,"indicator_mode":"off/on","linkquality":138,"power":54,"power_outage_memory":"restore","state":"ON","voltage":220}'
[2025-05-28 15:11:34] info: 	z2m:mqtt: MQTT publish: topic 'zigbee2mqtt/Compresor', payload '{"child_lock":"UNLOCK","countdown":0,"current":0.37,"energy":249.15,"indicator_mode":"off/on","linkquality":142,"power":43,"power_outage_memory":"restore","state":"ON","voltage":220}'
[2025-05-28 15:11:41] info: 	z2m:mqtt: MQTT publish: topic 'zigbee2mqtt/Compresor', payload '{"child_lock":"UNLOCK","countdown":0,"current":0.3,"energy":249.15,"indicator_mode":"off/on","linkquality":142,"power":43,"power_outage_memory":"restore","state":"ON","voltage":220}'
[2025-05-28 15:11:46] info: 	z2m:mqtt: MQTT publish: topic 'zigbee2mqtt/Compresor', payload '{"child_lock":"UNLOCK","countdown":0,"current":0.37,"energy":249.15,"indicator_mode":"off/on","linkquality":145,"power":43,"power_outage_memory":"restore","state":"ON","voltage":220}'
[2025-05-28 15:11:53] info: 	z2m:mqtt: MQTT publish: topic 'zigbee2mqtt/Compresor', payload '{"child_lock":"UNLOCK","countdown":0,"current":0.37,"energy":249.15,"indicator_mode":"off/on","linkquality":142,"power":44,"power_outage_memory":"restore","state":"ON","voltage":220}'
[2025-05-28 15:11:53] info: 	z2m:mqtt: MQTT publish: topic 'zigbee2mqtt/Compresor', payload '{"child_lock":"UNLOCK","countdown":0,"current":0.37,"energy":249.15,"indicator_mode":"off/on","linkquality":142,"power":44,"power_outage_memory":"restore","state":"ON","voltage":220}'
[2025-05-28 15:13:59] info: 	z2m:mqtt: MQTT publish: topic 'zigbee2mqtt/Compresor', payload '{"child_lock":"UNLOCK","countdown":0,"current":0.37,"energy":249.16,"indicator_mode":"off/on","linkquality":145,"power":44,"power_outage_memory":"restore","state":"ON","voltage":220}'
[2025-05-28 15:14:42] info: 	z2m:mqtt: MQTT publish: topic 'zigbee2mqtt/Compresor', payload '{"child_lock":"UNLOCK","countdown":0,"current":0.31,"energy":249.16,"indicator_mode":"off/on","linkquality":145,"power":44,"power_outage_memory":"restore","state":"ON","voltage":220}'
[2025-05-28 15:15:05] info: 	z2m:mqtt: MQTT publish: topic 'zigbee2mqtt/Compresor', payload '{"child_lock":"UNLOCK","countdown":0,"current":0.36,"energy":249.16,"indicator_mode":"off/on","linkquality":142,"power":44,"power_outage_memory":"restore","state":"ON","voltage":220}'
[2025-05-28 15:17:02] info: 	z2m:mqtt: MQTT publish: topic 'zigbee2mqtt/Compresor', payload '{"child_lock":"UNLOCK","countdown":0,"current":0.3,"energy":249.16,"indicator_mode":"off/on","linkquality":145,"power":44,"power_outage_memory":"restore","state":"ON","voltage":220}'
[2025-05-28 15:17:22] info: 	z2m:mqtt: MQTT publish: topic 'zigbee2mqtt/Compresor', payload '{"child_lock":"UNLOCK","countdown":0,"current":0.3,"energy":249.16,"indicator_mode":"off/on","linkquality":149,"power":32,"power_outage_memory":"restore","state":"ON","voltage":220}'
[2025-05-28 15:17:51] info: 	z2m:mqtt: MQTT publish: topic 'zigbee2mqtt/Compresor', payload '{"child_lock":"UNLOCK","countdown":0,"current":0.25,"energy":249.16,"indicator_mode":"off/on","linkquality":145,"power":32,"power_outage_memory":"restore","state":"ON","voltage":220}'
[2025-05-28 15:19:16] info: 	z2m:mqtt: MQTT publish: topic 'zigbee2mqtt/Compresor', payload '{"child_lock":"UNLOCK","countdown":0,"current":0.25,"energy":249.16,"indicator_mode":"off/on","linkquality":145,"power":28,"power_outage_memory":"restore","state":"ON","voltage":221}'
[2025-05-28 15:19:17] info: 	z2m:mqtt: MQTT publish: topic 'zigbee2mqtt/Compresor', payload '{"child_lock":"UNLOCK","countdown":0,"current":0.25,"energy":249.16,"indicator_mode":"off/on","linkquality":145,"power":28,"power_outage_memory":"restore","state":"ON","voltage":221}'
[2025-05-28 15:19:30] info: 	z2m:mqtt: MQTT publish: topic 'zigbee2mqtt/Compresor', payload '{"child_lock":"UNLOCK","countdown":0,"current":0.3,"energy":249.16,"indicator_mode":"off/on","linkquality":145,"power":28,"power_outage_memory":"restore","state":"ON","voltage":221}'
[2025-05-28 15:19:39] info: 	z2m:mqtt: MQTT publish: topic 'zigbee2mqtt/Compresor', payload '{"child_lock":"UNLOCK","countdown":0,"current":0.25,"energy":249.16,"indicator_mode":"off/on","linkquality":138,"power":28,"power_outage_memory":"restore","state":"ON","voltage":221}'
[2025-05-28 15:20:25] info: 	z2m:mqtt: MQTT publish: topic 'zigbee2mqtt/Compresor', payload '{"child_lock":"UNLOCK","countdown":0,"current":0.31,"energy":249.16,"indicator_mode":"off/on","linkquality":149,"power":28,"power_outage_memory":"restore","state":"ON","voltage":221}'
[2025-05-28 15:20:32] info: 	z2m:mqtt: MQTT publish: topic 'zigbee2mqtt/Compresor', payload '{"child_lock":"UNLOCK","countdown":0,"current":0.25,"energy":249.16,"indicator_mode":"off/on","linkquality":142,"power":28,"power_outage_memory":"restore","state":"ON","voltage":221}'
[2025-05-28 15:20:41] info: 	z2m:mqtt: MQTT publish: topic 'zigbee2mqtt/Compresor', payload '{"child_lock":"UNLOCK","countdown":0,"current":0.33,"energy":249.16,"indicator_mode":"off/on","linkquality":142,"power":28,"power_outage_memory":"restore","state":"ON","voltage":221}'
[2025-05-28 15:20:46] info: 	z2m:mqtt: MQTT publish: topic 'zigbee2mqtt/Compresor', payload '{"child_lock":"UNLOCK","countdown":0,"current":0.26,"energy":249.16,"indicator_mode":"off/on","linkquality":138,"power":28,"power_outage_memory":"restore","state":"ON","voltage":221}'
[2025-05-28 15:24:30] info: 	z2m:mqtt: MQTT publish: topic 'zigbee2mqtt/Compresor', payload '{"child_lock":"UNLOCK","countdown":0,"current":0.31,"energy":249.16,"indicator_mode":"off/on","linkquality":145,"power":28,"power_outage_memory":"restore","state":"ON","voltage":221}'
[2025-05-28 15:24:41] info: 	z2m:mqtt: MQTT publish: topic 'zigbee2mqtt/Compresor', payload '{"child_lock":"UNLOCK","countdown":0,"current":0.27,"energy":249.16,"indicator_mode":"off/on","linkquality":134,"power":30,"power_outage_memory":"restore","state":"ON","voltage":221}'
[2025-05-28 15:24:41] info: 	z2m:mqtt: MQTT publish: topic 'zigbee2mqtt/Compresor', payload '{"child_lock":"UNLOCK","countdown":0,"current":0.27,"energy":249.16,"indicator_mode":"off/on","linkquality":134,"power":30,"power_outage_memory":"restore","state":"ON","voltage":221}'
[2025-05-28 15:25:10] info: 	z2m:mqtt: MQTT publish: topic 'zigbee2mqtt/Compresor', payload '{"child_lock":"UNLOCK","countdown":0,"current":0.25,"energy":249.16,"indicator_mode":"off/on","linkquality":134,"power":30,"power_outage_memory":"restore","state":"ON","voltage":221}'
[2025-05-28 15:25:25] info: 	z2m:mqtt: MQTT publish: topic 'zigbee2mqtt/Compresor', payload '{"child_lock":"UNLOCK","countdown":0,"current":0.31,"energy":249.16,"indicator_mode":"off/on","linkquality":134,"power":30,"power_outage_memory":"restore","state":"ON","voltage":221}'
[2025-05-28 15:25:44] info: 	z2m:mqtt: MQTT publish: topic 'zigbee2mqtt/Compresor', payload '{"child_lock":"UNLOCK","countdown":0,"current":0.26,"energy":249.16,"indicator_mode":"off/on","linkquality":134,"power":30,"power_outage_memory":"restore","state":"ON","voltage":221}'
[2025-05-28 15:26:48] info: 	z2m:mqtt: MQTT publish: topic 'zigbee2mqtt/Compresor', payload '{"child_lock":"UNLOCK","countdown":0,"current":0.35,"energy":249.16,"indicator_mode":"off/on","linkquality":142,"power":30,"power_outage_memory":"restore","state":"ON","voltage":221}'
[2025-05-28 15:26:53] info: 	z2m:mqtt: MQTT publish: topic 'zigbee2mqtt/Compresor', payload '{"child_lock":"UNLOCK","countdown":0,"current":0.27,"energy":249.16,"indicator_mode":"off/on","linkquality":116,"power":30,"power_outage_memory":"restore","state":"ON","voltage":221}'
[2025-05-28 15:27:35] info: 	z2m:mqtt: MQTT publish: topic 'zigbee2mqtt/Compresor', payload '{"child_lock":"UNLOCK","countdown":0,"current":0.27,"energy":249.16,"indicator_mode":"off/on","linkquality":131,"power":30,"power_outage_memory":"restore","state":"ON","voltage":221}'
[2025-05-28 15:27:43] info: 	z2m:mqtt: MQTT publish: topic 'zigbee2mqtt/Compresor', payload '{"child_lock":"UNLOCK","countdown":0,"current":0.27,"energy":249.16,"indicator_mode":"off/on","linkquality":163,"power":30,"power_outage_memory":"restore","state":"ON","voltage":223}'
[2025-05-28 15:27:43] info: 	z2m:mqtt: MQTT publish: topic 'zigbee2mqtt/Compresor', payload '{"child_lock":"UNLOCK","countdown":0,"current":0.27,"energy":249.16,"indicator_mode":"off/on","linkquality":171,"power":30,"power_outage_memory":"restore","state":"ON","voltage":223}'
[2025-05-28 15:27:58] info: 	z2m:mqtt: MQTT publish: topic 'zigbee2mqtt/Compresor', payload '{"child_lock":"UNLOCK","countdown":0,"current":0.27,"energy":249.16,"indicator_mode":"off/on","linkquality":156,"power":30,"power_outage_memory":"restore","state":"ON","voltage":223}'
[2025-05-28 15:28:57] info: 	z2m:mqtt: MQTT publish: topic 'zigbee2mqtt/Compresor', payload '{"child_lock":"UNLOCK","countdown":0,"current":0.27,"energy":249.16,"indicator_mode":"off/on","linkquality":153,"power":30,"power_outage_memory":"restore","state":"ON","voltage":223}'
[2025-05-28 15:28:58] info: 	z2m:mqtt: MQTT publish: topic 'zigbee2mqtt/Compresor', payload '{"child_lock":"UNLOCK","countdown":0,"current":0.27,"energy":249.16,"indicator_mode":"off/on","linkquality":153,"power":30,"power_outage_memory":"restore","state":"ON","voltage":223}'
[2025-05-28 15:29:08] info: 	z2m:mqtt: MQTT publish: topic 'zigbee2mqtt/Compresor', payload '{"child_lock":"UNLOCK","countdown":0,"current":0.27,"energy":249.16,"indicator_mode":"off/on","linkquality":153,"power":0,"power_outage_memory":"restore","state":"ON","voltage":223}'
[2025-05-28 15:29:08] info: 	z2m:mqtt: MQTT publish: topic 'zigbee2mqtt/Compresor', payload '{"child_lock":"UNLOCK","countdown":0,"current":0,"energy":249.16,"indicator_mode":"off/on","linkquality":153,"power":0,"power_outage_memory":"restore","state":"ON","voltage":223}'
[2025-05-28 15:29:09] info: 	z2m:mqtt: MQTT publish: topic 'zigbee2mqtt/Compresor', payload '{"child_lock":"UNLOCK","countdown":0,"current":5.76,"energy":249.16,"indicator_mode":"off/on","linkquality":153,"power":0,"power_outage_memory":"restore","state":"ON","voltage":223}'
[2025-05-28 15:29:09] info: 	z2m:mqtt: MQTT publish: topic 'zigbee2mqtt/Compresor', payload '{"child_lock":"UNLOCK","countdown":0,"current":5.76,"energy":249.16,"indicator_mode":"off/on","linkquality":149,"power":914,"power_outage_memory":"restore","state":"ON","voltage":223}'
[2025-05-28 15:29:14] info: 	z2m:mqtt: MQTT publish: topic 'zigbee2mqtt/Compresor', payload '{"child_lock":"UNLOCK","countdown":0,"current":5.59,"energy":249.16,"indicator_mode":"off/on","linkquality":153,"power":914,"power_outage_memory":"restore","state":"ON","voltage":223}'
[2025-05-28 15:29:15] info: 	z2m:mqtt: MQTT publish: topic 'zigbee2mqtt/Compresor', payload '{"child_lock":"UNLOCK","countdown":0,"current":5.59,"energy":249.16,"indicator_mode":"off/on","linkquality":156,"power":902,"power_outage_memory":"restore","state":"ON","voltage":223}'
[2025-05-28 15:29:38] info: 	z2m:mqtt: MQTT publish: topic 'zigbee2mqtt/Compresor', payload '{"child_lock":"UNLOCK","countdown":0,"current":5.59,"energy":249.16,"indicator_mode":"off/on","linkquality":156,"power":913,"power_outage_memory":"restore","state":"ON","voltage":223}'
[2025-05-28 15:29:42] info: 	z2m:mqtt: MQTT publish: topic 'zigbee2mqtt/Compresor', payload '{"child_lock":"UNLOCK","countdown":0,"current":0.62,"energy":249.16,"indicator_mode":"off/on","linkquality":160,"power":913,"power_outage_memory":"restore","state":"ON","voltage":223}'
[2025-05-28 15:29:54] info: 	z2m:mqtt: MQTT publish: topic 'zigbee2mqtt/Compresor', payload '{"child_lock":"UNLOCK","countdown":0,"current":0.62,"energy":249.16,"indicator_mode":"off/on","linkquality":153,"power":0,"power_outage_memory":"restore","state":"ON","voltage":223}'
[2025-05-28 15:29:58] info: 	z2m:mqtt: MQTT publish: topic 'zigbee2mqtt/Compresor', payload '{"child_lock":"UNLOCK","countdown":0,"current":0,"energy":249.16,"indicator_mode":"off/on","linkquality":153,"power":0,"power_outage_memory":"restore","state":"ON","voltage":223}'
[2025-05-28 15:31:49] info: 	z2m:mqtt: MQTT publish: topic 'zigbee2mqtt/Compresor', payload '{"child_lock":"UNLOCK","countdown":0,"current":8.32,"energy":249.16,"indicator_mode":"off/on","linkquality":167,"power":0,"power_outage_memory":"restore","state":"ON","voltage":223}'
[2025-05-28 15:31:49] info: 	z2m:mqtt: MQTT publish: topic 'zigbee2mqtt/Compresor', payload '{"child_lock":"UNLOCK","countdown":0,"current":8.32,"energy":249.16,"indicator_mode":"off/on","linkquality":167,"power":1126,"power_outage_memory":"restore","state":"ON","voltage":223}'
[2025-05-28 15:31:53] info: 	z2m:mqtt: MQTT publish: topic 'zigbee2mqtt/Compresor', payload '{"child_lock":"UNLOCK","countdown":0,"current":8.32,"energy":249.17,"indicator_mode":"off/on","linkquality":142,"power":1126,"power_outage_memory":"restore","state":"ON","voltage":223}'
[2025-05-28 15:31:54] info: 	z2m:mqtt: MQTT publish: topic 'zigbee2mqtt/Compresor', payload '{"child_lock":"UNLOCK","countdown":0,"current":5.43,"energy":249.17,"indicator_mode":"off/on","linkquality":145,"power":1126,"power_outage_memory":"restore","state":"ON","voltage":223}'
[2025-05-28 15:31:54] info: 	z2m:mqtt: MQTT publish: topic 'zigbee2mqtt/Compresor', payload '{"child_lock":"UNLOCK","countdown":0,"current":5.43,"energy":249.17,"indicator_mode":"off/on","linkquality":142,"power":862,"power_outage_memory":"restore","state":"ON","voltage":223}'
[2025-05-28 15:32:13] info: 	z2m:mqtt: MQTT publish: topic 'zigbee2mqtt/Compresor', payload '{"child_lock":"UNLOCK","countdown":0,"current":5.43,"energy":249.17,"indicator_mode":"off/on","linkquality":145,"power":873,"power_outage_memory":"restore","state":"ON","voltage":223}'
[2025-05-28 15:32:20] info: 	z2m:mqtt: MQTT publish: topic 'zigbee2mqtt/Compresor', payload '{"child_lock":"UNLOCK","countdown":0,"current":5.48,"energy":249.17,"indicator_mode":"off/on","linkquality":142,"power":873,"power_outage_memory":"restore","state":"ON","voltage":223}'
[2025-05-28 15:32:27] info: 	z2m:mqtt: MQTT publish: topic 'zigbee2mqtt/Compresor', payload '{"child_lock":"UNLOCK","countdown":0,"current":5.48,"energy":249.17,"indicator_mode":"off/on","linkquality":149,"power":884,"power_outage_memory":"restore","state":"ON","voltage":223}'
[2025-05-28 15:32:31] info: 	z2m:mqtt: MQTT publish: topic 'zigbee2mqtt/Compresor', payload '{"child_lock":"UNLOCK","countdown":0,"current":0.65,"energy":249.17,"indicator_mode":"off/on","linkquality":149,"power":884,"power_outage_memory":"restore","state":"ON","voltage":223}'
[2025-05-28 15:32:43] info: 	z2m:mqtt: MQTT publish: topic 'zigbee2mqtt/Compresor', payload '{"child_lock":"UNLOCK","countdown":0,"current":0.65,"energy":249.17,"indicator_mode":"off/on","linkquality":153,"power":0,"power_outage_memory":"restore","state":"ON","voltage":223}'
[2025-05-28 15:32:47] info: 	z2m:mqtt: MQTT publish: topic 'zigbee2mqtt/Compresor', payload '{"child_lock":"UNLOCK","countdown":0,"current":0,"energy":249.17,"indicator_mode":"off/on","linkquality":153,"power":0,"power_outage_memory":"restore","state":"ON","voltage":223}'
[2025-05-28 15:35:56] info: 	z2m:mqtt: MQTT publish: topic 'zigbee2mqtt/Compresor', payload '{"child_lock":"UNLOCK","countdown":0,"current":0,"energy":249.17,"indicator_mode":"off/on","linkquality":149,"power":0,"power_outage_memory":"restore","state":"ON","voltage":215}'
[2025-05-28 15:35:56] info: 	z2m:mqtt: MQTT publish: topic 'zigbee2mqtt/Compresor', payload '{"child_lock":"UNLOCK","countdown":0,"current":0,"energy":249.17,"indicator_mode":"off/on","linkquality":149,"power":2101,"power_outage_memory":"restore","state":"ON","voltage":215}'
[2025-05-28 15:35:56] info: 	z2m:mqtt: MQTT publish: topic 'zigbee2mqtt/Compresor', payload '{"child_lock":"UNLOCK","countdown":0,"current":14.39,"energy":249.17,"indicator_mode":"off/on","linkquality":149,"power":2101,"power_outage_memory":"restore","state":"ON","voltage":215}'
[2025-05-28 15:35:58] info: 	z2m:mqtt: MQTT publish: topic 'zigbee2mqtt/Compresor', payload '{"child_lock":"UNLOCK","countdown":0,"current":14.39,"energy":249.18,"indicator_mode":"off/on","linkquality":145,"power":2101,"power_outage_memory":"restore","state":"ON","voltage":215}'
[2025-05-28 15:36:01] info: 	z2m:mqtt: MQTT publish: topic 'zigbee2mqtt/Compresor', payload '{"child_lock":"UNLOCK","countdown":0,"current":5.32,"energy":249.18,"indicator_mode":"off/on","linkquality":149,"power":2101,"power_outage_memory":"restore","state":"ON","voltage":215}'
[2025-05-28 15:36:01] info: 	z2m:mqtt: MQTT publish: topic 'zigbee2mqtt/Compresor', payload '{"child_lock":"UNLOCK","countdown":0,"current":5.32,"energy":249.18,"indicator_mode":"off/on","linkquality":149,"power":834,"power_outage_memory":"restore","state":"ON","voltage":215}'
[2025-05-28 15:36:13] info: 	z2m:mqtt: MQTT publish: topic 'zigbee2mqtt/Compresor', payload '{"child_lock":"UNLOCK","countdown":0,"current":5.32,"energy":249.18,"indicator_mode":"off/on","linkquality":145,"power":846,"power_outage_memory":"restore","state":"ON","voltage":215}'
[2025-05-28 15:36:15] info: 	z2m:mqtt: MQTT publish: topic 'zigbee2mqtt/Compresor', payload '{"child_lock":"UNLOCK","countdown":0,"current":5.37,"energy":249.18,"indicator_mode":"off/on","linkquality":145,"power":846,"power_outage_memory":"restore","state":"ON","voltage":215}'
[2025-05-28 15:36:28] info: 	z2m:mqtt: MQTT publish: topic 'zigbee2mqtt/Compresor', payload '{"child_lock":"UNLOCK","countdown":0,"current":5.37,"energy":249.18,"indicator_mode":"off/on","linkquality":149,"power":857,"power_outage_memory":"restore","state":"ON","voltage":215}'
[2025-05-28 15:36:34] info: 	z2m:mqtt: MQTT publish: topic 'zigbee2mqtt/Compresor', payload '{"child_lock":"UNLOCK","countdown":0,"current":5.43,"energy":249.18,"indicator_mode":"off/on","linkquality":145,"power":857,"power_outage_memory":"restore","state":"ON","voltage":215}'
[2025-05-28 15:36:37] info: 	z2m:mqtt: MQTT publish: topic 'zigbee2mqtt/Compresor', payload '{"child_lock":"UNLOCK","countdown":0,"current":5.43,"energy":249.18,"indicator_mode":"off/on","linkquality":149,"power":868,"power_outage_memory":"restore","state":"ON","voltage":215}'
[2025-05-28 15:36:39] info: 	z2m:mqtt: MQTT publish: topic 'zigbee2mqtt/Compresor', payload '{"child_lock":"UNLOCK","countdown":0,"current":5.43,"energy":249.18,"indicator_mode":"off/on","linkquality":149,"power":868,"power_outage_memory":"restore","state":"ON","voltage":223}'
[2025-05-28 15:36:39] info: 	z2m:mqtt: MQTT publish: topic 'zigbee2mqtt/Compresor', payload '{"child_lock":"UNLOCK","countdown":0,"current":0.59,"energy":249.18,"indicator_mode":"off/on","linkquality":145,"power":868,"power_outage_memory":"restore","state":"ON","voltage":223}'
[2025-05-28 15:36:53] info: 	z2m:mqtt: MQTT publish: topic 'zigbee2mqtt/Compresor', payload '{"child_lock":"UNLOCK","countdown":0,"current":0.59,"energy":249.18,"indicator_mode":"off/on","linkquality":145,"power":0,"power_outage_memory":"restore","state":"ON","voltage":223}'
[2025-05-28 15:36:55] info: 	z2m:mqtt: MQTT publish: topic 'zigbee2mqtt/Compresor', payload '{"child_lock":"UNLOCK","countdown":0,"current":0,"energy":249.18,"indicator_mode":"off/on","linkquality":145,"power":0,"power_outage_memory":"restore","state":"ON","voltage":223}'
[2025-05-28 15:41:25] info: 	z2m:mqtt: MQTT publish: topic 'zigbee2mqtt/Compresor', payload '{"child_lock":"UNLOCK","countdown":0,"current":0,"energy":249.18,"indicator_mode":"off/on","linkquality":149,"power":0,"power_outage_memory":"restore","state":"ON","voltage":223}'
[2025-05-28 15:41:25] info: 	z2m:mqtt: MQTT publish: topic 'zigbee2mqtt/Compresor', payload '{"child_lock":"UNLOCK","countdown":0,"current":0,"energy":249.18,"indicator_mode":"off/on","linkquality":145,"power":0,"power_outage_memory":"restore","state":"ON","voltage":223}'
[2025-05-28 15:41:36] info: 	z2m:mqtt: MQTT publish: topic 'zigbee2mqtt/Compresor', payload '{"child_lock":"UNLOCK","countdown":0,"current":0,"energy":249.18,"indicator_mode":"off/on","linkquality":149,"power":0,"power_outage_memory":"restore","state":"ON","voltage":223}'
[2025-05-28 15:41:36] info: 	z2m:mqtt: MQTT publish: topic 'zigbee2mqtt/Compresor', payload '{"child_lock":"UNLOCK","countdown":0,"current":0,"energy":249.18,"indicator_mode":"off/on","linkquality":149,"power":0,"power_outage_memory":"restore","state":"ON","voltage":223}'
[2025-05-28 15:46:31] info: 	z2m:mqtt: MQTT publish: topic 'zigbee2mqtt/Compresor', payload '{"child_lock":"UNLOCK","countdown":0,"current":0,"energy":249.18,"indicator_mode":"off/on","linkquality":153,"power":0,"power_outage_memory":"restore","state":"ON","voltage":223}'
[2025-05-28 15:46:31] info: 	z2m:mqtt: MQTT publish: topic 'zigbee2mqtt/Compresor', payload '{"child_lock":"UNLOCK","countdown":0,"current":0,"energy":249.18,"indicator_mode":"off/on","linkquality":153,"power":0,"power_outage_memory":"restore","state":"ON","voltage":223}'
[2025-05-28 15:46:42] info: 	z2m:mqtt: MQTT publish: topic 'zigbee2mqtt/Compresor', payload '{"child_lock":"UNLOCK","countdown":0,"current":0,"energy":249.18,"indicator_mode":"off/on","linkquality":153,"power":0,"power_outage_memory":"restore","state":"ON","voltage":223}'
[2025-05-28 15:46:42] info: 	z2m:mqtt: MQTT publish: topic 'zigbee2mqtt/Compresor', payload '{"child_lock":"UNLOCK","countdown":0,"current":0,"energy":249.18,"indicator_mode":"off/on","linkquality":153,"power":0,"power_outage_memory":"restore","state":"ON","voltage":223}'
[2025-05-28 15:51:49] info: 	z2m:mqtt: MQTT publish: topic 'zigbee2mqtt/Compresor', payload '{"child_lock":"UNLOCK","countdown":0,"current":0,"energy":249.18,"indicator_mode":"off/on","linkquality":149,"power":0,"power_outage_memory":"restore","state":"ON","voltage":222}'
[2025-05-28 15:51:49] info: 	z2m:mqtt: MQTT publish: topic 'zigbee2mqtt/Compresor', payload '{"child_lock":"UNLOCK","countdown":0,"current":0,"energy":249.18,"indicator_mode":"off/on","linkquality":149,"power":0,"power_outage_memory":"restore","state":"ON","voltage":222}'
[2025-05-28 15:52:00] info: 	z2m:mqtt: MQTT publish: topic 'zigbee2mqtt/Compresor', payload '{"child_lock":"UNLOCK","countdown":0,"current":0,"energy":249.18,"indicator_mode":"off/on","linkquality":149,"power":0,"power_outage_memory":"restore","state":"ON","voltage":222}'
[2025-05-28 15:52:00] info: 	z2m:mqtt: MQTT publish: topic 'zigbee2mqtt/Compresor', payload '{"child_lock":"UNLOCK","countdown":0,"current":0,"energy":249.18,"indicator_mode":"off/on","linkquality":149,"power":0,"power_outage_memory":"restore","state":"ON","voltage":222}'
[2025-05-28 15:56:52] info: 	z2m:mqtt: MQTT publish: topic 'zigbee2mqtt/Compresor', payload '{"child_lock":"UNLOCK","countdown":0,"current":0,"energy":249.18,"indicator_mode":"off/on","linkquality":149,"power":0,"power_outage_memory":"restore","state":"ON","voltage":223}'
[2025-05-28 15:56:52] info: 	z2m:mqtt: MQTT publish: topic 'zigbee2mqtt/Compresor', payload '{"child_lock":"UNLOCK","countdown":0,"current":0,"energy":249.18,"indicator_mode":"off/on","linkquality":149,"power":0,"power_outage_memory":"restore","state":"ON","voltage":223}'
[2025-05-28 15:57:03] info: 	z2m:mqtt: MQTT publish: topic 'zigbee2mqtt/Compresor', payload '{"child_lock":"UNLOCK","countdown":0,"current":0,"energy":249.18,"indicator_mode":"off/on","linkquality":149,"power":0,"power_outage_memory":"restore","state":"ON","voltage":223}'
[2025-05-28 15:57:03] info: 	z2m:mqtt: MQTT publish: topic 'zigbee2mqtt/Compresor', payload '{"child_lock":"UNLOCK","countdown":0,"current":0,"energy":249.18,"indicator_mode":"off/on","linkquality":149,"power":0,"power_outage_memory":"restore","state":"ON","voltage":223}'
[2025-05-28 16:01:53] info: 	z2m:mqtt: MQTT publish: topic 'zigbee2mqtt/Compresor', payload '{"child_lock":"UNLOCK","countdown":0,"current":0,"energy":249.18,"indicator_mode":"off/on","linkquality":142,"power":0,"power_outage_memory":"restore","state":"ON","voltage":223}'
[2025-05-28 16:01:53] info: 	z2m:mqtt: MQTT publish: topic 'zigbee2mqtt/Compresor', payload '{"child_lock":"UNLOCK","countdown":0,"current":0,"energy":249.18,"indicator_mode":"off/on","linkquality":134,"power":0,"power_outage_memory":"restore","state":"ON","voltage":223}'
[2025-05-28 16:02:04] info: 	z2m:mqtt: MQTT publish: topic 'zigbee2mqtt/Compresor', payload '{"child_lock":"UNLOCK","countdown":0,"current":0,"energy":249.18,"indicator_mode":"off/on","linkquality":134,"power":0,"power_outage_memory":"restore","state":"ON","voltage":223}'
[2025-05-28 16:02:04] info: 	z2m:mqtt: MQTT publish: topic 'zigbee2mqtt/Compresor', payload '{"child_lock":"UNLOCK","countdown":0,"current":0,"energy":249.18,"indicator_mode":"off/on","linkquality":134,"power":0,"power_outage_memory":"restore","state":"ON","voltage":223}'
[2025-05-28 16:06:40] info: 	z2m:mqtt: MQTT publish: topic 'zigbee2mqtt/Compresor', payload '{"child_lock":"UNLOCK","countdown":0,"current":0,"energy":249.18,"indicator_mode":"off/on","linkquality":163,"power":0,"power_outage_memory":"restore","state":"ON","voltage":214}'
[2025-05-28 16:07:22] info: 	z2m:mqtt: MQTT publish: topic 'zigbee2mqtt/Compresor', payload '{"child_lock":"UNLOCK","countdown":0,"current":0,"energy":249.18,"indicator_mode":"off/on","linkquality":149,"power":0,"power_outage_memory":"restore","state":"ON","voltage":220}'
[2025-05-28 16:07:23] info: 	z2m:mqtt: MQTT publish: topic 'zigbee2mqtt/Compresor', payload '{"child_lock":"UNLOCK","countdown":0,"current":0,"energy":249.18,"indicator_mode":"off/on","linkquality":153,"power":0,"power_outage_memory":"restore","state":"ON","voltage":221}'
[2025-05-28 16:07:23] info: 	z2m:mqtt: MQTT publish: topic 'zigbee2mqtt/Compresor', payload '{"child_lock":"UNLOCK","countdown":0,"current":0,"energy":249.18,"indicator_mode":"off/on","linkquality":153,"power":0,"power_outage_memory":"restore","state":"ON","voltage":221}'
[2025-05-28 16:07:34] info: 	z2m:mqtt: MQTT publish: topic 'zigbee2mqtt/Compresor', payload '{"child_lock":"UNLOCK","countdown":0,"current":0,"energy":249.18,"indicator_mode":"off/on","linkquality":156,"power":0,"power_outage_memory":"restore","state":"ON","voltage":221}'
[2025-05-28 16:07:34] info: 	z2m:mqtt: MQTT publish: topic 'zigbee2mqtt/Compresor', payload '{"child_lock":"UNLOCK","countdown":0,"current":0,"energy":249.18,"indicator_mode":"off/on","linkquality":156,"power":0,"power_outage_memory":"restore","state":"ON","voltage":221}'
[2025-05-28 16:12:29] info: 	z2m:mqtt: MQTT publish: topic 'zigbee2mqtt/Compresor', payload '{"child_lock":"UNLOCK","countdown":0,"current":0,"energy":249.18,"indicator_mode":"off/on","linkquality":156,"power":0,"power_outage_memory":"restore","state":"ON","voltage":222}'
[2025-05-28 16:12:29] info: 	z2m:mqtt: MQTT publish: topic 'zigbee2mqtt/Compresor', payload '{"child_lock":"UNLOCK","countdown":0,"current":0,"energy":249.18,"indicator_mode":"off/on","linkquality":156,"power":0,"power_outage_memory":"restore","state":"ON","voltage":222}'
[2025-05-28 16:12:40] info: 	z2m:mqtt: MQTT publish: topic 'zigbee2mqtt/Compresor', payload '{"child_lock":"UNLOCK","countdown":0,"current":0,"energy":249.18,"indicator_mode":"off/on","linkquality":160,"power":0,"power_outage_memory":"restore","state":"ON","voltage":222}'
[2025-05-28 16:12:40] info: 	z2m:mqtt: MQTT publish: topic 'zigbee2mqtt/Compresor', payload '{"child_lock":"UNLOCK","countdown":0,"current":0,"energy":249.18,"indicator_mode":"off/on","linkquality":160,"power":0,"power_outage_memory":"restore","state":"ON","voltage":222}'
[2025-05-28 16:17:29] info: 	z2m:mqtt: MQTT publish: topic 'zigbee2mqtt/Compresor', payload '{"child_lock":"UNLOCK","countdown":0,"current":0,"energy":249.18,"indicator_mode":"off/on","linkquality":145,"power":0,"power_outage_memory":"restore","state":"ON","voltage":223}'
[2025-05-28 16:17:30] info: 	z2m:mqtt: MQTT publish: topic 'zigbee2mqtt/Compresor', payload '{"child_lock":"UNLOCK","countdown":0,"current":0,"energy":249.18,"indicator_mode":"off/on","linkquality":145,"power":0,"power_outage_memory":"restore","state":"ON","voltage":223}'
[2025-05-28 16:17:40] info: 	z2m:mqtt: MQTT publish: topic 'zigbee2mqtt/Compresor', payload '{"child_lock":"UNLOCK","countdown":0,"current":0,"energy":249.18,"indicator_mode":"off/on","linkquality":142,"power":0,"power_outage_memory":"restore","state":"ON","voltage":223}'
[2025-05-28 16:17:40] info: 	z2m:mqtt: MQTT publish: topic 'zigbee2mqtt/Compresor', payload '{"child_lock":"UNLOCK","countdown":0,"current":0,"energy":249.18,"indicator_mode":"off/on","linkquality":142,"power":0,"power_outage_memory":"restore","state":"ON","voltage":223}'
[2025-05-28 16:21:21] info: 	z2m:mqtt: MQTT publish: topic 'zigbee2mqtt/Compresor', payload '{"child_lock":"UNLOCK","countdown":0,"current":8.9,"energy":249.18,"indicator_mode":"off/on","linkquality":145,"power":0,"power_outage_memory":"restore","state":"ON","voltage":223}'
[2025-05-28 16:21:21] info: 	z2m:mqtt: MQTT publish: topic 'zigbee2mqtt/Compresor', payload '{"child_lock":"UNLOCK","countdown":0,"current":8.9,"energy":249.18,"indicator_mode":"off/on","linkquality":145,"power":1228,"power_outage_memory":"restore","state":"ON","voltage":223}'
[2025-05-28 16:21:22] info: 	z2m:mqtt: MQTT publish: topic 'zigbee2mqtt/Compresor', payload '{"child_lock":"UNLOCK","countdown":0,"current":8.9,"energy":249.19,"indicator_mode":"off/on","linkquality":149,"power":1228,"power_outage_memory":"restore","state":"ON","voltage":223}'
[2025-05-28 16:21:26] info: 	z2m:mqtt: MQTT publish: topic 'zigbee2mqtt/Compresor', payload '{"child_lock":"UNLOCK","countdown":0,"current":5.32,"energy":249.19,"indicator_mode":"off/on","linkquality":153,"power":1228,"power_outage_memory":"restore","state":"ON","voltage":223}'
[2025-05-28 16:21:26] info: 	z2m:mqtt: MQTT publish: topic 'zigbee2mqtt/Compresor', payload '{"child_lock":"UNLOCK","countdown":0,"current":5.32,"energy":249.19,"indicator_mode":"off/on","linkquality":156,"power":835,"power_outage_memory":"restore","state":"ON","voltage":223}'
[2025-05-28 16:21:37] info: 	z2m:mqtt: MQTT publish: topic 'zigbee2mqtt/Compresor', payload '{"child_lock":"UNLOCK","countdown":0,"current":5.32,"energy":249.19,"indicator_mode":"off/on","linkquality":145,"power":846,"power_outage_memory":"restore","state":"ON","voltage":223}'
[2025-05-28 16:21:40] info: 	z2m:mqtt: MQTT publish: topic 'zigbee2mqtt/Compresor', payload '{"child_lock":"UNLOCK","countdown":0,"current":5.38,"energy":249.19,"indicator_mode":"off/on","linkquality":149,"power":846,"power_outage_memory":"restore","state":"ON","voltage":223}'
[2025-05-28 16:21:45] info: 	z2m:mqtt: MQTT publish: topic 'zigbee2mqtt/Compresor', payload '{"child_lock":"UNLOCK","countdown":0,"current":5.38,"energy":249.19,"indicator_mode":"off/on","linkquality":145,"power":857,"power_outage_memory":"restore","state":"ON","voltage":223}'
[2025-05-28 16:21:52] info: 	z2m:mqtt: MQTT publish: topic 'zigbee2mqtt/Compresor', payload '{"child_lock":"UNLOCK","countdown":0,"current":5.43,"energy":249.19,"indicator_mode":"off/on","linkquality":145,"power":857,"power_outage_memory":"restore","state":"ON","voltage":223}'
[2025-05-28 16:21:55] info: 	z2m:mqtt: MQTT publish: topic 'zigbee2mqtt/Compresor', payload '{"child_lock":"UNLOCK","countdown":0,"current":5.43,"energy":249.19,"indicator_mode":"off/on","linkquality":149,"power":3,"power_outage_memory":"restore","state":"ON","voltage":223}'
[2025-05-28 16:22:08] info: 	z2m:mqtt: MQTT publish: topic 'zigbee2mqtt/Compresor', payload '{"child_lock":"UNLOCK","countdown":0,"current":0,"energy":249.19,"indicator_mode":"off/on","linkquality":153,"power":0,"power_outage_memory":"restore","state":"ON","voltage":223}'
[2025-05-28 16:26:25] info: 	z2m:mqtt: MQTT publish: topic 'zigbee2mqtt/Compresor', payload '{"child_lock":"UNLOCK","countdown":0,"current":0,"energy":249.19,"indicator_mode":"off/on","linkquality":171,"power":0,"power_outage_memory":"restore","state":"ON","voltage":223}'
[2025-05-28 16:26:25] info: 	z2m:mqtt: MQTT publish: topic 'zigbee2mqtt/Compresor', payload '{"child_lock":"UNLOCK","countdown":0,"current":0,"energy":249.19,"indicator_mode":"off/on","linkquality":120,"power":0,"power_outage_memory":"restore","state":"ON","voltage":223}'
                                                                                                                                                                                                                                                                                                                                                                                                                                                                                                                                                                  