0 verbose cli /usr/local/bin/node /usr/local/bin/npm
1 info using npm@10.8.2
2 info using node@v20.18.0
3 silly config load:file:/usr/local/lib/node_modules/npm/npmrc
4 silly config load:file:/data/.npmrc
5 silly config load:file:/usr/src/node-red/.npmrc
6 silly config load:file:/usr/local/etc/npmrc
7 verbose title npm remove @flowfuse/node-red-dashboard
8 verbose argv "remove" "--no-audit" "--no-update-notifier" "--no-fund" "--save" "@flowfuse/node-red-dashboard"
9 verbose logfile logs-max:10 dir:/data/.npm/_logs/2025-03-31T17_39_17_600Z-
10 verbose logfile /data/.npm/_logs/2025-03-31T17_39_17_600Z-debug-0.log
11 silly packumentCache heap:2038431744 maxSize:509607936 maxEntrySize:254803968
12 silly logfile start cleaning logs, removing 1 files
13 silly logfile done cleaning log files
14 silly idealTree buildDeps
15 silly reify mark retired [ '/data/node_modules/@babel/helper-string-parser' ]
16 silly reify mark retired [ '/data/node_modules/@babel/helper-validator-identifier' ]
17 silly reify mark retired [
17 silly reify   '/data/node_modules/@babel/parser',
17 silly reify   '/data/node_modules/.bin/parser'
17 silly reify ]
18 silly reify mark retired [ '/data/node_modules/@babel/types' ]
19 silly reify mark retired [ '/data/node_modules/@flowfuse/node-red-dashboard' ]
20 silly reify mark retired [ '/data/node_modules/@jridgewell/sourcemap-codec' ]
21 silly reify mark retired [ '/data/node_modules/@kurkle/color' ]
22 silly reify mark retired [ '/data/node_modules/@socket.io/component-emitter' ]
23 silly reify mark retired [ '/data/node_modules/@types/cookie' ]
24 silly reify mark retired [ '/data/node_modules/@types/cors' ]
25 silly reify mark retired [ '/data/node_modules/@types/node' ]
26 silly reify mark retired [ '/data/node_modules/@vue/compiler-core' ]
27 silly reify mark retired [ '/data/node_modules/@vue/compiler-dom' ]
28 silly reify mark retired [ '/data/node_modules/@vue/compiler-sfc' ]
29 silly reify mark retired [ '/data/node_modules/@vue/compiler-ssr' ]
30 silly reify mark retired [ '/data/node_modules/@vue/reactivity' ]
31 silly reify mark retired [ '/data/node_modules/@vue/runtime-core' ]
32 silly reify mark retired [ '/data/node_modules/@vue/runtime-dom' ]
33 silly reify mark retired [ '/data/node_modules/@vue/server-renderer' ]
34 silly reify mark retired [ '/data/node_modules/@vue/shared' ]
35 silly reify mark retired [ '/data/node_modules/accepts' ]
36 silly reify mark retired [ '/data/node_modules/acorn', '/data/node_modules/.bin/acorn' ]
37 silly reify mark retired [ '/data/node_modules/array-flatten' ]
38 silly reify mark retired [ '/data/node_modules/asynckit' ]
39 silly reify mark retired [ '/data/node_modules/axios' ]
40 silly reify mark retired [ '/data/node_modules/base64id' ]
41 silly reify mark retired [ '/data/node_modules/body-parser' ]
42 silly reify mark retired [ '/data/node_modules/bytes' ]
43 silly reify mark retired [ '/data/node_modules/call-bind-apply-helpers' ]
44 silly reify mark retired [ '/data/node_modules/call-bound' ]
45 silly reify mark retired [ '/data/node_modules/chart.js' ]
46 silly reify mark retired [ '/data/node_modules/chartjs-adapter-luxon' ]
47 silly reify mark retired [ '/data/node_modules/combined-stream' ]
48 silly reify mark retired [ '/data/node_modules/commander' ]
49 silly reify mark retired [ '/data/node_modules/content-disposition' ]
50 silly reify mark retired [ '/data/node_modules/content-type' ]
51 silly reify mark retired [ '/data/node_modules/cookie' ]
52 silly reify mark retired [ '/data/node_modules/cookie-signature' ]
53 silly reify mark retired [ '/data/node_modules/core-js' ]
54 silly reify mark retired [ '/data/node_modules/cors' ]
55 silly reify mark retired [ '/data/node_modules/csstype' ]
56 silly reify mark retired [ '/data/node_modules/d3' ]
57 silly reify mark retired [ '/data/node_modules/d3-array' ]
58 silly reify mark retired [ '/data/node_modules/d3-axis' ]
59 silly reify mark retired [ '/data/node_modules/d3-brush' ]
60 silly reify mark retired [ '/data/node_modules/d3-chord' ]
61 silly reify mark retired [ '/data/node_modules/d3-color' ]
62 silly reify mark retired [ '/data/node_modules/d3-contour' ]
63 silly reify mark retired [ '/data/node_modules/d3-delaunay' ]
64 silly reify mark retired [ '/data/node_modules/d3-dispatch' ]
65 silly reify mark retired [ '/data/node_modules/d3-drag' ]
66 silly reify mark retired [
66 silly reify   '/data/node_modules/d3-dsv',
66 silly reify   '/data/node_modules/.bin/csv2json',
66 silly reify   '/data/node_modules/.bin/csv2tsv',
66 silly reify   '/data/node_modules/.bin/dsv2dsv',
66 silly reify   '/data/node_modules/.bin/dsv2json',
66 silly reify   '/data/node_modules/.bin/json2csv',
66 silly reify   '/data/node_modules/.bin/json2dsv',
66 silly reify   '/data/node_modules/.bin/json2tsv',
66 silly reify   '/data/node_modules/.bin/tsv2csv',
66 silly reify   '/data/node_modules/.bin/tsv2json'
66 silly reify ]
67 silly reify mark retired [ '/data/node_modules/d3-ease' ]
68 silly reify mark retired [ '/data/node_modules/d3-fetch' ]
69 silly reify mark retired [ '/data/node_modules/d3-force' ]
70 silly reify mark retired [ '/data/node_modules/d3-format' ]
71 silly reify mark retired [ '/data/node_modules/d3-geo' ]
72 silly reify mark retired [ '/data/node_modules/d3-hierarchy' ]
73 silly reify mark retired [ '/data/node_modules/d3-interpolate' ]
74 silly reify mark retired [ '/data/node_modules/d3-path' ]
75 silly reify mark retired [ '/data/node_modules/d3-polygon' ]
76 silly reify mark retired [ '/data/node_modules/d3-quadtree' ]
77 silly reify mark retired [ '/data/node_modules/d3-random' ]
78 silly reify mark retired [ '/data/node_modules/d3-scale' ]
79 silly reify mark retired [ '/data/node_modules/d3-scale-chromatic' ]
80 silly reify mark retired [ '/data/node_modules/d3-selection' ]
81 silly reify mark retired [ '/data/node_modules/d3-shape' ]
82 silly reify mark retired [ '/data/node_modules/d3-time' ]
83 silly reify mark retired [ '/data/node_modules/d3-time-format' ]
84 silly reify mark retired [ '/data/node_modules/d3-timer' ]
85 silly reify mark retired [ '/data/node_modules/d3-transition' ]
86 silly reify mark retired [ '/data/node_modules/d3-zoom' ]
87 silly reify mark retired [ '/data/node_modules/debug' ]
88 silly reify mark retired [ '/data/node_modules/delaunator' ]
89 silly reify mark retired [ '/data/node_modules/delayed-stream' ]
90 silly reify mark retired [ '/data/node_modules/depd' ]
91 silly reify mark retired [ '/data/node_modules/destroy' ]
92 silly reify mark retired [ '/data/node_modules/dunder-proto' ]
93 silly reify mark retired [ '/data/node_modules/ee-first' ]
94 silly reify mark retired [ '/data/node_modules/encodeurl' ]
95 silly reify mark retired [ '/data/node_modules/engine.io' ]
96 silly reify mark retired [ '/data/node_modules/engine.io-parser' ]
97 silly reify mark retired [ '/data/node_modules/entities' ]
98 silly reify mark retired [ '/data/node_modules/es-define-property' ]
99 silly reify mark retired [ '/data/node_modules/es-errors' ]
100 silly reify mark retired [ '/data/node_modules/es-object-atoms' ]
101 silly reify mark retired [ '/data/node_modules/es-set-tostringtag' ]
102 silly reify mark retired [ '/data/node_modules/escape-html' ]
103 silly reify mark retired [
103 silly reify   '/data/node_modules/escodegen',
103 silly reify   '/data/node_modules/.bin/escodegen',
103 silly reify   '/data/node_modules/.bin/esgenerate'
103 silly reify ]
104 silly reify mark retired [
104 silly reify   '/data/node_modules/esprima',
104 silly reify   '/data/node_modules/.bin/esparse',
104 silly reify   '/data/node_modules/.bin/esvalidate'
104 silly reify ]
105 silly reify mark retired [ '/data/node_modules/estraverse' ]
106 silly reify mark retired [ '/data/node_modules/estree-walker' ]
107 silly reify mark retired [ '/data/node_modules/esutils' ]
108 silly reify mark retired [ '/data/node_modules/etag' ]
109 silly reify mark retired [ '/data/node_modules/express' ]
110 silly reify mark retired [ '/data/node_modules/finalhandler' ]
111 silly reify mark retired [ '/data/node_modules/follow-redirects' ]
112 silly reify mark retired [ '/data/node_modules/form-data' ]
113 silly reify mark retired [ '/data/node_modules/forwarded' ]
114 silly reify mark retired [ '/data/node_modules/fresh' ]
115 silly reify mark retired [ '/data/node_modules/function-bind' ]
116 silly reify mark retired [ '/data/node_modules/get-intrinsic' ]
117 silly reify mark retired [ '/data/node_modules/get-proto' ]
118 silly reify mark retired [ '/data/node_modules/gopd' ]
119 silly reify mark retired [ '/data/node_modules/has-symbols' ]
120 silly reify mark retired [ '/data/node_modules/has-tostringtag' ]
121 silly reify mark retired [ '/data/node_modules/hasown' ]
122 silly reify mark retired [ '/data/node_modules/http-errors' ]
123 silly reify mark retired [ '/data/node_modules/iconv-lite' ]
124 silly reify mark retired [ '/data/node_modules/inherits' ]
125 silly reify mark retired [ '/data/node_modules/internmap' ]
126 silly reify mark retired [ '/data/node_modules/ipaddr.js' ]
127 silly reify mark retired [ '/data/node_modules/luxon' ]
128 silly reify mark retired [ '/data/node_modules/magic-string' ]
129 silly reify mark retired [ '/data/node_modules/math-intrinsics' ]
130 silly reify mark retired [ '/data/node_modules/media-typer' ]
131 silly reify mark retired [ '/data/node_modules/merge-descriptors' ]
132 silly reify mark retired [ '/data/node_modules/methods' ]
133 silly reify mark retired [ '/data/node_modules/mime', '/data/node_modules/.bin/mime' ]
134 silly reify mark retired [ '/data/node_modules/mime-types' ]
135 silly reify mark retired [ '/data/node_modules/ms' ]
136 silly reify mark retired [ '/data/node_modules/nanoid', '/data/node_modules/.bin/nanoid' ]
137 silly reify mark retired [ '/data/node_modules/object-assign' ]
138 silly reify mark retired [ '/data/node_modules/object-inspect' ]
139 silly reify mark retired [ '/data/node_modules/on-finished' ]
140 silly reify mark retired [ '/data/node_modules/parseurl' ]
141 silly reify mark retired [ '/data/node_modules/path-to-regexp' ]
142 silly reify mark retired [ '/data/node_modules/picocolors' ]
143 silly reify mark retired [ '/data/node_modules/postcss' ]
144 silly reify mark retired [ '/data/node_modules/proxy-addr' ]
145 silly reify mark retired [ '/data/node_modules/proxy-from-env' ]
146 silly reify mark retired [ '/data/node_modules/qs' ]
147 silly reify mark retired [ '/data/node_modules/range-parser' ]
148 silly reify mark retired [ '/data/node_modules/raw-body' ]
149 silly reify mark retired [ '/data/node_modules/robust-predicates' ]
150 silly reify mark retired [ '/data/node_modules/rw' ]
151 silly reify mark retired [ '/data/node_modules/safe-buffer' ]
152 silly reify mark retired [ '/data/node_modules/safer-buffer' ]
153 silly reify mark retired [ '/data/node_modules/send' ]
154 silly reify mark retired [ '/data/node_modules/serve-static' ]
155 silly reify mark retired [ '/data/node_modules/setprototypeof' ]
156 silly reify mark retired [ '/data/node_modules/side-channel' ]
157 silly reify mark retired [ '/data/node_modules/side-channel-list' ]
158 silly reify mark retired [ '/data/node_modules/side-channel-map' ]
159 silly reify mark retired [ '/data/node_modules/side-channel-weakmap' ]
160 silly reify mark retired [ '/data/node_modules/socket.io' ]
161 silly reify mark retired [ '/data/node_modules/socket.io-adapter' ]
162 silly reify mark retired [ '/data/node_modules/socket.io-parser' ]
163 silly reify mark retired [ '/data/node_modules/source-map' ]
164 silly reify mark retired [ '/data/node_modules/source-map-js' ]
165 silly reify mark retired [ '/data/node_modules/statuses' ]
166 silly reify mark retired [ '/data/node_modules/toidentifier' ]
167 silly reify mark retired [ '/data/node_modules/type-is' ]
168 silly reify mark retired [ '/data/node_modules/undici-types' ]
169 silly reify mark retired [ '/data/node_modules/unpipe' ]
170 silly reify mark retired [ '/data/node_modules/utils-merge' ]
171 silly reify mark retired [ '/data/node_modules/vary' ]
172 silly reify mark retired [ '/data/node_modules/vue' ]
173 silly reify mark retired [ '/data/node_modules/ws' ]
174 silly reify moves {
174 silly reify   '/data/node_modules/@babel/helper-string-parser': '/data/node_modules/@babel/.helper-string-parser-H4pVhzV5',
174 silly reify   '/data/node_modules/@babel/helper-validator-identifier': '/data/node_modules/@babel/.helper-validator-identifier-65lMf8A3',
174 silly reify   '/data/node_modules/@babel/parser': '/data/node_modules/@babel/.parser-6D3MqtRH',
174 silly reify   '/data/node_modules/.bin/parser': '/data/node_modules/.bin/.parser-UyDbWgpa',
174 silly reify   '/data/node_modules/@babel/types': '/data/node_modules/@babel/.types-5mqlBHXV',
174 silly reify   '/data/node_modules/@flowfuse/node-red-dashboard': '/data/node_modules/@flowfuse/.node-red-dashboard-HpBEdVjM',
174 silly reify   '/data/node_modules/@jridgewell/sourcemap-codec': '/data/node_modules/@jridgewell/.sourcemap-codec-IBcvRAu8',
174 silly reify   '/data/node_modules/@kurkle/color': '/data/node_modules/@kurkle/.color-IwENiDjO',
174 silly reify   '/data/node_modules/@socket.io/component-emitter': '/data/node_modules/@socket.io/.component-emitter-F8WSV040',
174 silly reify   '/data/node_modules/@types/cookie': '/data/node_modules/@types/.cookie-rPlp9sd9',
174 silly reify   '/data/node_modules/@types/cors': '/data/node_modules/@types/.cors-c84k8yab',
174 silly reify   '/data/node_modules/@types/node': '/data/node_modules/@types/.node-hhfaj4BM',
174 silly reify   '/data/node_modules/@vue/compiler-core': '/data/node_modules/@vue/.compiler-core-9Rz6pRsw',
174 silly reify   '/data/node_modules/@vue/compiler-dom': '/data/node_modules/@vue/.compiler-dom-bUJ2EqeE',
174 silly reify   '/data/node_modules/@vue/compiler-sfc': '/data/node_modules/@vue/.compiler-sfc-pMfrE6Dh',
174 silly reify   '/data/node_modules/@vue/compiler-ssr': '/data/node_modules/@vue/.compiler-ssr-urKUMzSy',
174 silly reify   '/data/node_modules/@vue/reactivity': '/data/node_modules/@vue/.reactivity-s4KBj6kB',
174 silly reify   '/data/node_modules/@vue/runtime-core': '/data/node_modules/@vue/.runtime-core-vttDPbRo',
174 silly reify   '/data/node_modules/@vue/runtime-dom': '/data/node_modules/@vue/.runtime-dom-E6fqLSVG',
174 silly reify   '/data/node_modules/@vue/server-renderer': '/data/node_modules/@vue/.server-renderer-qG4eoyy7',
174 silly reify   '/data/node_modules/@vue/shared': '/data/node_modules/@vue/.shared-9q1JFpPt',
174 silly reify   '/data/node_modules/accepts': '/data/node_modules/.accepts-wBc4iRst',
174 silly reify   '/data/node_modules/acorn': '/data/node_modules/.acorn-cD9ZHKC5',
174 silly reify   '/data/node_modules/.bin/acorn': '/data/node_modules/.bin/.acorn-IivZOz2L',
174 silly reify   '/data/node_modules/array-flatten': '/data/node_modules/.array-flatten-jRT3Ov0V',
174 silly reify   '/data/node_modules/asynckit': '/data/node_modules/.asynckit-fWfEfcP5',
174 silly reify   '/data/node_modules/axios': '/data/node_modules/.axios-zQJ0VzMj',
174 silly reify   '/data/node_modules/base64id': '/data/node_modules/.base64id-fDEbPIUd',
174 silly reify   '/data/node_modules/body-parser': '/data/node_modules/.body-parser-1dal0C7Q',
174 silly reify   '/data/node_modules/bytes': '/data/node_modules/.bytes-M6S4GHrH',
174 silly reify   '/data/node_modules/call-bind-apply-helpers': '/data/node_modules/.call-bind-apply-helpers-tgniXrFt',
174 silly reify   '/data/node_modules/call-bound': '/data/node_modules/.call-bound-9wgF2ur3',
174 silly reify   '/data/node_modules/chart.js': '/data/node_modules/.chart.js-b1YZAtPt',
174 silly reify   '/data/node_modules/chartjs-adapter-luxon': '/data/node_modules/.chartjs-adapter-luxon-uu0u7Hf3',
174 silly reify   '/data/node_modules/combined-stream': '/data/node_modules/.combined-stream-0zmoVf8j',
174 silly reify   '/data/node_modules/commander': '/data/node_modules/.commander-JPBnCpEB',
174 silly reify   '/data/node_modules/content-disposition': '/data/node_modules/.content-disposition-cjaFwGrN',
174 silly reify   '/data/node_modules/content-type': '/data/node_modules/.content-type-Z4IPiXBU',
174 silly reify   '/data/node_modules/cookie': '/data/node_modules/.cookie-w3IRwdDP',
174 silly reify   '/data/node_modules/cookie-signature': '/data/node_modules/.cookie-signature-6Ic0u8tq',
174 silly reify   '/data/node_modules/core-js': '/data/node_modules/.core-js-uC7tynRy',
174 silly reify   '/data/node_modules/cors': '/data/node_modules/.cors-e19gZQ79',
174 silly reify   '/data/node_modules/csstype': '/data/node_modules/.csstype-CJPprcLF',
174 silly reify   '/data/node_modules/d3': '/data/node_modules/.d3-PtxMI2rB',
174 silly reify   '/data/node_modules/d3-array': '/data/node_modules/.d3-array-cyanlasS',
174 silly reify   '/data/node_modules/d3-axis': '/data/node_modules/.d3-axis-2rHgsUhz',
174 silly reify   '/data/node_modules/d3-brush': '/data/node_modules/.d3-brush-CTRfvIVh',
174 silly reify   '/data/node_modules/d3-chord': '/data/node_modules/.d3-chord-2W4Tr5Gv',
174 silly reify   '/data/node_modules/d3-color': '/data/node_modules/.d3-color-WWZlF53W',
174 silly reify   '/data/node_modules/d3-contour': '/data/node_modules/.d3-contour-kSLfHwC2',
174 silly reify   '/data/node_modules/d3-delaunay': '/data/node_modules/.d3-delaunay-9OyMtdEe',
174 silly reify   '/data/node_modules/d3-dispatch': '/data/node_modules/.d3-dispatch-d3VZxrKa',
174 silly reify   '/data/node_modules/d3-drag': '/data/node_modules/.d3-drag-R7GfRdhM',
174 silly reify   '/data/node_modules/d3-dsv': '/data/node_modules/.d3-dsv-7O7b77Ae',
174 silly reify   '/data/node_modules/.bin/csv2json': '/data/node_modules/.bin/.csv2json-CdoZDnv3',
174 silly reify   '/data/node_modules/.bin/csv2tsv': '/data/node_modules/.bin/.csv2tsv-bNrbqRVg',
174 silly reify   '/data/node_modules/.bin/dsv2dsv': '/data/node_modules/.bin/.dsv2dsv-RcwMrmHn',
174 silly reify   '/data/node_modules/.bin/dsv2json': '/data/node_modules/.bin/.dsv2json-6tBb1aWr',
174 silly reify   '/data/node_modules/.bin/json2csv': '/data/node_modules/.bin/.json2csv-JflRnriJ',
174 silly reify   '/data/node_modules/.bin/json2dsv': '/data/node_modules/.bin/.json2dsv-maUOkfUP',
174 silly reify   '/data/node_modules/.bin/json2tsv': '/data/node_modules/.bin/.json2tsv-PTwT1YUD',
174 silly reify   '/data/node_modules/.bin/tsv2csv': '/data/node_modules/.bin/.tsv2csv-uOou8dyg',
174 silly reify   '/data/node_modules/.bin/tsv2json': '/data/node_modules/.bin/.tsv2json-KWXiEzMp',
174 silly reify   '/data/node_modules/d3-ease': '/data/node_modules/.d3-ease-8ogq86FN',
174 silly reify   '/data/node_modules/d3-fetch': '/data/node_modules/.d3-fetch-hOB33yBu',
174 silly reify   '/data/node_modules/d3-force': '/data/node_modules/.d3-force-xZTRwq6s',
174 silly reify   '/data/node_modules/d3-format': '/data/node_modules/.d3-format-2XYpF0OY',
174 silly reify   '/data/node_modules/d3-geo': '/data/node_modules/.d3-geo-sfPzWXzB',
174 silly reify   '/data/node_modules/d3-hierarchy': '/data/node_modules/.d3-hierarchy-KwD0RPRe',
174 silly reify   '/data/node_modules/d3-interpolate': '/data/node_modules/.d3-interpolate-8YPTwBTF',
174 silly reify   '/data/node_modules/d3-path': '/data/node_modules/.d3-path-0pUCjy56',
174 silly reify   '/data/node_modules/d3-polygon': '/data/node_modules/.d3-polygon-HQQqf9el',
174 silly reify   '/data/node_modules/d3-quadtree': '/data/node_modules/.d3-quadtree-roQ9uwY9',
174 silly reify   '/data/node_modules/d3-random': '/data/node_modules/.d3-random-9ymtpWLd',
174 silly reify   '/data/node_modules/d3-scale': '/data/node_modules/.d3-scale-2ccY3aYX',
174 silly reify   '/data/node_modules/d3-scale-chromatic': '/data/node_modules/.d3-scale-chromatic-PfxK3LtN',
174 silly reify   '/data/node_modules/d3-selection': '/data/node_modules/.d3-selection-bLHu2fuF',
174 silly reify   '/data/node_modules/d3-shape': '/data/node_modules/.d3-shape-B2RXypy1',
174 silly reify   '/data/node_modules/d3-time': '/data/node_modules/.d3-time-w4nacAnj',
174 silly reify   '/data/node_modules/d3-time-format': '/data/node_modules/.d3-time-format-NMG9ICBv',
174 silly reify   '/data/node_modules/d3-timer': '/data/node_modules/.d3-timer-puAqLrFC',
174 silly reify   '/data/node_modules/d3-transition': '/data/node_modules/.d3-transition-XIckfYaB',
174 silly reify   '/data/node_modules/d3-zoom': '/data/node_modules/.d3-zoom-NXMD6dhp',
174 silly reify   '/data/node_modules/debug': '/data/node_modules/.debug-oMLg6EQG',
174 silly reify   '/data/node_modules/delaunator': '/data/node_modules/.delaunator-EGDj4RIE',
174 silly reify   '/data/node_modules/delayed-stream': '/data/node_modules/.delayed-stream-RwPyxr6p',
174 silly reify   '/data/node_modules/depd': '/data/node_modules/.depd-zkDgBuSy',
174 silly reify   '/data/node_modules/destroy': '/data/node_modules/.destroy-DaaHXRIJ',
174 silly reify   '/data/node_modules/dunder-proto': '/data/node_modules/.dunder-proto-Q8sTm0ki',
174 silly reify   '/data/node_modules/ee-first': '/data/node_modules/.ee-first-aF2jQpGN',
174 silly reify   '/data/node_modules/encodeurl': '/data/node_modules/.encodeurl-TqVuQPlc',
174 silly reify   '/data/node_modules/engine.io': '/data/node_modules/.engine.io-A0yD1XTu',
174 silly reify   '/data/node_modules/engine.io-parser': '/data/node_modules/.engine.io-parser-FXeX7bsL',
174 silly reify   '/data/node_modules/entities': '/data/node_modules/.entities-3aUmZoHF',
174 silly reify   '/data/node_modules/es-define-property': '/data/node_modules/.es-define-property-IEVHdp4Z',
174 silly reify   '/data/node_modules/es-errors': '/data/node_modules/.es-errors-2sMHs2CU',
174 silly reify   '/data/node_modules/es-object-atoms': '/data/node_modules/.es-object-atoms-CvCWAMFj',
174 silly reify   '/data/node_modules/es-set-tostringtag': '/data/node_modules/.es-set-tostringtag-9MaL3Dve',
174 silly reify   '/data/node_modules/escape-html': '/data/node_modules/.escape-html-bkh4Mzs5',
174 silly reify   '/data/node_modules/escodegen': '/data/node_modules/.escodegen-o5zuiV0h',
174 silly reify   '/data/node_modules/.bin/escodegen': '/data/node_modules/.bin/.escodegen-bwYuGNG6',
174 silly reify   '/data/node_modules/.bin/esgenerate': '/data/node_modules/.bin/.esgenerate-TXIYPEWl',
174 silly reify   '/data/node_modules/esprima': '/data/node_modules/.esprima-L6qq6aLG',
174 silly reify   '/data/node_modules/.bin/esparse': '/data/node_modules/.bin/.esparse-ezVhmHLC',
174 silly reify   '/data/node_modules/.bin/esvalidate': '/data/node_modules/.bin/.esvalidate-keH9Df9E',
174 silly reify   '/data/node_modules/estraverse': '/data/node_modules/.estraverse-w5bm9D9w',
174 silly reify   '/data/node_modules/estree-walker': '/data/node_modules/.estree-walker-PyzuUCMp',
174 silly reify   '/data/node_modules/esutils': '/data/node_modules/.esutils-e4OmO6ys',
174 silly reify   '/data/node_modules/etag': '/data/node_modules/.etag-8npKUd2v',
174 silly reify   '/data/node_modules/express': '/data/node_modules/.express-RyDi9jNn',
174 silly reify   '/data/node_modules/finalhandler': '/data/node_modules/.finalhandler-yKd9FddX',
174 silly reify   '/data/node_modules/follow-redirects': '/data/node_modules/.follow-redirects-A0Z0RHjx',
174 silly reify   '/data/node_modules/form-data': '/data/node_modules/.form-data-VxlkrdGS',
174 silly reify   '/data/node_modules/forwarded': '/data/node_modules/.forwarded-Ou3CwnRK',
174 silly reify   '/data/node_modules/fresh': '/data/node_modules/.fresh-RJOrLJey',
174 silly reify   '/data/node_modules/function-bind': '/data/node_modules/.function-bind-8LMoDvai',
174 silly reify   '/data/node_modules/get-intrinsic': '/data/node_modules/.get-intrinsic-y5kFVvYI',
174 silly reify   '/data/node_modules/get-proto': '/data/node_modules/.get-proto-l2byuRli',
174 silly reify   '/data/node_modules/gopd': '/data/node_modules/.gopd-mT5X6yfP',
174 silly reify   '/data/node_modules/has-symbols': '/data/node_modules/.has-symbols-6o5YgQnL',
174 silly reify   '/data/node_modules/has-tostringtag': '/data/node_modules/.has-tostringtag-udI1voPK',
174 silly reify   '/data/node_modules/hasown': '/data/node_modules/.hasown-7vUUDMas',
174 silly reify   '/data/node_modules/http-errors': '/data/node_modules/.http-errors-bq0rSNtB',
174 silly reify   '/data/node_modules/iconv-lite': '/data/node_modules/.iconv-lite-MMpGM8zk',
174 silly reify   '/data/node_modules/inherits': '/data/node_modules/.inherits-IFktovJP',
174 silly reify   '/data/node_modules/internmap': '/data/node_modules/.internmap-3cJqWjsz',
174 silly reify   '/data/node_modules/ipaddr.js': '/data/node_modules/.ipaddr.js-J2gGYEs7',
174 silly reify   '/data/node_modules/luxon': '/data/node_modules/.luxon-qz0Vcnst',
174 silly reify   '/data/node_modules/magic-string': '/data/node_modules/.magic-string-quibwSs4',
174 silly reify   '/data/node_modules/math-intrinsics': '/data/node_modules/.math-intrinsics-fi0YAEMp',
174 silly reify   '/data/node_modules/media-typer': '/data/node_modules/.media-typer-6hsDClwy',
174 silly reify   '/data/node_modules/merge-descriptors': '/data/node_modules/.merge-descriptors-NoMuszI0',
174 silly reify   '/data/node_modules/methods': '/data/node_modules/.methods-wJV5EsXa',
174 silly reify   '/data/node_modules/mime': '/data/node_modules/.mime-8INyOFlQ',
174 silly reify   '/data/node_modules/.bin/mime': '/data/node_modules/.bin/.mime-LWvk3NlW',
174 silly reify   '/data/node_modules/mime-types': '/data/node_modules/.mime-types-Cid6PBHG',
174 silly reify   '/data/node_modules/ms': '/data/node_modules/.ms-g1irmAFT',
174 silly reify   '/data/node_modules/nanoid': '/data/node_modules/.nanoid-L9UPicAa',
174 silly reify   '/data/node_modules/.bin/nanoid': '/data/node_modules/.bin/.nanoid-fNP0g3Ds',
174 silly reify   '/data/node_modules/object-assign': '/data/node_modules/.object-assign-NdxoQHnr',
174 silly reify   '/data/node_modules/object-inspect': '/data/node_modules/.object-inspect-geCx57bY',
174 silly reify   '/data/node_modules/on-finished': '/data/node_modules/.on-finished-mlalqELa',
174 silly reify   '/data/node_modules/parseurl': '/data/node_modules/.parseurl-GvgWE43y',
174 silly reify   '/data/node_modules/path-to-regexp': '/data/node_modules/.path-to-regexp-EnAnEo98',
174 silly reify   '/data/node_modules/picocolors': '/data/node_modules/.picocolors-xFAis9xc',
174 silly reify   '/data/node_modules/postcss': '/data/node_modules/.postcss-7W5anpNd',
174 silly reify   '/data/node_modules/proxy-addr': '/data/node_modules/.proxy-addr-afPAeVfK',
174 silly reify   '/data/node_modules/proxy-from-env': '/data/node_modules/.proxy-from-env-QIsPg7Bq',
174 silly reify   '/data/node_modules/qs': '/data/node_modules/.qs-t2ewpGYR',
174 silly reify   '/data/node_modules/range-parser': '/data/node_modules/.range-parser-aUXfT6TX',
174 silly reify   '/data/node_modules/raw-body': '/data/node_modules/.raw-body-jcg4Dah6',
174 silly reify   '/data/node_modules/robust-predicates': '/data/node_modules/.robust-predicates-6fszSb6o',
174 silly reify   '/data/node_modules/rw': '/data/node_modules/.rw-Ms8fp9d4',
174 silly reify   '/data/node_modules/safe-buffer': '/data/node_modules/.safe-buffer-RhdIW9jy',
174 silly reify   '/data/node_modules/safer-buffer': '/data/node_modules/.safer-buffer-aAdgwKtH',
174 silly reify   '/data/node_modules/send': '/data/node_modules/.send-kLk4ic9X',
174 silly reify   '/data/node_modules/serve-static': '/data/node_modules/.serve-static-e5j26kZG',
174 silly reify   '/data/node_modules/setprototypeof': '/data/node_modules/.setprototypeof-AMKn7p8t',
174 silly reify   '/data/node_modules/side-channel': '/data/node_modules/.side-channel-UuWWjaWY',
174 silly reify   '/data/node_modules/side-channel-list': '/data/node_modules/.side-channel-list-Xvl0I2r0',
174 silly reify   '/data/node_modules/side-channel-map': '/data/node_modules/.side-channel-map-0ahIv0ql',
174 silly reify   '/data/node_modules/side-channel-weakmap': '/data/node_modules/.side-channel-weakmap-CWavPK5F',
174 silly reify   '/data/node_modules/socket.io': '/data/node_modules/.socket.io-BXSdiCZL',
174 silly reify   '/data/node_modules/socket.io-adapter': '/data/node_modules/.socket.io-adapter-pXd1DJl7',
174 silly reify   '/data/node_modules/socket.io-parser': '/data/node_modules/.socket.io-parser-fLCn01HF',
174 silly reify   '/data/node_modules/source-map': '/data/node_modules/.source-map-pKl1iUwT',
174 silly reify   '/data/node_modules/source-map-js': '/data/node_modules/.source-map-js-domxs7k0',
174 silly reify   '/data/node_modules/statuses': '/data/node_modules/.statuses-LMf9VOPu',
174 silly reify   '/data/node_modules/toidentifier': '/data/node_modules/.toidentifier-SvGyt6Rq',
174 silly reify   '/data/node_modules/type-is': '/data/node_modules/.type-is-WfCmT1xx',
174 silly reify   '/data/node_modules/undici-types': '/data/node_modules/.undici-types-N38lcTrn',
174 silly reify   '/data/node_modules/unpipe': '/data/node_modules/.unpipe-hEYDEWxS',
174 silly reify   '/data/node_modules/utils-merge': '/data/node_modules/.utils-merge-m5n5po0m',
174 silly reify   '/data/node_modules/vary': '/data/node_modules/.vary-hU1J2ePp',
174 silly reify   '/data/node_modules/vue': '/data/node_modules/.vue-i4YtCCd3',
174 silly reify   '/data/node_modules/ws': '/data/node_modules/.ws-B5PabsSn'
174 silly reify }
175 silly REMOVE node_modules/ws
176 silly REMOVE node_modules/vue
177 silly REMOVE node_modules/vary
178 silly REMOVE node_modules/utils-merge
179 silly REMOVE node_modules/unpipe
180 silly REMOVE node_modules/undici-types
181 silly REMOVE node_modules/type-is
182 silly REMOVE node_modules/toidentifier
183 silly REMOVE node_modules/statuses
184 silly REMOVE node_modules/source-map-js
185 silly REMOVE node_modules/source-map
186 silly REMOVE node_modules/socket.io-parser
187 silly REMOVE node_modules/socket.io-parser/node_modules/ms
188 silly REMOVE node_modules/socket.io-parser/node_modules/debug
189 silly REMOVE node_modules/socket.io-adapter
190 silly REMOVE node_modules/socket.io-adapter/node_modules/ms
191 silly REMOVE node_modules/socket.io-adapter/node_modules/debug
192 silly REMOVE node_modules/socket.io
193 silly REMOVE node_modules/socket.io/node_modules/ms
194 silly REMOVE node_modules/socket.io/node_modules/debug
195 silly REMOVE node_modules/side-channel-weakmap
196 silly REMOVE node_modules/side-channel-map
197 silly REMOVE node_modules/side-channel-list
198 silly REMOVE node_modules/side-channel
199 silly REMOVE node_modules/setprototypeof
200 silly REMOVE node_modules/serve-static
201 silly REMOVE node_modules/send
202 silly REMOVE node_modules/send/node_modules/ms
203 silly REMOVE node_modules/send/node_modules/encodeurl
204 silly REMOVE node_modules/safer-buffer
205 silly REMOVE node_modules/safe-buffer
206 silly REMOVE node_modules/rw
207 silly REMOVE node_modules/robust-predicates
208 silly REMOVE node_modules/raw-body
209 silly REMOVE node_modules/raw-body/node_modules/iconv-lite
210 silly REMOVE node_modules/range-parser
211 silly REMOVE node_modules/qs
212 silly REMOVE node_modules/proxy-from-env
213 silly REMOVE node_modules/proxy-addr
214 silly REMOVE node_modules/postcss
215 silly REMOVE node_modules/picocolors
216 silly REMOVE node_modules/path-to-regexp
217 silly REMOVE node_modules/parseurl
218 silly REMOVE node_modules/on-finished
219 silly REMOVE node_modules/object-inspect
220 silly REMOVE node_modules/object-assign
221 silly REMOVE node_modules/nanoid
222 silly REMOVE node_modules/ms
223 silly REMOVE node_modules/mime-types
224 silly REMOVE node_modules/mime-types/node_modules/mime-db
225 silly REMOVE node_modules/mime
226 silly REMOVE node_modules/methods
227 silly REMOVE node_modules/merge-descriptors
228 silly REMOVE node_modules/media-typer
229 silly REMOVE node_modules/math-intrinsics
230 silly REMOVE node_modules/magic-string
231 silly REMOVE node_modules/luxon
232 silly REMOVE node_modules/ipaddr.js
233 silly REMOVE node_modules/internmap
234 silly REMOVE node_modules/inherits
235 silly REMOVE node_modules/iconv-lite
236 silly REMOVE node_modules/http-errors
237 silly REMOVE node_modules/hasown
238 silly REMOVE node_modules/has-tostringtag
239 silly REMOVE node_modules/has-symbols
240 silly REMOVE node_modules/gopd
241 silly REMOVE node_modules/get-proto
242 silly REMOVE node_modules/get-intrinsic
243 silly REMOVE node_modules/function-bind
244 silly REMOVE node_modules/fresh
245 silly REMOVE node_modules/forwarded
246 silly REMOVE node_modules/form-data
247 silly REMOVE node_modules/follow-redirects
248 silly REMOVE node_modules/finalhandler
249 silly REMOVE node_modules/express
250 silly REMOVE node_modules/express/node_modules/cookie
251 silly REMOVE node_modules/etag
252 silly REMOVE node_modules/esutils
253 silly REMOVE node_modules/estree-walker
254 silly REMOVE node_modules/estraverse
255 silly REMOVE node_modules/esprima
256 silly REMOVE node_modules/escodegen
257 silly REMOVE node_modules/escape-html
258 silly REMOVE node_modules/es-set-tostringtag
259 silly REMOVE node_modules/es-object-atoms
260 silly REMOVE node_modules/es-errors
261 silly REMOVE node_modules/es-define-property
262 silly REMOVE node_modules/entities
263 silly REMOVE node_modules/engine.io-parser
264 silly REMOVE node_modules/engine.io
265 silly REMOVE node_modules/engine.io/node_modules/ms
266 silly REMOVE node_modules/engine.io/node_modules/debug
267 silly REMOVE node_modules/encodeurl
268 silly REMOVE node_modules/ee-first
269 silly REMOVE node_modules/dunder-proto
270 silly REMOVE node_modules/destroy
271 silly REMOVE node_modules/depd
272 silly REMOVE node_modules/delayed-stream
273 silly REMOVE node_modules/delaunator
274 silly REMOVE node_modules/debug
275 silly REMOVE node_modules/d3-zoom
276 silly REMOVE node_modules/d3-transition
277 silly REMOVE node_modules/d3-timer
278 silly REMOVE node_modules/d3-time-format
279 silly REMOVE node_modules/d3-time
280 silly REMOVE node_modules/d3-shape
281 silly REMOVE node_modules/d3-selection
282 silly REMOVE node_modules/d3-scale-chromatic
283 silly REMOVE node_modules/d3-scale
284 silly REMOVE node_modules/d3-random
285 silly REMOVE node_modules/d3-quadtree
286 silly REMOVE node_modules/d3-polygon
287 silly REMOVE node_modules/d3-path
288 silly REMOVE node_modules/d3-interpolate
289 silly REMOVE node_modules/d3-hierarchy
290 silly REMOVE node_modules/d3-geo
291 silly REMOVE node_modules/d3-format
292 silly REMOVE node_modules/d3-force
293 silly REMOVE node_modules/d3-fetch
294 silly REMOVE node_modules/d3-ease
295 silly REMOVE node_modules/d3-dsv
296 silly REMOVE node_modules/d3-drag
297 silly REMOVE node_modules/d3-dispatch
298 silly REMOVE node_modules/d3-delaunay
299 silly REMOVE node_modules/d3-contour
300 silly REMOVE node_modules/d3-color
301 silly REMOVE node_modules/d3-chord
302 silly REMOVE node_modules/d3-brush
303 silly REMOVE node_modules/d3-axis
304 silly REMOVE node_modules/d3-array
305 silly REMOVE node_modules/d3
306 silly REMOVE node_modules/csstype
307 silly REMOVE node_modules/cors
308 silly REMOVE node_modules/core-js
309 silly REMOVE node_modules/cookie-signature
310 silly REMOVE node_modules/cookie
311 silly REMOVE node_modules/content-type
312 silly REMOVE node_modules/content-disposition
313 silly REMOVE node_modules/commander
314 silly REMOVE node_modules/combined-stream
315 silly REMOVE node_modules/chartjs-adapter-luxon
316 silly REMOVE node_modules/chart.js
317 silly REMOVE node_modules/call-bound
318 silly REMOVE node_modules/call-bind-apply-helpers
319 silly REMOVE node_modules/bytes
320 silly REMOVE node_modules/body-parser
321 silly REMOVE node_modules/body-parser/node_modules/iconv-lite
322 silly REMOVE node_modules/base64id
323 silly REMOVE node_modules/axios
324 silly REMOVE node_modules/asynckit
325 silly REMOVE node_modules/array-flatten
326 silly REMOVE node_modules/acorn
327 silly REMOVE node_modules/accepts
328 silly REMOVE node_modules/accepts/node_modules/negotiator
329 silly REMOVE node_modules/@vue/shared
330 silly REMOVE node_modules/@vue/server-renderer
331 silly REMOVE node_modules/@vue/runtime-dom
332 silly REMOVE node_modules/@vue/runtime-core
333 silly REMOVE node_modules/@vue/reactivity
334 silly REMOVE node_modules/@vue/compiler-ssr
335 silly REMOVE node_modules/@vue/compiler-sfc
336 silly REMOVE node_modules/@vue/compiler-dom
337 silly REMOVE node_modules/@vue/compiler-core
338 silly REMOVE node_modules/@types/node
339 silly REMOVE node_modules/@types/cors
340 silly REMOVE node_modules/@types/cookie
341 silly REMOVE node_modules/@socket.io/component-emitter
342 silly REMOVE node_modules/@kurkle/color
343 silly REMOVE node_modules/@jridgewell/sourcemap-codec
344 silly REMOVE node_modules/@flowfuse/node-red-dashboard
345 silly REMOVE node_modules/@babel/types
346 silly REMOVE node_modules/@babel/parser
347 silly REMOVE node_modules/@babel/helper-validator-identifier
348 silly REMOVE node_modules/@babel/helper-string-parser
349 verbose cwd /data
350 verbose os Linux 6.6.51+rpt-rpi-v8
351 verbose node v20.18.0
352 verbose npm  v10.8.2
353 verbose exit 0
354 info ok
