0 verbose cli /usr/local/bin/node /usr/local/bin/npm
1 info using npm@10.8.2
2 info using node@v20.18.0
3 silly config load:file:/usr/local/lib/node_modules/npm/npmrc
4 silly config load:file:/data/.npmrc
5 silly config load:file:/usr/src/node-red/.npmrc
6 silly config load:file:/usr/local/etc/npmrc
7 verbose title npm remove node-red-dashboard
8 verbose argv "remove" "--no-audit" "--no-update-notifier" "--no-fund" "--save" "node-red-dashboard"
9 verbose logfile logs-max:10 dir:/data/.npm/_logs/2025-03-31T17_38_22_426Z-
10 verbose logfile /data/.npm/_logs/2025-03-31T17_38_22_426Z-debug-0.log
11 silly packumentCache heap:2038431744 maxSize:509607936 maxEntrySize:254803968
12 silly logfile start cleaning logs, removing 1 files
13 silly logfile done cleaning log files
14 silly idealTree buildDeps
15 silly reify mark retired [ '/data/node_modules/compressible' ]
16 silly reify mark retired [ '/data/node_modules/compression' ]
17 silly reify mark retired [ '/data/node_modules/gridstack' ]
18 silly reify mark retired [ '/data/node_modules/jquery' ]
19 silly reify mark retired [ '/data/node_modules/mime-db' ]
20 silly reify mark retired [ '/data/node_modules/negotiator' ]
21 silly reify mark retired [ '/data/node_modules/node-red-dashboard' ]
22 silly reify mark retired [ '/data/node_modules/on-headers' ]
23 silly reify moves {
23 silly reify   '/data/node_modules/compressible': '/data/node_modules/.compressible-60RmNxZN',
23 silly reify   '/data/node_modules/compression': '/data/node_modules/.compression-dOvaEpz8',
23 silly reify   '/data/node_modules/gridstack': '/data/node_modules/.gridstack-RXsWsjrW',
23 silly reify   '/data/node_modules/jquery': '/data/node_modules/.jquery-KXcqBnmR',
23 silly reify   '/data/node_modules/mime-db': '/data/node_modules/.mime-db-Bc7q22S9',
23 silly reify   '/data/node_modules/negotiator': '/data/node_modules/.negotiator-k7G8Mi8G',
23 silly reify   '/data/node_modules/node-red-dashboard': '/data/node_modules/.node-red-dashboard-nLdcNL8A',
23 silly reify   '/data/node_modules/on-headers': '/data/node_modules/.on-headers-RRm6SgPY'
23 silly reify }
24 silly REMOVE node_modules/on-headers
25 silly REMOVE node_modules/node-red-dashboard
26 silly REMOVE node_modules/negotiator
27 silly REMOVE node_modules/mime-db
28 silly REMOVE node_modules/jquery
29 silly REMOVE node_modules/gridstack
30 silly REMOVE node_modules/compression
31 silly REMOVE node_modules/compressible
32 verbose cwd /data
33 verbose os Linux 6.6.51+rpt-rpi-v8
34 verbose node v20.18.0
35 verbose npm  v10.8.2
36 verbose exit 0
37 info ok
