0 verbose cli /usr/local/bin/node /usr/local/bin/npm
1 info using npm@10.8.2
2 info using node@v20.18.0
3 silly config load:file:/usr/local/lib/node_modules/npm/npmrc
4 silly config load:file:/data/.npmrc
5 silly config load:file:/usr/src/node-red/.npmrc
6 silly config load:file:/usr/local/etc/npmrc
7 verbose title npm install @flowfuse/node-red-dashboard-2-ui-led@1.1.0
8 verbose argv "install" "--no-audit" "--no-update-notifier" "--no-fund" "--save" "--save-prefix" "~" "--omit" "dev" "--engine-strict" "@flowfuse/node-red-dashboard-2-ui-led@1.1.0"
9 verbose logfile logs-max:10 dir:/data/.npm/_logs/2025-03-31T17_31_08_874Z-
10 verbose logfile /data/.npm/_logs/2025-03-31T17_31_08_874Z-debug-0.log
11 silly packumentCache heap:2038431744 maxSize:509607936 maxEntrySize:254803968
12 silly logfile done cleaning log files
13 silly idealTree buildDeps
14 silly fetch manifest @flowfuse/node-red-dashboard-2-ui-led@1.1.0
15 silly packumentCache full:https://registry.npmjs.org/@flowfuse%2fnode-red-dashboard-2-ui-led cache-miss
16 http fetch GET 200 https://registry.npmjs.org/@flowfuse%2fnode-red-dashboard-2-ui-led 1776ms (cache miss)
17 silly packumentCache full:https://registry.npmjs.org/@flowfuse%2fnode-red-dashboard-2-ui-led set size:undefined disposed:false
18 silly placeDep ROOT @flowfuse/node-red-dashboard-2-ui-led@1.1.0 OK for: node-red-project@0.0.1 want: 1.1.0
19 silly fetch manifest to-title-case@^1.0.0
20 silly packumentCache full:https://registry.npmjs.org/to-title-case cache-miss
21 silly fetch manifest vue@^3.3.8
22 silly packumentCache full:https://registry.npmjs.org/vue cache-miss
23 silly fetch manifest vuex@^4.1.0
24 silly packumentCache full:https://registry.npmjs.org/vuex cache-miss
25 http fetch GET 200 https://registry.npmjs.org/to-title-case 109ms (cache miss)
26 silly packumentCache full:https://registry.npmjs.org/to-title-case set size:undefined disposed:false
27 http fetch GET 200 https://registry.npmjs.org/vuex 218ms (cache miss)
28 silly packumentCache full:https://registry.npmjs.org/vuex set size:undefined disposed:false
29 http fetch GET 200 https://registry.npmjs.org/vue 281ms (cache miss)
30 silly packumentCache full:https://registry.npmjs.org/vue set size:undefined disposed:false
31 silly fetch manifest typescript@*
32 silly packumentCache full:https://registry.npmjs.org/typescript cache-miss
33 http fetch GET 200 https://registry.npmjs.org/typescript 554ms (cache miss)
34 silly packumentCache full:https://registry.npmjs.org/typescript set size:undefined disposed:false
35 silly placeDep ROOT to-title-case@1.0.0 OK for: @flowfuse/node-red-dashboard-2-ui-led@1.1.0 want: ^1.0.0
36 silly placeDep ROOT vue@3.5.13 OK for: @flowfuse/node-red-dashboard-2-ui-led@1.1.0 want: ^3.3.8
37 silly placeDep ROOT vuex@4.1.0 OK for: @flowfuse/node-red-dashboard-2-ui-led@1.1.0 want: ^4.1.0
38 silly fetch manifest escape-regexp-component@^1.0.2
39 silly packumentCache full:https://registry.npmjs.org/escape-regexp-component cache-miss
40 silly fetch manifest title-case-minors@^1.0.0
41 silly packumentCache full:https://registry.npmjs.org/title-case-minors cache-miss
42 silly fetch manifest to-capital-case@^1.0.0
43 silly packumentCache full:https://registry.npmjs.org/to-capital-case cache-miss
44 http fetch GET 200 https://registry.npmjs.org/escape-regexp-component 95ms (cache miss)
45 silly packumentCache full:https://registry.npmjs.org/escape-regexp-component set size:undefined disposed:false
46 silly fetch manifest to-sentence-case@^1.0.0
47 silly packumentCache full:https://registry.npmjs.org/to-sentence-case cache-miss
48 http fetch GET 200 https://registry.npmjs.org/title-case-minors 106ms (cache miss)
49 silly packumentCache full:https://registry.npmjs.org/title-case-minors set size:undefined disposed:false
50 silly fetch manifest @vue/shared@3.5.13
51 silly packumentCache full:https://registry.npmjs.org/@vue%2fshared cache-miss
52 http fetch GET 200 https://registry.npmjs.org/to-capital-case 115ms (cache miss)
53 silly packumentCache full:https://registry.npmjs.org/to-capital-case set size:undefined disposed:false
54 silly fetch manifest @vue/runtime-dom@3.5.13
55 silly packumentCache full:https://registry.npmjs.org/@vue%2fruntime-dom cache-miss
56 http fetch GET 200 https://registry.npmjs.org/to-sentence-case 77ms (cache miss)
57 silly packumentCache full:https://registry.npmjs.org/to-sentence-case set size:undefined disposed:false
58 silly fetch manifest @vue/compiler-dom@3.5.13
59 silly packumentCache full:https://registry.npmjs.org/@vue%2fcompiler-dom cache-miss
60 http fetch GET 200 https://registry.npmjs.org/@vue%2fruntime-dom 110ms (cache miss)
61 silly packumentCache full:https://registry.npmjs.org/@vue%2fruntime-dom set size:undefined disposed:false
62 silly fetch manifest @vue/compiler-sfc@3.5.13
63 silly packumentCache full:https://registry.npmjs.org/@vue%2fcompiler-sfc cache-miss
64 http fetch GET 200 https://registry.npmjs.org/@vue%2fcompiler-dom 120ms (cache miss)
65 silly packumentCache full:https://registry.npmjs.org/@vue%2fcompiler-dom set size:undefined disposed:false
66 silly fetch manifest @vue/server-renderer@3.5.13
67 silly packumentCache full:https://registry.npmjs.org/@vue%2fserver-renderer cache-miss
68 http fetch GET 200 https://registry.npmjs.org/@vue%2fcompiler-sfc 112ms (cache miss)
69 silly packumentCache full:https://registry.npmjs.org/@vue%2fcompiler-sfc set size:undefined disposed:false
70 silly fetch manifest @vue/devtools-api@^6.0.0-beta.11
71 silly packumentCache full:https://registry.npmjs.org/@vue%2fdevtools-api cache-miss
72 http fetch GET 200 https://registry.npmjs.org/@vue%2fserver-renderer 119ms (cache miss)
73 silly packumentCache full:https://registry.npmjs.org/@vue%2fserver-renderer set size:undefined disposed:false
74 http fetch GET 200 https://registry.npmjs.org/@vue%2fdevtools-api 124ms (cache miss)
75 silly packumentCache full:https://registry.npmjs.org/@vue%2fdevtools-api set size:undefined disposed:false
76 http fetch GET 200 https://registry.npmjs.org/@vue%2fshared 650ms (cache miss)
77 silly packumentCache full:https://registry.npmjs.org/@vue%2fshared set size:undefined disposed:false
78 silly placeDep ROOT escape-regexp-component@1.0.2 OK for: to-title-case@1.0.0 want: ^1.0.2
79 silly placeDep ROOT title-case-minors@1.0.0 OK for: to-title-case@1.0.0 want: ^1.0.0
80 silly placeDep ROOT to-capital-case@1.0.0 OK for: to-title-case@1.0.0 want: ^1.0.0
81 silly placeDep ROOT to-sentence-case@1.0.0 OK for: to-title-case@1.0.0 want: ^1.0.0
82 silly fetch manifest to-space-case@^1.0.0
83 silly packumentCache full:https://registry.npmjs.org/to-space-case cache-miss
84 silly fetch manifest to-no-case@^1.0.0
85 silly packumentCache full:https://registry.npmjs.org/to-no-case cache-miss
86 http fetch GET 200 https://registry.npmjs.org/to-space-case 58ms (cache miss)
87 silly packumentCache full:https://registry.npmjs.org/to-space-case set size:undefined disposed:false
88 http fetch GET 200 https://registry.npmjs.org/to-no-case 60ms (cache miss)
89 silly packumentCache full:https://registry.npmjs.org/to-no-case set size:undefined disposed:false
90 silly placeDep ROOT to-space-case@1.0.0 OK for: to-capital-case@1.0.0 want: ^1.0.0
91 silly placeDep ROOT to-no-case@1.0.2 OK for: to-sentence-case@1.0.0 want: ^1.0.0
92 silly fetch manifest vue@3.5.13
93 silly packumentCache full:https://registry.npmjs.org/vue cache-miss
94 http fetch GET 200 https://registry.npmjs.org/vue 34ms (cache hit)
95 silly packumentCache full:https://registry.npmjs.org/vue set size:1901536 disposed:false
96 silly placeDep ROOT @vue/compiler-dom@3.5.13 OK for: vue@3.5.13 want: 3.5.13
97 silly placeDep ROOT @vue/compiler-sfc@3.5.13 OK for: vue@3.5.13 want: 3.5.13
98 silly placeDep ROOT @vue/runtime-dom@3.5.13 OK for: vue@3.5.13 want: 3.5.13
99 silly placeDep ROOT @vue/server-renderer@3.5.13 OK for: vue@3.5.13 want: 3.5.13
100 silly placeDep ROOT @vue/shared@3.5.13 OK for: vue@3.5.13 want: 3.5.13
101 silly fetch manifest @vue/compiler-core@3.5.13
102 silly packumentCache full:https://registry.npmjs.org/@vue%2fcompiler-core cache-miss
103 silly fetch manifest postcss@^8.4.48
104 silly packumentCache full:https://registry.npmjs.org/postcss cache-miss
105 silly fetch manifest magic-string@^0.30.11
106 silly packumentCache full:https://registry.npmjs.org/magic-string cache-miss
107 http fetch GET 200 https://registry.npmjs.org/magic-string 87ms (cache miss)
108 silly packumentCache full:https://registry.npmjs.org/magic-string set size:undefined disposed:false
109 silly fetch manifest @babel/parser@^7.25.3
110 silly packumentCache full:https://registry.npmjs.org/@babel%2fparser cache-miss
111 http fetch GET 200 https://registry.npmjs.org/postcss 137ms (cache miss)
112 silly packumentCache full:https://registry.npmjs.org/postcss set size:undefined disposed:false
113 silly fetch manifest estree-walker@^2.0.2
114 silly packumentCache full:https://registry.npmjs.org/estree-walker cache-miss
115 http fetch GET 200 https://registry.npmjs.org/@vue%2fcompiler-core 236ms (cache miss)
116 silly packumentCache full:https://registry.npmjs.org/@vue%2fcompiler-core set size:undefined disposed:false
117 silly fetch manifest source-map-js@^1.2.0
118 silly packumentCache full:https://registry.npmjs.org/source-map-js cache-miss
119 http fetch GET 200 https://registry.npmjs.org/estree-walker 102ms (cache miss)
120 silly packumentCache full:https://registry.npmjs.org/estree-walker set size:undefined disposed:false
121 silly fetch manifest @vue/compiler-ssr@3.5.13
122 silly packumentCache full:https://registry.npmjs.org/@vue%2fcompiler-ssr cache-miss
123 http fetch GET 200 https://registry.npmjs.org/@babel%2fparser 174ms (cache miss)
124 silly packumentCache full:https://registry.npmjs.org/@babel%2fparser set size:undefined disposed:false
125 silly fetch manifest csstype@^3.1.3
126 silly packumentCache full:https://registry.npmjs.org/csstype cache-miss
127 http fetch GET 200 https://registry.npmjs.org/source-map-js 70ms (cache miss)
128 silly packumentCache full:https://registry.npmjs.org/source-map-js set size:undefined disposed:false
129 silly fetch manifest @vue/reactivity@3.5.13
130 silly packumentCache full:https://registry.npmjs.org/@vue%2freactivity cache-miss
131 http fetch GET 200 https://registry.npmjs.org/csstype 98ms (cache miss)
132 silly packumentCache full:https://registry.npmjs.org/csstype set size:undefined disposed:false
133 silly fetch manifest @vue/runtime-core@3.5.13
134 silly packumentCache full:https://registry.npmjs.org/@vue%2fruntime-core cache-miss
135 http fetch GET 200 https://registry.npmjs.org/@vue%2fcompiler-ssr 149ms (cache miss)
136 silly packumentCache full:https://registry.npmjs.org/@vue%2fcompiler-ssr set size:undefined disposed:false
137 http fetch GET 200 https://registry.npmjs.org/@vue%2freactivity 160ms (cache miss)
138 silly packumentCache full:https://registry.npmjs.org/@vue%2freactivity set size:undefined disposed:false
139 http fetch GET 200 https://registry.npmjs.org/@vue%2fruntime-core 140ms (cache miss)
140 silly packumentCache full:https://registry.npmjs.org/@vue%2fruntime-core set size:undefined disposed:false
141 silly placeDep ROOT @vue/compiler-core@3.5.13 OK for: @vue/compiler-dom@3.5.13 want: 3.5.13
142 silly fetch manifest entities@^4.5.0
143 silly packumentCache full:https://registry.npmjs.org/entities cache-miss
144 http fetch GET 200 https://registry.npmjs.org/entities 48ms (cache miss)
145 silly packumentCache full:https://registry.npmjs.org/entities set size:undefined disposed:false
146 silly placeDep ROOT @babel/parser@7.27.0 OK for: @vue/compiler-core@3.5.13 want: ^7.25.3
147 silly placeDep ROOT entities@4.5.0 OK for: @vue/compiler-core@3.5.13 want: ^4.5.0
148 silly placeDep ROOT estree-walker@2.0.2 OK for: @vue/compiler-core@3.5.13 want: ^2.0.2
149 silly placeDep ROOT source-map-js@1.2.1 OK for: @vue/compiler-core@3.5.13 want: ^1.2.0
150 silly fetch manifest @babel/types@^7.27.0
151 silly packumentCache full:https://registry.npmjs.org/@babel%2ftypes cache-miss
152 http fetch GET 200 https://registry.npmjs.org/@babel%2ftypes 79ms (cache miss)
153 silly packumentCache full:https://registry.npmjs.org/@babel%2ftypes set size:undefined disposed:false
154 silly placeDep ROOT @babel/types@7.27.0 OK for: @babel/parser@7.27.0 want: ^7.27.0
155 silly fetch manifest @babel/helper-string-parser@^7.25.9
156 silly packumentCache full:https://registry.npmjs.org/@babel%2fhelper-string-parser cache-miss
157 silly fetch manifest @babel/helper-validator-identifier@^7.25.9
158 silly packumentCache full:https://registry.npmjs.org/@babel%2fhelper-validator-identifier cache-miss
159 http fetch GET 200 https://registry.npmjs.org/@babel%2fhelper-string-parser 76ms (cache miss)
160 silly packumentCache full:https://registry.npmjs.org/@babel%2fhelper-string-parser set size:undefined disposed:false
161 http fetch GET 200 https://registry.npmjs.org/@babel%2fhelper-validator-identifier 77ms (cache miss)
162 silly packumentCache full:https://registry.npmjs.org/@babel%2fhelper-validator-identifier set size:undefined disposed:false
163 silly placeDep ROOT @babel/helper-string-parser@7.25.9 OK for: @babel/types@7.27.0 want: ^7.25.9
164 silly placeDep ROOT @babel/helper-validator-identifier@7.25.9 OK for: @babel/types@7.27.0 want: ^7.25.9
165 silly placeDep ROOT @vue/compiler-ssr@3.5.13 OK for: @vue/compiler-sfc@3.5.13 want: 3.5.13
166 silly placeDep ROOT magic-string@0.30.17 OK for: @vue/compiler-sfc@3.5.13 want: ^0.30.11
167 silly placeDep ROOT postcss@8.5.3 OK for: @vue/compiler-sfc@3.5.13 want: ^8.4.48
168 silly fetch manifest @jridgewell/sourcemap-codec@^1.5.0
169 silly packumentCache full:https://registry.npmjs.org/@jridgewell%2fsourcemap-codec cache-miss
170 silly fetch manifest nanoid@^3.3.8
171 silly packumentCache full:https://registry.npmjs.org/nanoid cache-miss
172 silly fetch manifest picocolors@^1.1.1
173 silly packumentCache full:https://registry.npmjs.org/picocolors cache-miss
174 http fetch GET 200 https://registry.npmjs.org/picocolors 69ms (cache miss)
175 silly packumentCache full:https://registry.npmjs.org/picocolors set size:undefined disposed:false
176 http fetch GET 200 https://registry.npmjs.org/nanoid 84ms (cache miss)
177 silly packumentCache full:https://registry.npmjs.org/nanoid set size:undefined disposed:false
178 http fetch GET 200 https://registry.npmjs.org/@jridgewell%2fsourcemap-codec 106ms (cache miss)
179 silly packumentCache full:https://registry.npmjs.org/@jridgewell%2fsourcemap-codec set size:undefined disposed:false
180 silly placeDep ROOT @vue/reactivity@3.5.13 OK for: @vue/runtime-dom@3.5.13 want: 3.5.13
181 silly placeDep ROOT @vue/runtime-core@3.5.13 OK for: @vue/runtime-dom@3.5.13 want: 3.5.13
182 silly placeDep ROOT csstype@3.1.3 OK for: @vue/runtime-dom@3.5.13 want: ^3.1.3
183 silly placeDep ROOT @jridgewell/sourcemap-codec@1.5.0 OK for: magic-string@0.30.17 want: ^1.5.0
184 silly placeDep ROOT nanoid@3.3.11 OK for: postcss@8.5.3 want: ^3.3.8
185 silly placeDep ROOT picocolors@1.1.1 OK for: postcss@8.5.3 want: ^1.1.1
186 silly placeDep ROOT @vue/devtools-api@6.6.4 OK for: vuex@4.1.0 want: ^6.0.0-beta.11
187 silly reify moves {}
188 silly tarball no local data for @vue/devtools-api@https://registry.npmjs.org/@vue/devtools-api/-/devtools-api-6.6.4.tgz. Extracting by manifest.
189 silly tarball no local data for picocolors@https://registry.npmjs.org/picocolors/-/picocolors-1.1.1.tgz. Extracting by manifest.
190 silly tarball no local data for nanoid@https://registry.npmjs.org/nanoid/-/nanoid-3.3.11.tgz. Extracting by manifest.
191 silly tarball no local data for @vue/reactivity@https://registry.npmjs.org/@vue/reactivity/-/reactivity-3.5.13.tgz. Extracting by manifest.
192 silly tarball no local data for postcss@https://registry.npmjs.org/postcss/-/postcss-8.5.3.tgz. Extracting by manifest.
193 silly tarball no local data for @vue/compiler-ssr@https://registry.npmjs.org/@vue/compiler-ssr/-/compiler-ssr-3.5.13.tgz. Extracting by manifest.
194 silly tarball no local data for magic-string@https://registry.npmjs.org/magic-string/-/magic-string-0.30.17.tgz. Extracting by manifest.
195 silly tarball no local data for @babel/helper-validator-identifier@https://registry.npmjs.org/@babel/helper-validator-identifier/-/helper-validator-identifier-7.25.9.tgz. Extracting by manifest.
196 silly tarball no local data for @babel/helper-string-parser@https://registry.npmjs.org/@babel/helper-string-parser/-/helper-string-parser-7.25.9.tgz. Extracting by manifest.
197 silly tarball no local data for @babel/types@https://registry.npmjs.org/@babel/types/-/types-7.27.0.tgz. Extracting by manifest.
198 silly tarball no local data for source-map-js@https://registry.npmjs.org/source-map-js/-/source-map-js-1.2.1.tgz. Extracting by manifest.
199 silly tarball no local data for estree-walker@https://registry.npmjs.org/estree-walker/-/estree-walker-2.0.2.tgz. Extracting by manifest.
200 silly tarball no local data for entities@https://registry.npmjs.org/entities/-/entities-4.5.0.tgz. Extracting by manifest.
201 silly tarball no local data for @babel/parser@https://registry.npmjs.org/@babel/parser/-/parser-7.27.0.tgz. Extracting by manifest.
202 silly tarball no local data for @jridgewell/sourcemap-codec@https://registry.npmjs.org/@jridgewell/sourcemap-codec/-/sourcemap-codec-1.5.0.tgz. Extracting by manifest.
203 silly tarball no local data for @vue/shared@https://registry.npmjs.org/@vue/shared/-/shared-3.5.13.tgz. Extracting by manifest.
204 silly tarball no local data for @vue/server-renderer@https://registry.npmjs.org/@vue/server-renderer/-/server-renderer-3.5.13.tgz. Extracting by manifest.
205 silly tarball no local data for csstype@https://registry.npmjs.org/csstype/-/csstype-3.1.3.tgz. Extracting by manifest.
206 silly tarball no local data for @vue/runtime-core@https://registry.npmjs.org/@vue/runtime-core/-/runtime-core-3.5.13.tgz. Extracting by manifest.
207 silly tarball no local data for @vue/compiler-dom@https://registry.npmjs.org/@vue/compiler-dom/-/compiler-dom-3.5.13.tgz. Extracting by manifest.
208 silly tarball no local data for to-no-case@https://registry.npmjs.org/to-no-case/-/to-no-case-1.0.2.tgz. Extracting by manifest.
209 silly tarball no local data for to-space-case@https://registry.npmjs.org/to-space-case/-/to-space-case-1.0.0.tgz. Extracting by manifest.
210 silly tarball no local data for to-sentence-case@https://registry.npmjs.org/to-sentence-case/-/to-sentence-case-1.0.0.tgz. Extracting by manifest.
211 silly tarball no local data for @vue/compiler-sfc@https://registry.npmjs.org/@vue/compiler-sfc/-/compiler-sfc-3.5.13.tgz. Extracting by manifest.
212 silly tarball no local data for title-case-minors@https://registry.npmjs.org/title-case-minors/-/title-case-minors-1.0.0.tgz. Extracting by manifest.
213 silly tarball no local data for @vue/compiler-core@https://registry.npmjs.org/@vue/compiler-core/-/compiler-core-3.5.13.tgz. Extracting by manifest.
214 silly tarball no local data for @vue/runtime-dom@https://registry.npmjs.org/@vue/runtime-dom/-/runtime-dom-3.5.13.tgz. Extracting by manifest.
215 silly tarball no local data for vue@https://registry.npmjs.org/vue/-/vue-3.5.13.tgz. Extracting by manifest.
216 silly tarball no local data for to-title-case@https://registry.npmjs.org/to-title-case/-/to-title-case-1.0.0.tgz. Extracting by manifest.
217 silly tarball no local data for to-capital-case@https://registry.npmjs.org/to-capital-case/-/to-capital-case-1.0.0.tgz. Extracting by manifest.
218 silly tarball no local data for escape-regexp-component@https://registry.npmjs.org/escape-regexp-component/-/escape-regexp-component-1.0.2.tgz. Extracting by manifest.
219 silly tarball no local data for vuex@https://registry.npmjs.org/vuex/-/vuex-4.1.0.tgz. Extracting by manifest.
220 silly tarball no local data for @flowfuse/node-red-dashboard-2-ui-led@https://registry.npmjs.org/@flowfuse/node-red-dashboard-2-ui-led/-/node-red-dashboard-2-ui-led-1.1.0.tgz. Extracting by manifest.
221 http fetch GET 200 https://registry.npmjs.org/@vue/devtools-api/-/devtools-api-6.6.4.tgz 1212ms (cache miss)
222 http fetch GET 200 https://registry.npmjs.org/nanoid/-/nanoid-3.3.11.tgz 1243ms (cache miss)
223 http fetch GET 200 https://registry.npmjs.org/picocolors/-/picocolors-1.1.1.tgz 1275ms (cache miss)
224 http fetch GET 200 https://registry.npmjs.org/@vue/shared/-/shared-3.5.13.tgz 1253ms (cache miss)
225 http fetch GET 200 https://registry.npmjs.org/to-space-case/-/to-space-case-1.0.0.tgz 1242ms (cache miss)
226 http fetch GET 200 https://registry.npmjs.org/to-no-case/-/to-no-case-1.0.2.tgz 1257ms (cache miss)
227 http fetch GET 200 https://registry.npmjs.org/to-sentence-case/-/to-sentence-case-1.0.0.tgz 1274ms (cache miss)
228 http fetch GET 200 https://registry.npmjs.org/to-capital-case/-/to-capital-case-1.0.0.tgz 1258ms (cache miss)
229 http fetch GET 200 https://registry.npmjs.org/escape-regexp-component/-/escape-regexp-component-1.0.2.tgz 1260ms (cache miss)
230 http fetch GET 200 https://registry.npmjs.org/title-case-minors/-/title-case-minors-1.0.0.tgz 1291ms (cache miss)
231 http fetch GET 200 https://registry.npmjs.org/to-title-case/-/to-title-case-1.0.0.tgz 1289ms (cache miss)
232 http fetch GET 200 https://registry.npmjs.org/@vue/compiler-ssr/-/compiler-ssr-3.5.13.tgz 1418ms (cache miss)
233 http fetch GET 200 https://registry.npmjs.org/@babel/helper-string-parser/-/helper-string-parser-7.25.9.tgz 1431ms (cache miss)
234 http fetch GET 200 https://registry.npmjs.org/@babel/helper-validator-identifier/-/helper-validator-identifier-7.25.9.tgz 1536ms (cache miss)
235 http fetch GET 200 https://registry.npmjs.org/@vue/server-renderer/-/server-renderer-3.5.13.tgz 1575ms (cache miss)
236 http fetch GET 200 https://registry.npmjs.org/@jridgewell/sourcemap-codec/-/sourcemap-codec-1.5.0.tgz 1599ms (cache miss)
237 http fetch GET 200 https://registry.npmjs.org/vuex/-/vuex-4.1.0.tgz 1577ms (cache miss)
238 http fetch GET 200 https://registry.npmjs.org/estree-walker/-/estree-walker-2.0.2.tgz 1663ms (cache miss)
239 http fetch GET 200 https://registry.npmjs.org/@flowfuse/node-red-dashboard-2-ui-led/-/node-red-dashboard-2-ui-led-1.1.0.tgz 1659ms (cache miss)
240 http fetch GET 200 https://registry.npmjs.org/source-map-js/-/source-map-js-1.2.1.tgz 1759ms (cache miss)
241 http fetch GET 200 https://registry.npmjs.org/@vue/compiler-dom/-/compiler-dom-3.5.13.tgz 1766ms (cache miss)
242 http fetch GET 200 https://registry.npmjs.org/@vue/runtime-core/-/runtime-core-3.5.13.tgz 1772ms (cache miss)
243 http fetch GET 200 https://registry.npmjs.org/magic-string/-/magic-string-0.30.17.tgz 1855ms (cache miss)
244 http fetch GET 200 https://registry.npmjs.org/@vue/reactivity/-/reactivity-3.5.13.tgz 1898ms (cache miss)
245 http fetch GET 200 https://registry.npmjs.org/csstype/-/csstype-3.1.3.tgz 1910ms (cache miss)
246 http fetch GET 200 https://registry.npmjs.org/@vue/compiler-core/-/compiler-core-3.5.13.tgz 1912ms (cache miss)
247 http fetch GET 200 https://registry.npmjs.org/postcss/-/postcss-8.5.3.tgz 1997ms (cache miss)
248 http fetch GET 200 https://registry.npmjs.org/@vue/runtime-dom/-/runtime-dom-3.5.13.tgz 1974ms (cache miss)
249 http fetch GET 200 https://registry.npmjs.org/entities/-/entities-4.5.0.tgz 2055ms (cache miss)
250 http fetch GET 200 https://registry.npmjs.org/@babel/parser/-/parser-7.27.0.tgz 2136ms (cache miss)
251 http fetch GET 200 https://registry.npmjs.org/vue/-/vue-3.5.13.tgz 2134ms (cache miss)
252 http fetch GET 200 https://registry.npmjs.org/@vue/compiler-sfc/-/compiler-sfc-3.5.13.tgz 2153ms (cache miss)
253 http fetch GET 200 https://registry.npmjs.org/@babel/types/-/types-7.27.0.tgz 2300ms (cache miss)
254 silly ADD node_modules/@vue/devtools-api
255 silly ADD node_modules/picocolors
256 silly ADD node_modules/nanoid
257 silly ADD node_modules/@jridgewell/sourcemap-codec
258 silly ADD node_modules/csstype
259 silly ADD node_modules/@vue/runtime-core
260 silly ADD node_modules/@vue/reactivity
261 silly ADD node_modules/postcss
262 silly ADD node_modules/magic-string
263 silly ADD node_modules/@vue/compiler-ssr
264 silly ADD node_modules/@babel/helper-validator-identifier
265 silly ADD node_modules/@babel/helper-string-parser
266 silly ADD node_modules/@babel/types
267 silly ADD node_modules/source-map-js
268 silly ADD node_modules/estree-walker
269 silly ADD node_modules/entities
270 silly ADD node_modules/@babel/parser
271 silly ADD node_modules/@vue/compiler-core
272 silly ADD node_modules/@vue/shared
273 silly ADD node_modules/@vue/server-renderer
274 silly ADD node_modules/@vue/runtime-dom
275 silly ADD node_modules/@vue/compiler-sfc
276 silly ADD node_modules/@vue/compiler-dom
277 silly ADD node_modules/to-no-case
278 silly ADD node_modules/to-space-case
279 silly ADD node_modules/to-sentence-case
280 silly ADD node_modules/to-capital-case
281 silly ADD node_modules/title-case-minors
282 silly ADD node_modules/escape-regexp-component
283 silly ADD node_modules/vuex
284 silly ADD node_modules/vue
285 silly ADD node_modules/to-title-case
286 silly ADD node_modules/@flowfuse/node-red-dashboard-2-ui-led
287 verbose cwd /data
288 verbose os Linux 6.6.51+rpt-rpi-v8
289 verbose node v20.18.0
290 verbose npm  v10.8.2
291 verbose exit 0
292 info ok
